
================== ASTRAL ===================== 

This is ASTRAL version 5.7.3
Gene trees are treated as unrooted
246 trees read from /Users/mezzalinavankan/Documents/Astral/MarsupialsHigh/25marsupials.trs
All output trees will be *arbitrarily* rooted at Peramelidae_Isoodon_obesulus

======== Running the main analysis
Number of taxa: 40 (40 species)
Taxa: [Peramelidae_Isoodon_obesulus, Burramyidae_Burramys_parvus, Burramyidae_Cercartetus_nanus_northern, Tarsipedidae_Tarsipes_rostratus, Notoryctidae_Notoryctes_typhlops, Phascolarctidae_Phascolarctos_cinereus, Dasyuridae_Dasyurus_maculatus, Dasyuridae_Sarcophilus_harrisii, Dasyuridae_Sminthopsis_macroura, Myrmecobiidae_Myrmecobius_fasciatus, Dasyuridae_Planigale_tenuirostris, Dasyuridae_Phascogale_tapoatafa, Dasyuridae_Phascogale_calura, Dasyuridae_Antechinus_stuartii, Hypsiprymnodontidae_Hypsiprymnodon_moschatus, Phalangeridae_Trichosurus_vulpecula, Phalangeridae_Spilocuscus_maculatus, Phalangeridae_Phalanger_orientalis, Phalangeridae_Strigocuscus_pelengensis, Phalangeridae_Phalanger_carmelitae, Acrobatidae_Acrobates_pygmaeus, Pseudochiridae_Pseudocheirus_peregrinus_north, Pseudochiridae_Pseudochirulus_forbesi, Pseudochiridae_Petauroides_volans, Potoroidae_Bettongia_penicillata, Potoroidae_Bettongia_lesueur, Potoroidae_Aepyprymnus_rufescens, Macropodidae_Dorcopsulus_vanheurni, Macropodidae_Onychogalea_fraenata, Macropodidae_Wallabia_bicolor, Marmosidae_Monodelphis_domestica, Acrobatidae_Distoechurus_pennatus, Microbiotheriidae_Dromiciops_gliroides, Vombatidae_Lasiorhinus_latifrons, Vombatidae_Vombatus_ursinus, Thylacomyidae_Macrotis_lagotis, Peramelidae_Perameles_nasuta, Peramelidae_Perameles_gunnii, Peramelidae_Peroryctes_raffrayana, Peramelidae_Echymipera_kalubu]
Taxon occupancy: {Dasyuridae_Planigale_tenuirostris=246, Potoroidae_Bettongia_penicillata=246, Potoroidae_Aepyprymnus_rufescens=246, Phalangeridae_Trichosurus_vulpecula=246, Peramelidae_Echymipera_kalubu=246, Dasyuridae_Phascogale_tapoatafa=246, Phalangeridae_Spilocuscus_maculatus=246, Tarsipedidae_Tarsipes_rostratus=246, Pseudochiridae_Petauroides_volans=246, Vombatidae_Vombatus_ursinus=246, Phalangeridae_Phalanger_carmelitae=246, Phascolarctidae_Phascolarctos_cinereus=246, Peramelidae_Perameles_gunnii=246, Peramelidae_Peroryctes_raffrayana=246, Marmosidae_Monodelphis_domestica=246, Thylacomyidae_Macrotis_lagotis=246, Dasyuridae_Sminthopsis_macroura=246, Acrobatidae_Distoechurus_pennatus=246, Macropodidae_Dorcopsulus_vanheurni=246, Dasyuridae_Sarcophilus_harrisii=246, Hypsiprymnodontidae_Hypsiprymnodon_moschatus=246, Dasyuridae_Dasyurus_maculatus=246, Dasyuridae_Phascogale_calura=246, Burramyidae_Burramys_parvus=246, Macropodidae_Onychogalea_fraenata=246, Pseudochiridae_Pseudocheirus_peregrinus_north=246, Phalangeridae_Phalanger_orientalis=246, Potoroidae_Bettongia_lesueur=246, Microbiotheriidae_Dromiciops_gliroides=246, Dasyuridae_Antechinus_stuartii=246, Phalangeridae_Strigocuscus_pelengensis=246, Pseudochiridae_Pseudochirulus_forbesi=246, Macropodidae_Wallabia_bicolor=246, Peramelidae_Perameles_nasuta=246, Myrmecobiidae_Myrmecobius_fasciatus=246, Acrobatidae_Acrobates_pygmaeus=246, Vombatidae_Lasiorhinus_latifrons=246, Notoryctidae_Notoryctes_typhlops=246, Peramelidae_Isoodon_obesulus=246, Burramyidae_Cercartetus_nanus_northern=246}
Number of gene trees: 246
0 trees have missing taxa
Calculating quartet distance matrix (for completion of X)
Species tree distances calculated ...
Building set of clusters (X) from gene trees 
------------------------------
gradient0: 3539
Number of Clusters after addition by distance: 3539
calculating extra bipartitions to be added at level 1 ...
Adding to X using resolutions of greedy consensus ...
Limit for sigma of degrees:1050
polytomy size limit : 10
discarded polytomies:  [3, 3, 3, 3, 5, 5, 10]
Threshold 0.0:
Threshold 0.01:
Threshold 0.02:
Threshold 0.05:
Threshold 0.1:
polytomy of size 3; rounds with additions with at least 5 support: 0; clusters: 3539
polytomy of size 3; rounds with additions with at least 5 support: 0; clusters: 3539
Threshold 0.2:
polytomy of size 5; rounds with additions with at least 5 support: 0; clusters: 3539
polytomy of size 5; rounds with additions with at least 5 support: 0; clusters: 3539
Threshold 0.3333333333333333:
polytomy of size 3; rounds with additions with at least 5 support: 0; clusters: 3539
polytomy of size 3; rounds with additions with at least 5 support: 0; clusters: 3539
polytomy of size 10; rounds with additions with at least 5 support: 0; clusters: 3539
max k is :0
Number of Clusters after addition by greedy: 3539
gradient0 in heuristiic: 3539
partitions formed in 1.074 secs
Dynamic Programming starting after 1.074 secs
Using tree-based weight calculation.
Using polytree-based weight calculation.
Polytree max score: 22481940
Polytree building time: 0.094 seconds.
Number of quartet trees in the gene trees: 22481940
Size of largest cluster: 40
Greedy score: 15720131
estimationFactor: 1.4301369371540225
Sub-optimal score: 16029762
Total Number of elements weighted: 10176
Normalized score (portion of input quartet trees satisfied before correcting for multiple individuals): 0.7457641111042909
Optimization score: 16766224
Optimal tree inferred in 2.394 secs.
(Peramelidae_Perameles_nasuta,(Peramelidae_Perameles_gunnii,(Peramelidae_Isoodon_obesulus,((Peramelidae_Peroryctes_raffrayana,Peramelidae_Echymipera_kalubu),(Thylacomyidae_Macrotis_lagotis,(Notoryctidae_Notoryctes_typhlops,(Marmosidae_Monodelphis_domestica,((Myrmecobiidae_Myrmecobius_fasciatus,((Dasyuridae_Sminthopsis_macroura,Dasyuridae_Planigale_tenuirostris),((Dasyuridae_Dasyurus_maculatus,Dasyuridae_Sarcophilus_harrisii),(Dasyuridae_Antechinus_stuartii,(Dasyuridae_Phascogale_tapoatafa,Dasyuridae_Phascogale_calura))))),(Microbiotheriidae_Dromiciops_gliroides,((Phascolarctidae_Phascolarctos_cinereus,(Vombatidae_Lasiorhinus_latifrons,Vombatidae_Vombatus_ursinus)),(((Burramyidae_Burramys_parvus,Burramyidae_Cercartetus_nanus_northern),(Phalangeridae_Trichosurus_vulpecula,(Phalangeridae_Strigocuscus_pelengensis,(Phalangeridae_Spilocuscus_maculatus,(Phalangeridae_Phalanger_orientalis,Phalangeridae_Phalanger_carmelitae))))),(((Acrobatidae_Acrobates_pygmaeus,Acrobatidae_Distoechurus_pennatus),(Tarsipedidae_Tarsipes_rostratus,(Pseudochiridae_Petauroides_volans,(Pseudochiridae_Pseudocheirus_peregrinus_north,Pseudochiridae_Pseudochirulus_forbesi)))),(Hypsiprymnodontidae_Hypsiprymnodon_moschatus,((Potoroidae_Aepyprymnus_rufescens,(Potoroidae_Bettongia_penicillata,Potoroidae_Bettongia_lesueur)),(Macropodidae_Onychogalea_fraenata,(Macropodidae_Dorcopsulus_vanheurni,Macropodidae_Wallabia_bicolor))))))))))))))));
Final quartet score is: 16766224
Final normalized quartet score is: 0.7457641111042909
(Peramelidae_Isoodon_obesulus,(((Peramelidae_Peroryctes_raffrayana,Peramelidae_Echymipera_kalubu)1:0.25390391377524574,(Thylacomyidae_Macrotis_lagotis,(Notoryctidae_Notoryctes_typhlops,(Marmosidae_Monodelphis_domestica,((Myrmecobiidae_Myrmecobius_fasciatus,((Dasyuridae_Sminthopsis_macroura,Dasyuridae_Planigale_tenuirostris)1:0.39860609392678287,((Dasyuridae_Dasyurus_maculatus,Dasyuridae_Sarcophilus_harrisii)1:1.3518454366272625,(Dasyuridae_Antechinus_stuartii,(Dasyuridae_Phascogale_tapoatafa,Dasyuridae_Phascogale_calura)1:1.166285161994164)1:0.8958249012818637)1:0.5904862938457038)1:0.9254577473823083)1:2.4328066753597914,(Microbiotheriidae_Dromiciops_gliroides,((Phascolarctidae_Phascolarctos_cinereus,(Vombatidae_Lasiorhinus_latifrons,Vombatidae_Vombatus_ursinus)1:2.0581146169856472)1:1.2358213777966538,(((Burramyidae_Burramys_parvus,Burramyidae_Cercartetus_nanus_northern)1:0.45563550297402455,(Phalangeridae_Trichosurus_vulpecula,(Phalangeridae_Strigocuscus_pelengensis,(Phalangeridae_Spilocuscus_maculatus,(Phalangeridae_Phalanger_orientalis,Phalangeridae_Phalanger_carmelitae)1:0.8046174340666932)0.69:0.049182447580241984)1:0.9413268100354797)1:1.6558615378814405)1:0.20159580922325324,(((Acrobatidae_Acrobates_pygmaeus,Acrobatidae_Distoechurus_pennatus)1:1.2716121031417544,(Tarsipedidae_Tarsipes_rostratus,(Pseudochiridae_Petauroides_volans,(Pseudochiridae_Pseudocheirus_peregrinus_north,Pseudochiridae_Pseudochirulus_forbesi)1:1.144913485921385)1:0.9774611124076036)1:0.438636046652028)1:0.4617350996468148,(Hypsiprymnodontidae_Hypsiprymnodon_moschatus,((Potoroidae_Aepyprymnus_rufescens,(Potoroidae_Bettongia_penicillata,Potoroidae_Bettongia_lesueur)1:1.345870738969243)1:1.0530764871054268,(Macropodidae_Onychogalea_fraenata,(Macropodidae_Dorcopsulus_vanheurni,Macropodidae_Wallabia_bicolor)0.39:0.009841462723275452)1:1.117211187295129)1:1.1649272200422585)1:1.2148572028468005)0.86:0.0738755393204816)1:0.3547469131742668)1:0.48722598506849085)0.36:0.001913354555581441)0.67:0.0497790765651469)0.96:0.11547673971270586)1:2.904008669736386)1:1.4350964329572649)1:1.2260481105242287,(Peramelidae_Perameles_gunnii,Peramelidae_Perameles_nasuta)1:1.1726276779706346));
Weight calculation took 1.001754283 secs
ASTRAL finished in 3.829 secs
