
================== ASTRAL ===================== 

This is ASTRAL version 5.7.3
Gene trees are treated as unrooted
246 trees read from /Users/mezzalinavankan/Documents/Astral/MarsupialsHigh/R25marsupials.trs
All output trees will be *arbitrarily* rooted at Peramelidae_Isoodon_obesulus

======== Running the main analysis
Number of taxa: 40 (40 species)
Taxa: [Peramelidae_Isoodon_obesulus, Burramyidae_Burramys_parvus, Acrobatidae_Acrobates_pygmaeus, Vombatidae_Lasiorhinus_latifrons, Vombatidae_Vombatus_ursinus, Phascolarctidae_Phascolarctos_cinereus, Phalangeridae_Trichosurus_vulpecula, Phalangeridae_Spilocuscus_maculatus, Phalangeridae_Strigocuscus_pelengensis, Phalangeridae_Phalanger_orientalis, Phalangeridae_Phalanger_carmelitae, Pseudochiridae_Pseudocheirus_peregrinus_north, Pseudochiridae_Pseudochirulus_forbesi, Pseudochiridae_Petauroides_volans, Tarsipedidae_Tarsipes_rostratus, Burramyidae_Cercartetus_nanus_northern, Acrobatidae_Distoechurus_pennatus, Potoroidae_Bettongia_penicillata, Potoroidae_Bettongia_lesueur, Potoroidae_Aepyprymnus_rufescens, Macropodidae_Dorcopsulus_vanheurni, Macropodidae_Onychogalea_fraenata, Macropodidae_Wallabia_bicolor, Hypsiprymnodontidae_Hypsiprymnodon_moschatus, Marmosidae_Monodelphis_domestica, Dasyuridae_Dasyurus_maculatus, Dasyuridae_Sarcophilus_harrisii, Dasyuridae_Phascogale_tapoatafa, Dasyuridae_Phascogale_calura, Dasyuridae_Antechinus_stuartii, Dasyuridae_Sminthopsis_macroura, Dasyuridae_Planigale_tenuirostris, Myrmecobiidae_Myrmecobius_fasciatus, Notoryctidae_Notoryctes_typhlops, Microbiotheriidae_Dromiciops_gliroides, Thylacomyidae_Macrotis_lagotis, Peramelidae_Peroryctes_raffrayana, Peramelidae_Echymipera_kalubu, Peramelidae_Perameles_nasuta, Peramelidae_Perameles_gunnii]
Taxon occupancy: {Potoroidae_Bettongia_penicillata=246, Potoroidae_Aepyprymnus_rufescens=246, Dasyuridae_Planigale_tenuirostris=246, Phalangeridae_Trichosurus_vulpecula=246, Peramelidae_Echymipera_kalubu=246, Dasyuridae_Phascogale_tapoatafa=246, Phalangeridae_Spilocuscus_maculatus=246, Tarsipedidae_Tarsipes_rostratus=246, Vombatidae_Vombatus_ursinus=246, Pseudochiridae_Petauroides_volans=246, Phalangeridae_Phalanger_carmelitae=246, Phascolarctidae_Phascolarctos_cinereus=246, Peramelidae_Peroryctes_raffrayana=246, Peramelidae_Perameles_gunnii=246, Marmosidae_Monodelphis_domestica=246, Thylacomyidae_Macrotis_lagotis=246, Dasyuridae_Sminthopsis_macroura=246, Acrobatidae_Distoechurus_pennatus=246, Macropodidae_Dorcopsulus_vanheurni=246, Hypsiprymnodontidae_Hypsiprymnodon_moschatus=246, Dasyuridae_Sarcophilus_harrisii=246, Dasyuridae_Dasyurus_maculatus=246, Dasyuridae_Phascogale_calura=246, Burramyidae_Burramys_parvus=246, Macropodidae_Onychogalea_fraenata=246, Pseudochiridae_Pseudocheirus_peregrinus_north=246, Phalangeridae_Phalanger_orientalis=246, Potoroidae_Bettongia_lesueur=246, Microbiotheriidae_Dromiciops_gliroides=246, Phalangeridae_Strigocuscus_pelengensis=246, Dasyuridae_Antechinus_stuartii=246, Pseudochiridae_Pseudochirulus_forbesi=246, Macropodidae_Wallabia_bicolor=246, Peramelidae_Perameles_nasuta=246, Acrobatidae_Acrobates_pygmaeus=246, Vombatidae_Lasiorhinus_latifrons=246, Myrmecobiidae_Myrmecobius_fasciatus=246, Notoryctidae_Notoryctes_typhlops=246, Peramelidae_Isoodon_obesulus=246, Burramyidae_Cercartetus_nanus_northern=246}
Number of gene trees: 246
0 trees have missing taxa
Calculating quartet distance matrix (for completion of X)
Species tree distances calculated ...
Building set of clusters (X) from gene trees 
------------------------------
gradient0: 2631
Number of Clusters after addition by distance: 2631
calculating extra bipartitions to be added at level 1 ...
Adding to X using resolutions of greedy consensus ...
Limit for sigma of degrees:1050
polytomy size limit : 5
discarded polytomies:  [3, 3, 3, 4, 5, 5]
Threshold 0.0:
Threshold 0.01:
Threshold 0.02:
Threshold 0.05:
Threshold 0.1:
polytomy of size 3; rounds with additions with at least 5 support: 0; clusters: 2631
Threshold 0.2:
polytomy of size 3; rounds with additions with at least 5 support: 0; clusters: 2631
polytomy of size 5; rounds with additions with at least 5 support: 0; clusters: 2631
Threshold 0.3333333333333333:
polytomy of size 3; rounds with additions with at least 5 support: 0; clusters: 2631
polytomy of size 4; rounds with additions with at least 5 support: 0; clusters: 2631
polytomy of size 5; rounds with additions with at least 5 support: 0; clusters: 2631
max k is :0
Number of Clusters after addition by greedy: 2631
gradient0 in heuristiic: 2631
partitions formed in 0.89 secs
Dynamic Programming starting after 0.89 secs
Using tree-based weight calculation.
Using polytree-based weight calculation.
Polytree max score: 22481940
Polytree building time: 0.063 seconds.
Number of quartet trees in the gene trees: 22481940
Size of largest cluster: 40
Greedy score: 15999281
estimationFactor: 1.4051843954737715
Sub-optimal score: 17443116
Total Number of elements weighted: 6592
Normalized score (portion of input quartet trees satisfied before correcting for multiple individuals): 0.7876839365286092
Optimization score: 17708663
Optimal tree inferred in 1.776 secs.
(Peramelidae_Peroryctes_raffrayana,(Peramelidae_Echymipera_kalubu,((Peramelidae_Isoodon_obesulus,(Peramelidae_Perameles_nasuta,Peramelidae_Perameles_gunnii)),(Thylacomyidae_Macrotis_lagotis,(Notoryctidae_Notoryctes_typhlops,((Myrmecobiidae_Myrmecobius_fasciatus,((Dasyuridae_Sminthopsis_macroura,Dasyuridae_Planigale_tenuirostris),((Dasyuridae_Dasyurus_maculatus,Dasyuridae_Sarcophilus_harrisii),(Dasyuridae_Antechinus_stuartii,(Dasyuridae_Phascogale_tapoatafa,Dasyuridae_Phascogale_calura))))),((Marmosidae_Monodelphis_domestica,Microbiotheriidae_Dromiciops_gliroides),((Phascolarctidae_Phascolarctos_cinereus,(Vombatidae_Lasiorhinus_latifrons,Vombatidae_Vombatus_ursinus)),(((Acrobatidae_Acrobates_pygmaeus,Acrobatidae_Distoechurus_pennatus),(Tarsipedidae_Tarsipes_rostratus,(Pseudochiridae_Petauroides_volans,(Pseudochiridae_Pseudocheirus_peregrinus_north,Pseudochiridae_Pseudochirulus_forbesi)))),(((Burramyidae_Burramys_parvus,Burramyidae_Cercartetus_nanus_northern),(Phalangeridae_Trichosurus_vulpecula,(Phalangeridae_Spilocuscus_maculatus,(Phalangeridae_Strigocuscus_pelengensis,(Phalangeridae_Phalanger_orientalis,Phalangeridae_Phalanger_carmelitae))))),(Hypsiprymnodontidae_Hypsiprymnodon_moschatus,((Macropodidae_Dorcopsulus_vanheurni,(Macropodidae_Onychogalea_fraenata,Macropodidae_Wallabia_bicolor)),(Potoroidae_Aepyprymnus_rufescens,(Potoroidae_Bettongia_penicillata,Potoroidae_Bettongia_lesueur))))))))))))));
Final quartet score is: 17708663
Final normalized quartet score is: 0.7876839365286092
(Peramelidae_Isoodon_obesulus,((Peramelidae_Perameles_nasuta,Peramelidae_Perameles_gunnii)1:1.488632131063365,((Thylacomyidae_Macrotis_lagotis,(Notoryctidae_Notoryctes_typhlops,((Myrmecobiidae_Myrmecobius_fasciatus,((Dasyuridae_Sminthopsis_macroura,Dasyuridae_Planigale_tenuirostris)1:0.5621770334737244,((Dasyuridae_Dasyurus_maculatus,Dasyuridae_Sarcophilus_harrisii)1:1.688541211865701,(Dasyuridae_Antechinus_stuartii,(Dasyuridae_Phascogale_tapoatafa,Dasyuridae_Phascogale_calura)1:1.302680806218833)1:1.1079530598229033)1:0.8420973224953818)1:1.0597760701646244)1:3.351569523579555,((Marmosidae_Monodelphis_domestica,Microbiotheriidae_Dromiciops_gliroides)0.81:0.0644329115058745,((Phascolarctidae_Phascolarctos_cinereus,(Vombatidae_Lasiorhinus_latifrons,Vombatidae_Vombatus_ursinus)1:2.170929295599246)1:1.5307104848825341,(((Acrobatidae_Acrobates_pygmaeus,Acrobatidae_Distoechurus_pennatus)1:1.5788611243414228,(Tarsipedidae_Tarsipes_rostratus,(Pseudochiridae_Petauroides_volans,(Pseudochiridae_Pseudocheirus_peregrinus_north,Pseudochiridae_Pseudochirulus_forbesi)1:1.6098756928941946)1:1.1344177876783053)1:0.6847283248824844)1:0.7095843091999626,(((Burramyidae_Burramys_parvus,Burramyidae_Cercartetus_nanus_northern)1:0.6114128606711601,(Phalangeridae_Trichosurus_vulpecula,(Phalangeridae_Spilocuscus_maculatus,(Phalangeridae_Strigocuscus_pelengensis,(Phalangeridae_Phalanger_orientalis,Phalangeridae_Phalanger_carmelitae)1:0.9785340446157521)0.91:0.08682736742061269)1:1.1094867016457532)1:1.9615358292153489)1:0.27968812722700837,(Hypsiprymnodontidae_Hypsiprymnodon_moschatus,((Macropodidae_Dorcopsulus_vanheurni,(Macropodidae_Onychogalea_fraenata,Macropodidae_Wallabia_bicolor)0.63:0.046817060045216144)1:1.4493257229668906,(Potoroidae_Aepyprymnus_rufescens,(Potoroidae_Bettongia_penicillata,Potoroidae_Bettongia_lesueur)1:1.5219069199482378)1:1.5970712567968888)1:1.680088395498684)1:1.6829890600300461)0.61:0.042723079887079955)1:0.5610109418644662)1:0.684634260742874)0.75:0.055379496961747814)0.91:0.09913834810173276)1:3.331542234129065)1:1.5110527277073098,(Peramelidae_Echymipera_kalubu,Peramelidae_Peroryctes_raffrayana)1:0.3250398602743669)1:1.309558266559899));
Weight calculation took 0.646401751 secs
ASTRAL finished in 2.224 secs
