
================== ASTRAL ===================== 

This is ASTRAL version 5.7.3
Gene trees are treated as unrooted
493 trees read from /Users/mezzalinavankan/Documents/Astral/MarsupialsHigh/R50marsupials.trs
All output trees will be *arbitrarily* rooted at Peramelidae_Isoodon_obesulus

======== Running the main analysis
Number of taxa: 40 (40 species)
Taxa: [Peramelidae_Isoodon_obesulus, Burramyidae_Burramys_parvus, Burramyidae_Cercartetus_nanus_northern, Tarsipedidae_Tarsipes_rostratus, Notoryctidae_Notoryctes_typhlops, Phascolarctidae_Phascolarctos_cinereus, Dasyuridae_Dasyurus_maculatus, Dasyuridae_Sarcophilus_harrisii, Dasyuridae_Sminthopsis_macroura, Myrmecobiidae_Myrmecobius_fasciatus, Dasyuridae_Planigale_tenuirostris, Dasyuridae_Phascogale_tapoatafa, Dasyuridae_Phascogale_calura, Dasyuridae_Antechinus_stuartii, Hypsiprymnodontidae_Hypsiprymnodon_moschatus, Phalangeridae_Trichosurus_vulpecula, Phalangeridae_Spilocuscus_maculatus, Phalangeridae_Phalanger_orientalis, Phalangeridae_Strigocuscus_pelengensis, Phalangeridae_Phalanger_carmelitae, Acrobatidae_Acrobates_pygmaeus, Pseudochiridae_Pseudocheirus_peregrinus_north, Pseudochiridae_Pseudochirulus_forbesi, Pseudochiridae_Petauroides_volans, Potoroidae_Bettongia_penicillata, Potoroidae_Bettongia_lesueur, Potoroidae_Aepyprymnus_rufescens, Macropodidae_Dorcopsulus_vanheurni, Macropodidae_Onychogalea_fraenata, Macropodidae_Wallabia_bicolor, Marmosidae_Monodelphis_domestica, Acrobatidae_Distoechurus_pennatus, Microbiotheriidae_Dromiciops_gliroides, Vombatidae_Lasiorhinus_latifrons, Vombatidae_Vombatus_ursinus, Thylacomyidae_Macrotis_lagotis, Peramelidae_Perameles_nasuta, Peramelidae_Perameles_gunnii, Peramelidae_Peroryctes_raffrayana, Peramelidae_Echymipera_kalubu]
Taxon occupancy: {Dasyuridae_Planigale_tenuirostris=493, Potoroidae_Bettongia_penicillata=493, Potoroidae_Aepyprymnus_rufescens=493, Phalangeridae_Trichosurus_vulpecula=493, Peramelidae_Echymipera_kalubu=493, Dasyuridae_Phascogale_tapoatafa=493, Phalangeridae_Spilocuscus_maculatus=493, Tarsipedidae_Tarsipes_rostratus=493, Pseudochiridae_Petauroides_volans=493, Vombatidae_Vombatus_ursinus=493, Phalangeridae_Phalanger_carmelitae=493, Phascolarctidae_Phascolarctos_cinereus=493, Peramelidae_Perameles_gunnii=493, Peramelidae_Peroryctes_raffrayana=493, Marmosidae_Monodelphis_domestica=493, Thylacomyidae_Macrotis_lagotis=493, Dasyuridae_Sminthopsis_macroura=493, Acrobatidae_Distoechurus_pennatus=493, Macropodidae_Dorcopsulus_vanheurni=493, Dasyuridae_Sarcophilus_harrisii=493, Hypsiprymnodontidae_Hypsiprymnodon_moschatus=493, Dasyuridae_Dasyurus_maculatus=493, Dasyuridae_Phascogale_calura=493, Burramyidae_Burramys_parvus=493, Macropodidae_Onychogalea_fraenata=493, Pseudochiridae_Pseudocheirus_peregrinus_north=493, Phalangeridae_Phalanger_orientalis=493, Potoroidae_Bettongia_lesueur=493, Microbiotheriidae_Dromiciops_gliroides=493, Dasyuridae_Antechinus_stuartii=493, Phalangeridae_Strigocuscus_pelengensis=493, Pseudochiridae_Pseudochirulus_forbesi=493, Macropodidae_Wallabia_bicolor=493, Peramelidae_Perameles_nasuta=493, Myrmecobiidae_Myrmecobius_fasciatus=493, Acrobatidae_Acrobates_pygmaeus=493, Vombatidae_Lasiorhinus_latifrons=493, Notoryctidae_Notoryctes_typhlops=493, Peramelidae_Isoodon_obesulus=493, Burramyidae_Cercartetus_nanus_northern=493}
Number of gene trees: 493
0 trees have missing taxa
Calculating quartet distance matrix (for completion of X)
Species tree distances calculated ...
Building set of clusters (X) from gene trees 
------------------------------
gradient0: 3817
Number of Clusters after addition by distance: 3817
calculating extra bipartitions to be added at level 1 ...
Adding to X using resolutions of greedy consensus ...
Limit for sigma of degrees:1050
polytomy size limit : 5
discarded polytomies:  [3, 3, 3, 4, 5]
Threshold 0.0:
Threshold 0.01:
Threshold 0.02:
Threshold 0.05:
Threshold 0.1:
polytomy of size 3; rounds with additions with at least 5 support: 0; clusters: 3817
Threshold 0.2:
polytomy of size 3; rounds with additions with at least 5 support: 0; clusters: 3817
polytomy of size 3; rounds with additions with at least 5 support: 0; clusters: 3817
Threshold 0.3333333333333333:
polytomy of size 4; rounds with additions with at least 5 support: 0; clusters: 3817
polytomy of size 5; rounds with additions with at least 5 support: 0; clusters: 3817
max k is :0
Number of Clusters after addition by greedy: 3817
gradient0 in heuristiic: 3817
partitions formed in 1.121 secs
Dynamic Programming starting after 1.121 secs
Using tree-based weight calculation.
Using polytree-based weight calculation.
Polytree max score: 45055270
Polytree building time: 0.201 seconds.
Number of quartet trees in the gene trees: 45055270
Size of largest cluster: 40
Greedy score: 28988003
estimationFactor: 1.5542729866558935
Sub-optimal score: 34115406
Total Number of elements weighted: 12763
Normalized score (portion of input quartet trees satisfied before correcting for multiple individuals): 0.8022322139008378
Optimization score: 36144789
Optimal tree inferred in 3.244 secs.
(Peramelidae_Perameles_nasuta,(Peramelidae_Perameles_gunnii,(Peramelidae_Isoodon_obesulus,((Peramelidae_Peroryctes_raffrayana,Peramelidae_Echymipera_kalubu),(Thylacomyidae_Macrotis_lagotis,(Notoryctidae_Notoryctes_typhlops,(Marmosidae_Monodelphis_domestica,((Myrmecobiidae_Myrmecobius_fasciatus,((Dasyuridae_Sminthopsis_macroura,Dasyuridae_Planigale_tenuirostris),((Dasyuridae_Dasyurus_maculatus,Dasyuridae_Sarcophilus_harrisii),(Dasyuridae_Antechinus_stuartii,(Dasyuridae_Phascogale_tapoatafa,Dasyuridae_Phascogale_calura))))),(Microbiotheriidae_Dromiciops_gliroides,((Phascolarctidae_Phascolarctos_cinereus,(Vombatidae_Lasiorhinus_latifrons,Vombatidae_Vombatus_ursinus)),(((Burramyidae_Burramys_parvus,Burramyidae_Cercartetus_nanus_northern),(Phalangeridae_Trichosurus_vulpecula,(Phalangeridae_Spilocuscus_maculatus,(Phalangeridae_Strigocuscus_pelengensis,(Phalangeridae_Phalanger_orientalis,Phalangeridae_Phalanger_carmelitae))))),(((Acrobatidae_Acrobates_pygmaeus,Acrobatidae_Distoechurus_pennatus),(Tarsipedidae_Tarsipes_rostratus,(Pseudochiridae_Petauroides_volans,(Pseudochiridae_Pseudocheirus_peregrinus_north,Pseudochiridae_Pseudochirulus_forbesi)))),(Hypsiprymnodontidae_Hypsiprymnodon_moschatus,((Potoroidae_Aepyprymnus_rufescens,(Potoroidae_Bettongia_penicillata,Potoroidae_Bettongia_lesueur)),(Macropodidae_Dorcopsulus_vanheurni,(Macropodidae_Onychogalea_fraenata,Macropodidae_Wallabia_bicolor))))))))))))))));
Final quartet score is: 36144789
Final normalized quartet score is: 0.8022322139008378
(Peramelidae_Isoodon_obesulus,(((Peramelidae_Peroryctes_raffrayana,Peramelidae_Echymipera_kalubu)1:0.3106151004163272,(Thylacomyidae_Macrotis_lagotis,(Notoryctidae_Notoryctes_typhlops,(Marmosidae_Monodelphis_domestica,((Myrmecobiidae_Myrmecobius_fasciatus,((Dasyuridae_Sminthopsis_macroura,Dasyuridae_Planigale_tenuirostris)1:0.6939572251566896,((Dasyuridae_Dasyurus_maculatus,Dasyuridae_Sarcophilus_harrisii)1:1.9742429824560845,(Dasyuridae_Antechinus_stuartii,(Dasyuridae_Phascogale_tapoatafa,Dasyuridae_Phascogale_calura)1:1.212378754435208)1:1.1432461226002473)1:0.962212475253243)1:1.368973078449955)1:3.30069701630233,(Microbiotheriidae_Dromiciops_gliroides,((Phascolarctidae_Phascolarctos_cinereus,(Vombatidae_Lasiorhinus_latifrons,Vombatidae_Vombatus_ursinus)1:3.038087338895755)1:1.7169689569486037,(((Burramyidae_Burramys_parvus,Burramyidae_Cercartetus_nanus_northern)1:0.6917495562933076,(Phalangeridae_Trichosurus_vulpecula,(Phalangeridae_Spilocuscus_maculatus,(Phalangeridae_Strigocuscus_pelengensis,(Phalangeridae_Phalanger_orientalis,Phalangeridae_Phalanger_carmelitae)1:1.1921705298915284)1:0.14711855817083117)1:1.3163842316303005)1:2.3840742210299863)1:0.3062875965682055,(((Acrobatidae_Acrobates_pygmaeus,Acrobatidae_Distoechurus_pennatus)1:1.6480009471684127,(Tarsipedidae_Tarsipes_rostratus,(Pseudochiridae_Petauroides_volans,(Pseudochiridae_Pseudocheirus_peregrinus_north,Pseudochiridae_Pseudochirulus_forbesi)1:1.5268061194968812)1:1.4588723095061291)1:0.6618488396543779)1:0.7550031004058078,(Hypsiprymnodontidae_Hypsiprymnodon_moschatus,((Potoroidae_Aepyprymnus_rufescens,(Potoroidae_Bettongia_penicillata,Potoroidae_Bettongia_lesueur)1:1.5174057870674456)1:1.511052727707309,(Macropodidae_Dorcopsulus_vanheurni,(Macropodidae_Onychogalea_fraenata,Macropodidae_Wallabia_bicolor)0.86:0.05745131925451631)1:1.5695213050286574)1:1.6734721917975055)1:1.9063214833734898)0.57:0.028558636417023175)1:0.6153025955432269)1:0.9156662432033509)0.62:0.026997382412724497)0.91:0.0632235965562623)0.98:0.09659199794585714)1:3.691459149666533)1:1.9781736953666362)1:1.4109450428369157,(Peramelidae_Perameles_gunnii,Peramelidae_Perameles_nasuta)1:1.7516511552937992));
Weight calculation took 1.547497656 secs
ASTRAL finished in 4.023 secs
