
================== ASTRAL ===================== 

This is ASTRAL version 5.7.3
Gene trees are treated as unrooted
56 trees read from /Users/mezzalinavankan/Documents/Astral/SnakesLow/25snakes.trs
All output trees will be *arbitrarily* rooted at I9901_FTB554_Squamata_Colubridae_Diadophis_punctatus_seq1

======== Running the main analysis
Number of taxa: 20 (20 species)
Taxa: [I9901_FTB554_Squamata_Colubridae_Diadophis_punctatus_seq1, I9901_FTB554_Squamata_Colubridae_Diadophis_punctatus_seq2, I9902_FTB2739_Squamata_Colubridae_Storeria_dekayi_seq1, I9910_CAS204795_Squamata_Colubridae_Storeria_victa_seq1, I9910_CAS204795_Squamata_Colubridae_Storeria_victa_seq2, I9902_FTB2739_Squamata_Colubridae_Storeria_dekayi_seq2, I9943_CAS184347_Squamata_Colubridae_Storeria_dekayi_seq1, I9943_CAS184347_Squamata_Colubridae_Storeria_dekayi_seq2, I9909_CAS204799_Squamata_Colubridae_Storeria_victa_seq1, I9909_CAS204799_Squamata_Colubridae_Storeria_victa_seq2, I9915_FTB594_Squamata_Colubridae_Regina_rigida_seq1, I9915_FTB594_Squamata_Colubridae_Regina_rigida_seq2, I9903_FTB718_Squamata_Colubridae_Storeria_occipitomaculata_seq1, I9904_FTB2002_Squamata_Colubridae_Storeria_occipitomaculata_seq1, I9904_FTB2002_Squamata_Colubridae_Storeria_occipitomaculata_seq2, I9903_FTB718_Squamata_Colubridae_Storeria_occipitomaculata_seq2, I9906_FTB932_Squamata_Colubridae_Storeria_occipitomaculata_seq1, I9906_FTB932_Squamata_Colubridae_Storeria_occipitomaculata_seq2, I9911_CAS238520_Squamata_Colubridae_Storeria_storerioides_seq1, I9911_CAS238520_Squamata_Colubridae_Storeria_storerioides_seq2]
Taxon occupancy: {I9911_CAS238520_Squamata_Colubridae_Storeria_storerioides_seq2=56, I9911_CAS238520_Squamata_Colubridae_Storeria_storerioides_seq1=56, I9903_FTB718_Squamata_Colubridae_Storeria_occipitomaculata_seq1=56, I9903_FTB718_Squamata_Colubridae_Storeria_occipitomaculata_seq2=56, I9901_FTB554_Squamata_Colubridae_Diadophis_punctatus_seq1=56, I9910_CAS204795_Squamata_Colubridae_Storeria_victa_seq1=56, I9902_FTB2739_Squamata_Colubridae_Storeria_dekayi_seq2=56, I9901_FTB554_Squamata_Colubridae_Diadophis_punctatus_seq2=56, I9909_CAS204799_Squamata_Colubridae_Storeria_victa_seq1=56, I9915_FTB594_Squamata_Colubridae_Regina_rigida_seq1=56, I9915_FTB594_Squamata_Colubridae_Regina_rigida_seq2=56, I9909_CAS204799_Squamata_Colubridae_Storeria_victa_seq2=56, I9902_FTB2739_Squamata_Colubridae_Storeria_dekayi_seq1=56, I9910_CAS204795_Squamata_Colubridae_Storeria_victa_seq2=56, I9906_FTB932_Squamata_Colubridae_Storeria_occipitomaculata_seq1=56, I9904_FTB2002_Squamata_Colubridae_Storeria_occipitomaculata_seq1=56, I9906_FTB932_Squamata_Colubridae_Storeria_occipitomaculata_seq2=56, I9943_CAS184347_Squamata_Colubridae_Storeria_dekayi_seq2=56, I9904_FTB2002_Squamata_Colubridae_Storeria_occipitomaculata_seq2=56, I9943_CAS184347_Squamata_Colubridae_Storeria_dekayi_seq1=56}
Number of gene trees: 56
0 trees have missing taxa
Calculating quartet distance matrix (for completion of X)
Species tree distances calculated ...
Building set of clusters (X) from gene trees 
------------------------------
gradient0: 633
Number of Clusters after addition by distance: 633
calculating extra bipartitions to be added at level 1 ...
Adding to X using resolutions of greedy consensus ...
Limit for sigma of degrees:550
polytomy size limit : 7
discarded polytomies:  [3, 3, 3, 4, 5, 7]
Threshold 0.0:
Threshold 0.01:
Threshold 0.02:
Threshold 0.05:
Threshold 0.1:
polytomy of size 3; rounds with additions with at least 5 support: 0; clusters: 633
Threshold 0.2:
polytomy of size 5; rounds with additions with at least 5 support: 0; clusters: 633
polytomy of size 3; rounds with additions with at least 5 support: 0; clusters: 633
Threshold 0.3333333333333333:
polytomy of size 7; rounds with additions with at least 5 support: 0; clusters: 633
polytomy of size 3; rounds with additions with at least 5 support: 0; clusters: 633
polytomy of size 4; rounds with additions with at least 5 support: 0; clusters: 633
max k is :0
Number of Clusters after addition by greedy: 633
gradient0 in heuristiic: 633
partitions formed in 0.196 secs
Dynamic Programming starting after 0.196 secs
Using tree-based weight calculation.
Using polytree-based weight calculation.
Polytree max score: 271320
Polytree building time: 0.029 seconds.
Number of quartet trees in the gene trees: 271320
Size of largest cluster: 20
Greedy score: 187258
estimationFactor: 1.4489100599173332
Sub-optimal score: 194187
Total Number of elements weighted: 1764
Normalized score (portion of input quartet trees satisfied before correcting for multiple individuals): 0.7400965649417662
Optimization score: 200803
Optimal tree inferred in 0.365 secs.
(I9910_CAS204795_Squamata_Colubridae_Storeria_victa_seq2,(I9910_CAS204795_Squamata_Colubridae_Storeria_victa_seq1,(I9943_CAS184347_Squamata_Colubridae_Storeria_dekayi_seq2,((I9909_CAS204799_Squamata_Colubridae_Storeria_victa_seq1,I9909_CAS204799_Squamata_Colubridae_Storeria_victa_seq2),(I9943_CAS184347_Squamata_Colubridae_Storeria_dekayi_seq1,((I9902_FTB2739_Squamata_Colubridae_Storeria_dekayi_seq1,I9902_FTB2739_Squamata_Colubridae_Storeria_dekayi_seq2),(((I9904_FTB2002_Squamata_Colubridae_Storeria_occipitomaculata_seq1,I9904_FTB2002_Squamata_Colubridae_Storeria_occipitomaculata_seq2),((I9906_FTB932_Squamata_Colubridae_Storeria_occipitomaculata_seq1,I9906_FTB932_Squamata_Colubridae_Storeria_occipitomaculata_seq2),(I9903_FTB718_Squamata_Colubridae_Storeria_occipitomaculata_seq1,I9903_FTB718_Squamata_Colubridae_Storeria_occipitomaculata_seq2))),((I9911_CAS238520_Squamata_Colubridae_Storeria_storerioides_seq1,I9911_CAS238520_Squamata_Colubridae_Storeria_storerioides_seq2),((I9901_FTB554_Squamata_Colubridae_Diadophis_punctatus_seq1,I9901_FTB554_Squamata_Colubridae_Diadophis_punctatus_seq2),(I9915_FTB594_Squamata_Colubridae_Regina_rigida_seq1,I9915_FTB594_Squamata_Colubridae_Regina_rigida_seq2))))))))));
Final quartet score is: 200803
Final normalized quartet score is: 0.7400965649417662
(I9901_FTB554_Squamata_Colubridae_Diadophis_punctatus_seq1,(I9901_FTB554_Squamata_Colubridae_Diadophis_punctatus_seq2,((I9915_FTB594_Squamata_Colubridae_Regina_rigida_seq1,I9915_FTB594_Squamata_Colubridae_Regina_rigida_seq2)1:3.6375861597263826,((I9911_CAS238520_Squamata_Colubridae_Storeria_storerioides_seq1,I9911_CAS238520_Squamata_Colubridae_Storeria_storerioides_seq2)1:2.4699809995713253,(((I9904_FTB2002_Squamata_Colubridae_Storeria_occipitomaculata_seq1,I9904_FTB2002_Squamata_Colubridae_Storeria_occipitomaculata_seq2)1:0.4859190845516352,((I9906_FTB932_Squamata_Colubridae_Storeria_occipitomaculata_seq1,I9906_FTB932_Squamata_Colubridae_Storeria_occipitomaculata_seq2)1:0.40136169652357195,(I9903_FTB718_Squamata_Colubridae_Storeria_occipitomaculata_seq1,I9903_FTB718_Squamata_Colubridae_Storeria_occipitomaculata_seq2)1:0.43509381410870895)0.53:0.05307564954798058)1:0.9014615369264235,((I9902_FTB2739_Squamata_Colubridae_Storeria_dekayi_seq1,I9902_FTB2739_Squamata_Colubridae_Storeria_dekayi_seq2)1:0.45953232937843985,(I9943_CAS184347_Squamata_Colubridae_Storeria_dekayi_seq1,((I9909_CAS204799_Squamata_Colubridae_Storeria_victa_seq1,I9909_CAS204799_Squamata_Colubridae_Storeria_victa_seq2)0.51:0.05777780066681137,(I9943_CAS184347_Squamata_Colubridae_Storeria_dekayi_seq2,(I9910_CAS204795_Squamata_Colubridae_Storeria_victa_seq1,I9910_CAS204795_Squamata_Colubridae_Storeria_victa_seq2)0.75:0.12516314295400605)0.65:0.09036628068751457)0.47:0.04321363667886517)0.83:0.14868319764512464)1:1.7758055412858138)0.85:0.1534656075253398)0.72:0.10494289193072916)1:3.6375861597263826));
Weight calculation took 0.095653366 secs
ASTRAL finished in 0.471 secs
