
================== ASTRAL ===================== 

This is ASTRAL version 5.7.3
Gene trees are treated as unrooted
112 trees read from /Users/mezzalinavankan/Documents/Astral/SnakesLow/50snakes.trs
All output trees will be *arbitrarily* rooted at I9901_FTB554_Squamata_Colubridae_Diadophis_punctatus_seq1

======== Running the main analysis
Number of taxa: 20 (20 species)
Taxa: [I9901_FTB554_Squamata_Colubridae_Diadophis_punctatus_seq1, I9901_FTB554_Squamata_Colubridae_Diadophis_punctatus_seq2, I9902_FTB2739_Squamata_Colubridae_Storeria_dekayi_seq1, I9910_CAS204795_Squamata_Colubridae_Storeria_victa_seq2, I9909_CAS204799_Squamata_Colubridae_Storeria_victa_seq2, I9943_CAS184347_Squamata_Colubridae_Storeria_dekayi_seq1, I9902_FTB2739_Squamata_Colubridae_Storeria_dekayi_seq2, I9909_CAS204799_Squamata_Colubridae_Storeria_victa_seq1, I9910_CAS204795_Squamata_Colubridae_Storeria_victa_seq1, I9943_CAS184347_Squamata_Colubridae_Storeria_dekayi_seq2, I9915_FTB594_Squamata_Colubridae_Regina_rigida_seq1, I9915_FTB594_Squamata_Colubridae_Regina_rigida_seq2, I9911_CAS238520_Squamata_Colubridae_Storeria_storerioides_seq1, I9911_CAS238520_Squamata_Colubridae_Storeria_storerioides_seq2, I9903_FTB718_Squamata_Colubridae_Storeria_occipitomaculata_seq1, I9903_FTB718_Squamata_Colubridae_Storeria_occipitomaculata_seq2, I9904_FTB2002_Squamata_Colubridae_Storeria_occipitomaculata_seq1, I9906_FTB932_Squamata_Colubridae_Storeria_occipitomaculata_seq1, I9906_FTB932_Squamata_Colubridae_Storeria_occipitomaculata_seq2, I9904_FTB2002_Squamata_Colubridae_Storeria_occipitomaculata_seq2]
Taxon occupancy: {I9911_CAS238520_Squamata_Colubridae_Storeria_storerioides_seq2=112, I9911_CAS238520_Squamata_Colubridae_Storeria_storerioides_seq1=112, I9903_FTB718_Squamata_Colubridae_Storeria_occipitomaculata_seq1=112, I9903_FTB718_Squamata_Colubridae_Storeria_occipitomaculata_seq2=112, I9901_FTB554_Squamata_Colubridae_Diadophis_punctatus_seq1=112, I9902_FTB2739_Squamata_Colubridae_Storeria_dekayi_seq2=112, I9910_CAS204795_Squamata_Colubridae_Storeria_victa_seq1=112, I9901_FTB554_Squamata_Colubridae_Diadophis_punctatus_seq2=112, I9909_CAS204799_Squamata_Colubridae_Storeria_victa_seq1=112, I9915_FTB594_Squamata_Colubridae_Regina_rigida_seq1=112, I9915_FTB594_Squamata_Colubridae_Regina_rigida_seq2=112, I9909_CAS204799_Squamata_Colubridae_Storeria_victa_seq2=112, I9902_FTB2739_Squamata_Colubridae_Storeria_dekayi_seq1=112, I9910_CAS204795_Squamata_Colubridae_Storeria_victa_seq2=112, I9906_FTB932_Squamata_Colubridae_Storeria_occipitomaculata_seq1=112, I9904_FTB2002_Squamata_Colubridae_Storeria_occipitomaculata_seq1=112, I9906_FTB932_Squamata_Colubridae_Storeria_occipitomaculata_seq2=112, I9943_CAS184347_Squamata_Colubridae_Storeria_dekayi_seq2=112, I9904_FTB2002_Squamata_Colubridae_Storeria_occipitomaculata_seq2=112, I9943_CAS184347_Squamata_Colubridae_Storeria_dekayi_seq1=112}
Number of gene trees: 112
0 trees have missing taxa
Calculating quartet distance matrix (for completion of X)
Species tree distances calculated ...
Building set of clusters (X) from gene trees 
------------------------------
gradient0: 927
Number of Clusters after addition by distance: 927
calculating extra bipartitions to be added at level 1 ...
Adding to X using resolutions of greedy consensus ...
Limit for sigma of degrees:550
polytomy size limit : 7
discarded polytomies:  [3, 3, 3, 3, 4, 7]
Threshold 0.0:
Threshold 0.01:
Threshold 0.02:
Threshold 0.05:
Threshold 0.1:
polytomy of size 3; rounds with additions with at least 5 support: 0; clusters: 927
Threshold 0.2:
polytomy of size 4; rounds with additions with at least 5 support: 0; clusters: 927
polytomy of size 3; rounds with additions with at least 5 support: 0; clusters: 927
Threshold 0.3333333333333333:
polytomy of size 7; rounds with additions with at least 5 support: 0; clusters: 927
polytomy of size 3; rounds with additions with at least 5 support: 0; clusters: 927
polytomy of size 3; rounds with additions with at least 5 support: 0; clusters: 927
max k is :0
Number of Clusters after addition by greedy: 927
gradient0 in heuristiic: 927
partitions formed in 0.234 secs
Dynamic Programming starting after 0.234 secs
Using tree-based weight calculation.
Using polytree-based weight calculation.
Polytree max score: 542640
Polytree building time: 0.055 seconds.
Number of quartet trees in the gene trees: 542640
Size of largest cluster: 20
Greedy score: 379348
estimationFactor: 1.430454358530953
Sub-optimal score: 390770
Total Number of elements weighted: 3059
Normalized score (portion of input quartet trees satisfied before correcting for multiple individuals): 0.7415321391714581
Optimization score: 402385
Optimal tree inferred in 0.525 secs.
(I9909_CAS204799_Squamata_Colubridae_Storeria_victa_seq2,(I9909_CAS204799_Squamata_Colubridae_Storeria_victa_seq1,((I9910_CAS204795_Squamata_Colubridae_Storeria_victa_seq2,I9910_CAS204795_Squamata_Colubridae_Storeria_victa_seq1),((I9943_CAS184347_Squamata_Colubridae_Storeria_dekayi_seq1,I9943_CAS184347_Squamata_Colubridae_Storeria_dekayi_seq2),((I9902_FTB2739_Squamata_Colubridae_Storeria_dekayi_seq1,I9902_FTB2739_Squamata_Colubridae_Storeria_dekayi_seq2),(((I9911_CAS238520_Squamata_Colubridae_Storeria_storerioides_seq1,I9911_CAS238520_Squamata_Colubridae_Storeria_storerioides_seq2),((I9901_FTB554_Squamata_Colubridae_Diadophis_punctatus_seq1,I9901_FTB554_Squamata_Colubridae_Diadophis_punctatus_seq2),(I9915_FTB594_Squamata_Colubridae_Regina_rigida_seq1,I9915_FTB594_Squamata_Colubridae_Regina_rigida_seq2))),((I9904_FTB2002_Squamata_Colubridae_Storeria_occipitomaculata_seq1,I9904_FTB2002_Squamata_Colubridae_Storeria_occipitomaculata_seq2),((I9903_FTB718_Squamata_Colubridae_Storeria_occipitomaculata_seq1,I9903_FTB718_Squamata_Colubridae_Storeria_occipitomaculata_seq2),(I9906_FTB932_Squamata_Colubridae_Storeria_occipitomaculata_seq1,I9906_FTB932_Squamata_Colubridae_Storeria_occipitomaculata_seq2)))))))));
Final quartet score is: 402385
Final normalized quartet score is: 0.7415321391714581
(I9901_FTB554_Squamata_Colubridae_Diadophis_punctatus_seq1,(I9901_FTB554_Squamata_Colubridae_Diadophis_punctatus_seq2,((I9915_FTB594_Squamata_Colubridae_Regina_rigida_seq1,I9915_FTB594_Squamata_Colubridae_Regina_rigida_seq2)1:4.09877915928997,((I9911_CAS238520_Squamata_Colubridae_Storeria_storerioides_seq1,I9911_CAS238520_Squamata_Colubridae_Storeria_storerioides_seq2)1:2.8583366751826396,(((I9904_FTB2002_Squamata_Colubridae_Storeria_occipitomaculata_seq1,I9904_FTB2002_Squamata_Colubridae_Storeria_occipitomaculata_seq2)1:0.4444172100587432,((I9903_FTB718_Squamata_Colubridae_Storeria_occipitomaculata_seq1,I9903_FTB718_Squamata_Colubridae_Storeria_occipitomaculata_seq2)1:0.48314266694374763,(I9906_FTB932_Squamata_Colubridae_Storeria_occipitomaculata_seq1,I9906_FTB932_Squamata_Colubridae_Storeria_occipitomaculata_seq2)1:0.4036691554253941)0.42:0.016651781006457565)1:1.1950708045491503,((I9902_FTB2739_Squamata_Colubridae_Storeria_dekayi_seq1,I9902_FTB2739_Squamata_Colubridae_Storeria_dekayi_seq2)1:0.48247039801086533,((I9943_CAS184347_Squamata_Colubridae_Storeria_dekayi_seq1,I9943_CAS184347_Squamata_Colubridae_Storeria_dekayi_seq2)0.94:0.15249276289596658,((I9910_CAS204795_Squamata_Colubridae_Storeria_victa_seq2,I9910_CAS204795_Squamata_Colubridae_Storeria_victa_seq1)0.96:0.1601142229153993,(I9909_CAS204799_Squamata_Colubridae_Storeria_victa_seq1,I9909_CAS204799_Squamata_Colubridae_Storeria_victa_seq2)0.92:0.13368943292512805)0.47:0.027557014488720083)1:0.22411194040558916)1:1.4560249677933819)0.92:0.14417570632670199)0.98:0.1759575266195949)1:4.321922710604174));
Weight calculation took 0.173332529 secs
ASTRAL finished in 0.672 secs
