
================== ASTRAL ===================== 

This is ASTRAL version 5.7.3
Gene trees are treated as unrooted
56 trees read from /Users/mezzalinavankan/Documents/Astral/SnakesLow/R25snakes.trs
All output trees will be *arbitrarily* rooted at I9901_FTB554_Squamata_Colubridae_Diadophis_punctatus_seq1

======== Running the main analysis
Number of taxa: 20 (20 species)
Taxa: [I9901_FTB554_Squamata_Colubridae_Diadophis_punctatus_seq1, I9901_FTB554_Squamata_Colubridae_Diadophis_punctatus_seq2, I9902_FTB2739_Squamata_Colubridae_Storeria_dekayi_seq1, I9902_FTB2739_Squamata_Colubridae_Storeria_dekayi_seq2, I9909_CAS204799_Squamata_Colubridae_Storeria_victa_seq2, I9910_CAS204795_Squamata_Colubridae_Storeria_victa_seq2, I9909_CAS204799_Squamata_Colubridae_Storeria_victa_seq1, I9910_CAS204795_Squamata_Colubridae_Storeria_victa_seq1, I9943_CAS184347_Squamata_Colubridae_Storeria_dekayi_seq1, I9943_CAS184347_Squamata_Colubridae_Storeria_dekayi_seq2, I9915_FTB594_Squamata_Colubridae_Regina_rigida_seq1, I9915_FTB594_Squamata_Colubridae_Regina_rigida_seq2, I9903_FTB718_Squamata_Colubridae_Storeria_occipitomaculata_seq1, I9903_FTB718_Squamata_Colubridae_Storeria_occipitomaculata_seq2, I9906_FTB932_Squamata_Colubridae_Storeria_occipitomaculata_seq1, I9904_FTB2002_Squamata_Colubridae_Storeria_occipitomaculata_seq1, I9904_FTB2002_Squamata_Colubridae_Storeria_occipitomaculata_seq2, I9911_CAS238520_Squamata_Colubridae_Storeria_storerioides_seq1, I9911_CAS238520_Squamata_Colubridae_Storeria_storerioides_seq2, I9906_FTB932_Squamata_Colubridae_Storeria_occipitomaculata_seq2]
Taxon occupancy: {I9911_CAS238520_Squamata_Colubridae_Storeria_storerioides_seq2=56, I9911_CAS238520_Squamata_Colubridae_Storeria_storerioides_seq1=56, I9903_FTB718_Squamata_Colubridae_Storeria_occipitomaculata_seq1=56, I9903_FTB718_Squamata_Colubridae_Storeria_occipitomaculata_seq2=56, I9901_FTB554_Squamata_Colubridae_Diadophis_punctatus_seq1=56, I9902_FTB2739_Squamata_Colubridae_Storeria_dekayi_seq2=56, I9910_CAS204795_Squamata_Colubridae_Storeria_victa_seq1=56, I9901_FTB554_Squamata_Colubridae_Diadophis_punctatus_seq2=56, I9909_CAS204799_Squamata_Colubridae_Storeria_victa_seq1=56, I9915_FTB594_Squamata_Colubridae_Regina_rigida_seq1=56, I9915_FTB594_Squamata_Colubridae_Regina_rigida_seq2=56, I9909_CAS204799_Squamata_Colubridae_Storeria_victa_seq2=56, I9902_FTB2739_Squamata_Colubridae_Storeria_dekayi_seq1=56, I9910_CAS204795_Squamata_Colubridae_Storeria_victa_seq2=56, I9906_FTB932_Squamata_Colubridae_Storeria_occipitomaculata_seq1=56, I9904_FTB2002_Squamata_Colubridae_Storeria_occipitomaculata_seq1=56, I9906_FTB932_Squamata_Colubridae_Storeria_occipitomaculata_seq2=56, I9943_CAS184347_Squamata_Colubridae_Storeria_dekayi_seq2=56, I9904_FTB2002_Squamata_Colubridae_Storeria_occipitomaculata_seq2=56, I9943_CAS184347_Squamata_Colubridae_Storeria_dekayi_seq1=56}
Number of gene trees: 56
0 trees have missing taxa
Calculating quartet distance matrix (for completion of X)
Species tree distances calculated ...
Building set of clusters (X) from gene trees 
------------------------------
gradient0: 631
Number of Clusters after addition by distance: 631
calculating extra bipartitions to be added at level 1 ...
Adding to X using resolutions of greedy consensus ...
Limit for sigma of degrees:550
polytomy size limit : 7
discarded polytomies:  [3, 3, 3, 3, 4, 7]
Threshold 0.0:
Threshold 0.01:
Threshold 0.02:
Threshold 0.05:
Threshold 0.1:
polytomy of size 3; rounds with additions with at least 5 support: 0; clusters: 631
Threshold 0.2:
polytomy of size 4; rounds with additions with at least 5 support: 0; clusters: 631
polytomy of size 3; rounds with additions with at least 5 support: 0; clusters: 631
Threshold 0.3333333333333333:
polytomy of size 7; rounds with additions with at least 5 support: 0; clusters: 631
polytomy of size 3; rounds with additions with at least 5 support: 0; clusters: 631
polytomy of size 3; rounds with additions with at least 5 support: 0; clusters: 631
max k is :0
Number of Clusters after addition by greedy: 631
gradient0 in heuristiic: 631
partitions formed in 0.18 secs
Dynamic Programming starting after 0.18 secs
Using tree-based weight calculation.
Using polytree-based weight calculation.
Polytree max score: 271320
Polytree building time: 0.028 seconds.
Number of quartet trees in the gene trees: 271320
Size of largest cluster: 20
Greedy score: 189350
estimationFactor: 1.432902033271719
Sub-optimal score: 195308
Total Number of elements weighted: 1561
Normalized score (portion of input quartet trees satisfied before correcting for multiple individuals): 0.7434763379035825
Optimization score: 201720
Optimal tree inferred in 0.343 secs.
(I9909_CAS204799_Squamata_Colubridae_Storeria_victa_seq2,(I9909_CAS204799_Squamata_Colubridae_Storeria_victa_seq1,((I9910_CAS204795_Squamata_Colubridae_Storeria_victa_seq2,I9910_CAS204795_Squamata_Colubridae_Storeria_victa_seq1),((I9943_CAS184347_Squamata_Colubridae_Storeria_dekayi_seq1,I9943_CAS184347_Squamata_Colubridae_Storeria_dekayi_seq2),((I9902_FTB2739_Squamata_Colubridae_Storeria_dekayi_seq1,I9902_FTB2739_Squamata_Colubridae_Storeria_dekayi_seq2),(((I9901_FTB554_Squamata_Colubridae_Diadophis_punctatus_seq1,I9901_FTB554_Squamata_Colubridae_Diadophis_punctatus_seq2),(I9915_FTB594_Squamata_Colubridae_Regina_rigida_seq1,I9915_FTB594_Squamata_Colubridae_Regina_rigida_seq2)),((I9911_CAS238520_Squamata_Colubridae_Storeria_storerioides_seq1,I9911_CAS238520_Squamata_Colubridae_Storeria_storerioides_seq2),((I9904_FTB2002_Squamata_Colubridae_Storeria_occipitomaculata_seq1,I9904_FTB2002_Squamata_Colubridae_Storeria_occipitomaculata_seq2),((I9903_FTB718_Squamata_Colubridae_Storeria_occipitomaculata_seq1,I9903_FTB718_Squamata_Colubridae_Storeria_occipitomaculata_seq2),(I9906_FTB932_Squamata_Colubridae_Storeria_occipitomaculata_seq1,I9906_FTB932_Squamata_Colubridae_Storeria_occipitomaculata_seq2))))))))));
Final quartet score is: 201720
Final normalized quartet score is: 0.7434763379035825
(I9901_FTB554_Squamata_Colubridae_Diadophis_punctatus_seq1,(I9901_FTB554_Squamata_Colubridae_Diadophis_punctatus_seq2,((I9915_FTB594_Squamata_Colubridae_Regina_rigida_seq1,I9915_FTB594_Squamata_Colubridae_Regina_rigida_seq2)1:2.826655943510057,(((I9911_CAS238520_Squamata_Colubridae_Storeria_storerioides_seq1,I9911_CAS238520_Squamata_Colubridae_Storeria_storerioides_seq2)1:2.0971411187792355,((I9904_FTB2002_Squamata_Colubridae_Storeria_occipitomaculata_seq1,I9904_FTB2002_Squamata_Colubridae_Storeria_occipitomaculata_seq2)1:0.6463281665673157,((I9903_FTB718_Squamata_Colubridae_Storeria_occipitomaculata_seq1,I9903_FTB718_Squamata_Colubridae_Storeria_occipitomaculata_seq2)1:0.4608352611588562,(I9906_FTB932_Squamata_Colubridae_Storeria_occipitomaculata_seq1,I9906_FTB932_Squamata_Colubridae_Storeria_occipitomaculata_seq2)1:0.33024168687057687)0.43:0.02860061483321518)1:1.0710355208978755)0.59:0.11153205460090151,((I9902_FTB2739_Squamata_Colubridae_Storeria_dekayi_seq1,I9902_FTB2739_Squamata_Colubridae_Storeria_dekayi_seq2)1:0.5910815607989716,((I9943_CAS184347_Squamata_Colubridae_Storeria_dekayi_seq1,I9943_CAS184347_Squamata_Colubridae_Storeria_dekayi_seq2)0.88:0.16684050528557903,((I9910_CAS204795_Squamata_Colubridae_Storeria_victa_seq2,I9910_CAS204795_Squamata_Colubridae_Storeria_victa_seq1)1:0.3279559715897208,(I9909_CAS204799_Squamata_Colubridae_Storeria_victa_seq1,I9909_CAS204799_Squamata_Colubridae_Storeria_victa_seq2)0.82:0.14963785165557542)0.64:0.0865842638408653)0.87:0.17576415624779546)1:1.3277358557409282)1:0.3365544768449527)1:3.6375861597263826));
Weight calculation took 0.087038969 secs
ASTRAL finished in 0.454 secs
