
================== ASTRAL ===================== 

This is ASTRAL version 5.7.3
Gene trees are treated as unrooted
112 trees read from /Users/mezzalinavankan/Documents/Astral/SnakesLow/R50snakes.trs
All output trees will be *arbitrarily* rooted at I9901_FTB554_Squamata_Colubridae_Diadophis_punctatus_seq1

======== Running the main analysis
Number of taxa: 20 (20 species)
Taxa: [I9901_FTB554_Squamata_Colubridae_Diadophis_punctatus_seq1, I9901_FTB554_Squamata_Colubridae_Diadophis_punctatus_seq2, I9902_FTB2739_Squamata_Colubridae_Storeria_dekayi_seq1, I9902_FTB2739_Squamata_Colubridae_Storeria_dekayi_seq2, I9909_CAS204799_Squamata_Colubridae_Storeria_victa_seq1, I9909_CAS204799_Squamata_Colubridae_Storeria_victa_seq2, I9943_CAS184347_Squamata_Colubridae_Storeria_dekayi_seq1, I9943_CAS184347_Squamata_Colubridae_Storeria_dekayi_seq2, I9910_CAS204795_Squamata_Colubridae_Storeria_victa_seq1, I9910_CAS204795_Squamata_Colubridae_Storeria_victa_seq2, I9903_FTB718_Squamata_Colubridae_Storeria_occipitomaculata_seq1, I9903_FTB718_Squamata_Colubridae_Storeria_occipitomaculata_seq2, I9904_FTB2002_Squamata_Colubridae_Storeria_occipitomaculata_seq1, I9904_FTB2002_Squamata_Colubridae_Storeria_occipitomaculata_seq2, I9906_FTB932_Squamata_Colubridae_Storeria_occipitomaculata_seq1, I9906_FTB932_Squamata_Colubridae_Storeria_occipitomaculata_seq2, I9915_FTB594_Squamata_Colubridae_Regina_rigida_seq1, I9915_FTB594_Squamata_Colubridae_Regina_rigida_seq2, I9911_CAS238520_Squamata_Colubridae_Storeria_storerioides_seq1, I9911_CAS238520_Squamata_Colubridae_Storeria_storerioides_seq2]
Taxon occupancy: {I9911_CAS238520_Squamata_Colubridae_Storeria_storerioides_seq2=112, I9911_CAS238520_Squamata_Colubridae_Storeria_storerioides_seq1=112, I9903_FTB718_Squamata_Colubridae_Storeria_occipitomaculata_seq1=112, I9903_FTB718_Squamata_Colubridae_Storeria_occipitomaculata_seq2=112, I9901_FTB554_Squamata_Colubridae_Diadophis_punctatus_seq1=112, I9902_FTB2739_Squamata_Colubridae_Storeria_dekayi_seq2=112, I9910_CAS204795_Squamata_Colubridae_Storeria_victa_seq1=112, I9901_FTB554_Squamata_Colubridae_Diadophis_punctatus_seq2=112, I9909_CAS204799_Squamata_Colubridae_Storeria_victa_seq1=112, I9915_FTB594_Squamata_Colubridae_Regina_rigida_seq1=112, I9915_FTB594_Squamata_Colubridae_Regina_rigida_seq2=112, I9909_CAS204799_Squamata_Colubridae_Storeria_victa_seq2=112, I9902_FTB2739_Squamata_Colubridae_Storeria_dekayi_seq1=112, I9910_CAS204795_Squamata_Colubridae_Storeria_victa_seq2=112, I9906_FTB932_Squamata_Colubridae_Storeria_occipitomaculata_seq1=112, I9904_FTB2002_Squamata_Colubridae_Storeria_occipitomaculata_seq1=112, I9906_FTB932_Squamata_Colubridae_Storeria_occipitomaculata_seq2=112, I9943_CAS184347_Squamata_Colubridae_Storeria_dekayi_seq2=112, I9904_FTB2002_Squamata_Colubridae_Storeria_occipitomaculata_seq2=112, I9943_CAS184347_Squamata_Colubridae_Storeria_dekayi_seq1=112}
Number of gene trees: 112
0 trees have missing taxa
Calculating quartet distance matrix (for completion of X)
Species tree distances calculated ...
Building set of clusters (X) from gene trees 
------------------------------
gradient0: 957
Number of Clusters after addition by distance: 957
calculating extra bipartitions to be added at level 1 ...
Adding to X using resolutions of greedy consensus ...
Limit for sigma of degrees:550
polytomy size limit : 7
discarded polytomies:  [3, 3, 3, 4, 4, 7]
Threshold 0.0:
Threshold 0.01:
Threshold 0.02:
Threshold 0.05:
Threshold 0.1:
polytomy of size 3; rounds with additions with at least 5 support: 0; clusters: 957
Threshold 0.2:
polytomy of size 4; rounds with additions with at least 5 support: 0; clusters: 957
polytomy of size 3; rounds with additions with at least 5 support: 0; clusters: 957
Threshold 0.3333333333333333:
polytomy of size 7; rounds with additions with at least 5 support: 0; clusters: 957
polytomy of size 4; rounds with additions with at least 5 support: 0; clusters: 957
polytomy of size 3; rounds with additions with at least 5 support: 0; clusters: 957
max k is :0
Number of Clusters after addition by greedy: 957
gradient0 in heuristiic: 957
partitions formed in 0.24 secs
Dynamic Programming starting after 0.24 secs
Using tree-based weight calculation.
Using polytree-based weight calculation.
Polytree max score: 542640
Polytree building time: 0.067 seconds.
Number of quartet trees in the gene trees: 542640
Size of largest cluster: 20
Greedy score: 379386
estimationFactor: 1.4303110815897266
Sub-optimal score: 390293
Total Number of elements weighted: 3322
Normalized score (portion of input quartet trees satisfied before correcting for multiple individuals): 0.7422526905499042
Optimization score: 402776
Optimal tree inferred in 0.59 secs.
(I9909_CAS204799_Squamata_Colubridae_Storeria_victa_seq1,(I9909_CAS204799_Squamata_Colubridae_Storeria_victa_seq2,(((I9910_CAS204795_Squamata_Colubridae_Storeria_victa_seq1,I9910_CAS204795_Squamata_Colubridae_Storeria_victa_seq2),(I9943_CAS184347_Squamata_Colubridae_Storeria_dekayi_seq1,I9943_CAS184347_Squamata_Colubridae_Storeria_dekayi_seq2)),((I9902_FTB2739_Squamata_Colubridae_Storeria_dekayi_seq1,I9902_FTB2739_Squamata_Colubridae_Storeria_dekayi_seq2),(((I9903_FTB718_Squamata_Colubridae_Storeria_occipitomaculata_seq1,I9903_FTB718_Squamata_Colubridae_Storeria_occipitomaculata_seq2),((I9904_FTB2002_Squamata_Colubridae_Storeria_occipitomaculata_seq1,I9904_FTB2002_Squamata_Colubridae_Storeria_occipitomaculata_seq2),(I9906_FTB932_Squamata_Colubridae_Storeria_occipitomaculata_seq1,I9906_FTB932_Squamata_Colubridae_Storeria_occipitomaculata_seq2))),((I9911_CAS238520_Squamata_Colubridae_Storeria_storerioides_seq1,I9911_CAS238520_Squamata_Colubridae_Storeria_storerioides_seq2),((I9901_FTB554_Squamata_Colubridae_Diadophis_punctatus_seq1,I9901_FTB554_Squamata_Colubridae_Diadophis_punctatus_seq2),(I9915_FTB594_Squamata_Colubridae_Regina_rigida_seq1,I9915_FTB594_Squamata_Colubridae_Regina_rigida_seq2))))))));
Final quartet score is: 402776
Final normalized quartet score is: 0.7422526905499042
(I9901_FTB554_Squamata_Colubridae_Diadophis_punctatus_seq1,(I9901_FTB554_Squamata_Colubridae_Diadophis_punctatus_seq2,((I9915_FTB594_Squamata_Colubridae_Regina_rigida_seq1,I9915_FTB594_Squamata_Colubridae_Regina_rigida_seq2)1:2.7124847981700766,((I9911_CAS238520_Squamata_Colubridae_Storeria_storerioides_seq1,I9911_CAS238520_Squamata_Colubridae_Storeria_storerioides_seq2)1:2.229177203297979,(((I9903_FTB718_Squamata_Colubridae_Storeria_occipitomaculata_seq1,I9903_FTB718_Squamata_Colubridae_Storeria_occipitomaculata_seq2)1:0.32045082512169615,((I9904_FTB2002_Squamata_Colubridae_Storeria_occipitomaculata_seq1,I9904_FTB2002_Squamata_Colubridae_Storeria_occipitomaculata_seq2)1:0.5887273727157291,(I9906_FTB932_Squamata_Colubridae_Storeria_occipitomaculata_seq1,I9906_FTB932_Squamata_Colubridae_Storeria_occipitomaculata_seq2)1:0.37549827845869777)0.37:0.0034826693424834503)1:1.1736034791991095,((I9902_FTB2739_Squamata_Colubridae_Storeria_dekayi_seq1,I9902_FTB2739_Squamata_Colubridae_Storeria_dekayi_seq2)1:0.4960024042294415,(((I9910_CAS204795_Squamata_Colubridae_Storeria_victa_seq1,I9910_CAS204795_Squamata_Colubridae_Storeria_victa_seq2)0.89:0.12096841332381732,(I9943_CAS184347_Squamata_Colubridae_Storeria_dekayi_seq1,I9943_CAS184347_Squamata_Colubridae_Storeria_dekayi_seq2)0.98:0.1763108960002816)0.55:0.042161188881318,(I9909_CAS204799_Squamata_Colubridae_Storeria_victa_seq2,I9909_CAS204799_Squamata_Colubridae_Storeria_victa_seq1)0.95:0.1596970057478145)1:0.271769528188777)1:1.4536556103600822)0.91:0.14050890269650046)0.99:0.2063759407314727)1:4.321922710604174));
Weight calculation took 0.213637441 secs
ASTRAL finished in 0.747 secs
