
================== ASTRAL ===================== 

This is ASTRAL version 5.7.3
Gene trees are treated as unrooted
190 trees read from /Users/mezzalinavankan/Documents/Astral/WaspsLow/50wasps.trs
All output trees will be *arbitrarily* rooted at Trachusa_larreae_BND1144

======== Running the main analysis
Number of taxa: 21 (21 species)
Taxa: [Trachusa_larreae_BND1144, Lithurgus_pullatus_BND1030, Macrotera_echinocacti_BND1092, Augochlorella_aurata_EX396, Dieunomia_nevadensis_BND1112, Caupolicana_yarrowi_BND654, Scrapter_heterodoxus_BND904, Capicola_richtersveldensis_BND941, Dasypoda_visnaga_BND977, Philanthus_gibbosus_BND827, Nasonia_vitripennis_Genome, Chyphotes_sp_EX553, Brachycistis_timberlakei_EX440, Heterogyna_nocticola_BND1290, Ephuta_rufisquamis_EX573, Mutilla_sp_EX563, Trogaspidia_sp_EX574, Odontomutilla_sp_EX556, Rhopalomutilla_sp_EX564, Ampulex_compressa_BND1382, Proscolia_sp_EX568]
Taxon occupancy: {Caupolicana_yarrowi_BND654=190, Brachycistis_timberlakei_EX440=190, Mutilla_sp_EX563=190, Proscolia_sp_EX568=190, Chyphotes_sp_EX553=190, Dasypoda_visnaga_BND977=190, Odontomutilla_sp_EX556=190, Trogaspidia_sp_EX574=190, Trachusa_larreae_BND1144=190, Lithurgus_pullatus_BND1030=190, Dieunomia_nevadensis_BND1112=190, Heterogyna_nocticola_BND1290=190, Augochlorella_aurata_EX396=190, Scrapter_heterodoxus_BND904=190, Ampulex_compressa_BND1382=190, Macrotera_echinocacti_BND1092=190, Rhopalomutilla_sp_EX564=190, Philanthus_gibbosus_BND827=190, Capicola_richtersveldensis_BND941=190, Ephuta_rufisquamis_EX573=190, Nasonia_vitripennis_Genome=190}
Number of gene trees: 190
0 trees have missing taxa
Calculating quartet distance matrix (for completion of X)
Species tree distances calculated ...
Building set of clusters (X) from gene trees 
------------------------------
gradient0: 1771
Number of Clusters after addition by distance: 1771
calculating extra bipartitions to be added at level 1 ...
Adding to X using resolutions of greedy consensus ...
Limit for sigma of degrees:575
polytomy size limit : 8
discarded polytomies:  [3, 4, 4, 5, 8]
Threshold 0.0:
Threshold 0.01:
Threshold 0.02:
Threshold 0.05:
Threshold 0.1:
Threshold 0.2:
polytomy of size 4; rounds with additions with at least 5 support: 0; clusters: 1771
polytomy of size 4; rounds with additions with at least 5 support: 0; clusters: 1771
Threshold 0.3333333333333333:
polytomy of size 3; rounds with additions with at least 5 support: 0; clusters: 1771
polytomy of size 8; rounds with additions with at least 5 support: 0; clusters: 1771
polytomy of size 5; rounds with additions with at least 5 support: 0; clusters: 1771
max k is :0
Number of Clusters after addition by greedy: 1771
gradient0 in heuristiic: 1771
partitions formed in 0.346 secs
Dynamic Programming starting after 0.346 secs
Using tree-based weight calculation.
Using polytree-based weight calculation.
Polytree max score: 1137150
Polytree building time: 0.181 seconds.
Number of quartet trees in the gene trees: 1137150
Size of largest cluster: 21
Greedy score: 830081
estimationFactor: 1.3699265493367514
Sub-optimal score: 848627
Total Number of elements weighted: 6150
Normalized score (portion of input quartet trees satisfied before correcting for multiple individuals): 0.7496038341467705
Optimization score: 852412
Optimal tree inferred in 1.088 secs.
(Dieunomia_nevadensis_BND1112,(Augochlorella_aurata_EX396,((Caupolicana_yarrowi_BND654,Scrapter_heterodoxus_BND904),(Macrotera_echinocacti_BND1092,((Capicola_richtersveldensis_BND941,Dasypoda_visnaga_BND977),((Trachusa_larreae_BND1144,Lithurgus_pullatus_BND1030),(Philanthus_gibbosus_BND827,(Heterogyna_nocticola_BND1290,(Ampulex_compressa_BND1382,(Proscolia_sp_EX568,(Nasonia_vitripennis_Genome,((Chyphotes_sp_EX553,Brachycistis_timberlakei_EX440),(Rhopalomutilla_sp_EX564,(Ephuta_rufisquamis_EX573,(Odontomutilla_sp_EX556,(Mutilla_sp_EX563,Trogaspidia_sp_EX574))))))))))))))));
Final quartet score is: 852412
Final normalized quartet score is: 0.7496038341467705
(Trachusa_larreae_BND1144,(Lithurgus_pullatus_BND1030,((Philanthus_gibbosus_BND827,(Heterogyna_nocticola_BND1290,(Ampulex_compressa_BND1382,(Proscolia_sp_EX568,(Nasonia_vitripennis_Genome,((Chyphotes_sp_EX553,Brachycistis_timberlakei_EX440)0.61:0.04513194216446315,(Rhopalomutilla_sp_EX564,(Ephuta_rufisquamis_EX573,(Odontomutilla_sp_EX556,(Mutilla_sp_EX563,Trogaspidia_sp_EX574)1:1.3519856788369047)1:0.3499441598379573)1:0.18219067530695382)1:1.2929920432775377)1:0.29625678928375215)1:0.2178751054380974)1:0.33794881408828226)0.99:0.1559702516382843)1:0.2082033578641368)1:1.0652786550778621,((Capicola_richtersveldensis_BND941,Dasypoda_visnaga_BND977)1:1.430956929889207,(Macrotera_echinocacti_BND1092,((Caupolicana_yarrowi_BND654,Scrapter_heterodoxus_BND904)1:0.7588566981026266,(Augochlorella_aurata_EX396,Dieunomia_nevadensis_BND1112)1:0.9359624776833342)1:0.19478436719840006)1:0.26402982426527505)0.72:0.05869177238757751)1:0.78841996390571));
Weight calculation took 0.423431932 secs
ASTRAL finished in 1.275 secs
