
================== ASTRAL ===================== 

This is ASTRAL version 5.7.3
Gene trees are treated as unrooted
95 trees read from /Users/mezzalinavankan/Documents/Astral/WaspsLow/R25wasps.trs
All output trees will be *arbitrarily* rooted at Mutilla_sp_EX563

======== Running the main analysis
Number of taxa: 21 (21 species)
Taxa: [Mutilla_sp_EX563, Trogaspidia_sp_EX574, Odontomutilla_sp_EX556, Rhopalomutilla_sp_EX564, Ephuta_rufisquamis_EX573, Nasonia_vitripennis_Genome, Trachusa_larreae_BND1144, Capicola_richtersveldensis_BND941, Dasypoda_visnaga_BND977, Lithurgus_pullatus_BND1030, Macrotera_echinocacti_BND1092, Dieunomia_nevadensis_BND1112, Augochlorella_aurata_EX396, Scrapter_heterodoxus_BND904, Caupolicana_yarrowi_BND654, Philanthus_gibbosus_BND827, Ampulex_compressa_BND1382, Chyphotes_sp_EX553, Brachycistis_timberlakei_EX440, Heterogyna_nocticola_BND1290, Proscolia_sp_EX568]
Taxon occupancy: {Caupolicana_yarrowi_BND654=95, Brachycistis_timberlakei_EX440=95, Mutilla_sp_EX563=95, Proscolia_sp_EX568=95, Chyphotes_sp_EX553=95, Odontomutilla_sp_EX556=95, Dasypoda_visnaga_BND977=95, Trogaspidia_sp_EX574=95, Trachusa_larreae_BND1144=95, Lithurgus_pullatus_BND1030=95, Dieunomia_nevadensis_BND1112=95, Heterogyna_nocticola_BND1290=95, Augochlorella_aurata_EX396=95, Scrapter_heterodoxus_BND904=95, Ampulex_compressa_BND1382=95, Macrotera_echinocacti_BND1092=95, Rhopalomutilla_sp_EX564=95, Philanthus_gibbosus_BND827=95, Ephuta_rufisquamis_EX573=95, Capicola_richtersveldensis_BND941=95, Nasonia_vitripennis_Genome=95}
Number of gene trees: 95
0 trees have missing taxa
Calculating quartet distance matrix (for completion of X)
Species tree distances calculated ...
Building set of clusters (X) from gene trees 
------------------------------
gradient0: 1235
Number of Clusters after addition by distance: 1235
calculating extra bipartitions to be added at level 1 ...
Adding to X using resolutions of greedy consensus ...
Limit for sigma of degrees:575
polytomy size limit : 8
discarded polytomies:  [3, 4, 5, 8, 8]
Threshold 0.0:
Threshold 0.01:
Threshold 0.02:
Threshold 0.05:
Threshold 0.1:
Threshold 0.2:
polytomy of size 4; rounds with additions with at least 5 support: 0; clusters: 1235
polytomy of size 8; rounds with additions with at least 5 support: 0; clusters: 1237
Threshold 0.3333333333333333:
polytomy of size 5; rounds with additions with at least 5 support: 0; clusters: 1237
polytomy of size 8; rounds with additions with at least 5 support: 0; clusters: 1237
polytomy of size 3; rounds with additions with at least 5 support: 0; clusters: 1237
max k is :0
Number of Clusters after addition by greedy: 1237
gradient0 in heuristiic: 1237
partitions formed in 0.328 secs
Dynamic Programming starting after 0.328 secs
Using tree-based weight calculation.
Using polytree-based weight calculation.
Polytree max score: 568575
Polytree building time: 0.075 seconds.
Number of quartet trees in the gene trees: 568575
Size of largest cluster: 21
Greedy score: 406503
estimationFactor: 1.3986981645891912
Sub-optimal score: 410344
Total Number of elements weighted: 3389
Normalized score (portion of input quartet trees satisfied before correcting for multiple individuals): 0.7285089917776898
Optimization score: 414212
Optimal tree inferred in 0.876 secs.
(Ephuta_rufisquamis_EX573,((Odontomutilla_sp_EX556,(Mutilla_sp_EX563,Trogaspidia_sp_EX574)),(Rhopalomutilla_sp_EX564,(Chyphotes_sp_EX553,(Brachycistis_timberlakei_EX440,(Nasonia_vitripennis_Genome,(Proscolia_sp_EX568,(Ampulex_compressa_BND1382,(Heterogyna_nocticola_BND1290,(Philanthus_gibbosus_BND827,((Trachusa_larreae_BND1144,Lithurgus_pullatus_BND1030),((Capicola_richtersveldensis_BND941,Dasypoda_visnaga_BND977),(Macrotera_echinocacti_BND1092,((Dieunomia_nevadensis_BND1112,Augochlorella_aurata_EX396),(Scrapter_heterodoxus_BND904,Caupolicana_yarrowi_BND654)))))))))))))));
Final quartet score is: 414212
Final normalized quartet score is: 0.7285089917776898
(Mutilla_sp_EX563,(Trogaspidia_sp_EX574,(Odontomutilla_sp_EX556,((Rhopalomutilla_sp_EX564,(Chyphotes_sp_EX553,(Brachycistis_timberlakei_EX440,(Nasonia_vitripennis_Genome,(Proscolia_sp_EX568,(Ampulex_compressa_BND1382,(Heterogyna_nocticola_BND1290,(Philanthus_gibbosus_BND827,((Trachusa_larreae_BND1144,Lithurgus_pullatus_BND1030)1:0.6573377278632352,((Capicola_richtersveldensis_BND941,Dasypoda_visnaga_BND977)1:1.2295959092138349,(Macrotera_echinocacti_BND1092,((Dieunomia_nevadensis_BND1112,Augochlorella_aurata_EX396)1:1.0298032576081855,(Scrapter_heterodoxus_BND904,Caupolicana_yarrowi_BND654)1:0.7567057898111675)0.83:0.11528372014280665)0.99:0.2086701155996195)0.9:0.13695988223166786)1:0.9255665743366766)0.99:0.2183806066096569)0.86:0.12110887262596592)0.96:0.1701094966509572)0.9:0.1409996872320484)0.92:0.1464347974604306)0.55:0.06859435396683214)1:1.226800836882138)0.73:0.11036433334298837,Ephuta_rufisquamis_EX573)1:0.34895794795453555)1:0.9289574223048864));
Weight calculation took 0.364655222 secs
ASTRAL finished in 1.01 secs
