
================== ASTRAL ===================== 

This is ASTRAL version 5.7.3
Gene trees are treated as unrooted
190 trees read from /Users/mezzalinavankan/Documents/Astral/WaspsLow/R50wasps.trs
All output trees will be *arbitrarily* rooted at Ampulex_compressa_BND1382

======== Running the main analysis
Number of taxa: 21 (21 species)
Taxa: [Ampulex_compressa_BND1382, Brachycistis_timberlakei_EX440, Chyphotes_sp_EX553, Mutilla_sp_EX563, Trogaspidia_sp_EX574, Ephuta_rufisquamis_EX573, Odontomutilla_sp_EX556, Rhopalomutilla_sp_EX564, Proscolia_sp_EX568, Philanthus_gibbosus_BND827, Augochlorella_aurata_EX396, Heterogyna_nocticola_BND1290, Trachusa_larreae_BND1144, Scrapter_heterodoxus_BND904, Dieunomia_nevadensis_BND1112, Lithurgus_pullatus_BND1030, Capicola_richtersveldensis_BND941, Dasypoda_visnaga_BND977, Macrotera_echinocacti_BND1092, Caupolicana_yarrowi_BND654, Nasonia_vitripennis_Genome]
Taxon occupancy: {Caupolicana_yarrowi_BND654=190, Brachycistis_timberlakei_EX440=190, Mutilla_sp_EX563=190, Proscolia_sp_EX568=190, Chyphotes_sp_EX553=190, Odontomutilla_sp_EX556=190, Dasypoda_visnaga_BND977=190, Trogaspidia_sp_EX574=190, Trachusa_larreae_BND1144=190, Heterogyna_nocticola_BND1290=190, Dieunomia_nevadensis_BND1112=190, Lithurgus_pullatus_BND1030=190, Augochlorella_aurata_EX396=190, Ampulex_compressa_BND1382=190, Scrapter_heterodoxus_BND904=190, Macrotera_echinocacti_BND1092=190, Rhopalomutilla_sp_EX564=190, Philanthus_gibbosus_BND827=190, Ephuta_rufisquamis_EX573=190, Capicola_richtersveldensis_BND941=190, Nasonia_vitripennis_Genome=190}
Number of gene trees: 190
0 trees have missing taxa
Calculating quartet distance matrix (for completion of X)
Species tree distances calculated ...
Building set of clusters (X) from gene trees 
------------------------------
gradient0: 2083
Number of Clusters after addition by distance: 2083
calculating extra bipartitions to be added at level 1 ...
Adding to X using resolutions of greedy consensus ...
Limit for sigma of degrees:575
polytomy size limit : 8
discarded polytomies:  [4, 5, 8, 8]
Threshold 0.0:
Threshold 0.01:
Threshold 0.02:
Threshold 0.05:
Threshold 0.1:
Threshold 0.2:
polytomy of size 4; rounds with additions with at least 5 support: 0; clusters: 2083
polytomy of size 8; rounds with additions with at least 5 support: 0; clusters: 2083
Threshold 0.3333333333333333:
polytomy of size 5; rounds with additions with at least 5 support: 0; clusters: 2083
polytomy of size 8; rounds with additions with at least 5 support: 0; clusters: 2083
max k is :0
Number of Clusters after addition by greedy: 2083
gradient0 in heuristiic: 2083
partitions formed in 0.384 secs
Dynamic Programming starting after 0.384 secs
Using tree-based weight calculation.
Using polytree-based weight calculation.
Polytree max score: 1137150
Polytree building time: 0.279 seconds.
Number of quartet trees in the gene trees: 1137150
Size of largest cluster: 21
Greedy score: 793267
estimationFactor: 1.4335022130001627
Sub-optimal score: 809987
Total Number of elements weighted: 7547
Normalized score (portion of input quartet trees satisfied before correcting for multiple individuals): 0.712612232335224
Optimization score: 810347
Optimal tree inferred in 1.422 secs.
(Trogaspidia_sp_EX574,(Mutilla_sp_EX563,(Odontomutilla_sp_EX556,(Ephuta_rufisquamis_EX573,(Rhopalomutilla_sp_EX564,(Chyphotes_sp_EX553,(Brachycistis_timberlakei_EX440,(Nasonia_vitripennis_Genome,(Proscolia_sp_EX568,(Ampulex_compressa_BND1382,(Heterogyna_nocticola_BND1290,(Philanthus_gibbosus_BND827,((Trachusa_larreae_BND1144,Lithurgus_pullatus_BND1030),((Capicola_richtersveldensis_BND941,Dasypoda_visnaga_BND977),(Macrotera_echinocacti_BND1092,((Augochlorella_aurata_EX396,Dieunomia_nevadensis_BND1112),(Scrapter_heterodoxus_BND904,Caupolicana_yarrowi_BND654)))))))))))))))));
Final quartet score is: 810347
Final normalized quartet score is: 0.712612232335224
(Ampulex_compressa_BND1382,((Heterogyna_nocticola_BND1290,(Philanthus_gibbosus_BND827,((Trachusa_larreae_BND1144,Lithurgus_pullatus_BND1030)1:0.6465676712164942,((Capicola_richtersveldensis_BND941,Dasypoda_visnaga_BND977)1:1.1991229533723333,(Macrotera_echinocacti_BND1092,((Augochlorella_aurata_EX396,Dieunomia_nevadensis_BND1112)1:0.8638335785380348,(Scrapter_heterodoxus_BND904,Caupolicana_yarrowi_BND654)1:0.6135546938577235)1:0.1979203363180933)1:0.23319176233145614)0.52:0.03208653615563145)1:0.8063806776321433)0.97:0.13039495513439225)0.99:0.14784425466401335,(Proscolia_sp_EX568,(Nasonia_vitripennis_Genome,(Brachycistis_timberlakei_EX440,(Chyphotes_sp_EX553,(Rhopalomutilla_sp_EX564,(Ephuta_rufisquamis_EX573,(Odontomutilla_sp_EX556,(Mutilla_sp_EX563,Trogaspidia_sp_EX574)1:1.0488253638878675)1:0.23256180169617746)1:0.22921561395181678)1:1.3034364494957669)0.78:0.06996834443479825)1:0.24420552945562018)0.77:0.11374762121593736)1:0.2720973414350826));
Weight calculation took 0.611928644 secs
ASTRAL finished in 1.627 secs
