
================== ASTRAL ===================== 

This is ASTRAL version 5.7.3
Gene trees are treated as unrooted
95 trees read from /Users/mezzalinavankan/Documents/Astral/WaspsHigh/25wasps.trs
All output trees will be *arbitrarily* rooted at Ampulex_compressa_BND1382

======== Running the main analysis
Number of taxa: 21 (21 species)
Taxa: [Ampulex_compressa_BND1382, Brachycistis_timberlakei_EX440, Chyphotes_sp_EX553, Mutilla_sp_EX563, Trogaspidia_sp_EX574, Ephuta_rufisquamis_EX573, Odontomutilla_sp_EX556, Rhopalomutilla_sp_EX564, Proscolia_sp_EX568, Philanthus_gibbosus_BND827, Augochlorella_aurata_EX396, Heterogyna_nocticola_BND1290, Trachusa_larreae_BND1144, Scrapter_heterodoxus_BND904, Dieunomia_nevadensis_BND1112, Lithurgus_pullatus_BND1030, Capicola_richtersveldensis_BND941, Dasypoda_visnaga_BND977, Macrotera_echinocacti_BND1092, Caupolicana_yarrowi_BND654, Nasonia_vitripennis_Genome]
Taxon occupancy: {Caupolicana_yarrowi_BND654=95, Brachycistis_timberlakei_EX440=95, Mutilla_sp_EX563=95, Proscolia_sp_EX568=95, Chyphotes_sp_EX553=95, Odontomutilla_sp_EX556=95, Dasypoda_visnaga_BND977=95, Trogaspidia_sp_EX574=95, Trachusa_larreae_BND1144=95, Heterogyna_nocticola_BND1290=95, Dieunomia_nevadensis_BND1112=95, Lithurgus_pullatus_BND1030=95, Augochlorella_aurata_EX396=95, Ampulex_compressa_BND1382=95, Scrapter_heterodoxus_BND904=95, Macrotera_echinocacti_BND1092=95, Rhopalomutilla_sp_EX564=95, Philanthus_gibbosus_BND827=95, Ephuta_rufisquamis_EX573=95, Capicola_richtersveldensis_BND941=95, Nasonia_vitripennis_Genome=95}
Number of gene trees: 95
0 trees have missing taxa
Calculating quartet distance matrix (for completion of X)
Species tree distances calculated ...
Building set of clusters (X) from gene trees 
------------------------------
gradient0: 1311
Number of Clusters after addition by distance: 1311
calculating extra bipartitions to be added at level 1 ...
Adding to X using resolutions of greedy consensus ...
Limit for sigma of degrees:575
polytomy size limit : 8
discarded polytomies:  [5, 5, 6, 8]
Threshold 0.0:
Threshold 0.01:
Threshold 0.02:
Threshold 0.05:
Threshold 0.1:
Threshold 0.2:
polytomy of size 5; rounds with additions with at least 5 support: 0; clusters: 1311
polytomy of size 6; rounds with additions with at least 5 support: 0; clusters: 1311
Threshold 0.3333333333333333:
polytomy of size 5; rounds with additions with at least 5 support: 0; clusters: 1311
polytomy of size 8; rounds with additions with at least 5 support: 0; clusters: 1311
max k is :0
Number of Clusters after addition by greedy: 1311
gradient0 in heuristiic: 1311
partitions formed in 0.265 secs
Dynamic Programming starting after 0.265 secs
Using tree-based weight calculation.
Using polytree-based weight calculation.
Polytree max score: 568575
Polytree building time: 0.079 seconds.
Number of quartet trees in the gene trees: 568575
Size of largest cluster: 21
Greedy score: 391381
estimationFactor: 1.4527404242924413
Sub-optimal score: 399104
Total Number of elements weighted: 3428
Normalized score (portion of input quartet trees satisfied before correcting for multiple individuals): 0.7035237215846634
Optimization score: 400006
Optimal tree inferred in 0.821 secs.
(Trogaspidia_sp_EX574,(Mutilla_sp_EX563,(Odontomutilla_sp_EX556,(Ephuta_rufisquamis_EX573,(Rhopalomutilla_sp_EX564,(Chyphotes_sp_EX553,(Brachycistis_timberlakei_EX440,(Proscolia_sp_EX568,(Nasonia_vitripennis_Genome,(Ampulex_compressa_BND1382,(Heterogyna_nocticola_BND1290,(Philanthus_gibbosus_BND827,((Capicola_richtersveldensis_BND941,Dasypoda_visnaga_BND977),((Trachusa_larreae_BND1144,Lithurgus_pullatus_BND1030),(Macrotera_echinocacti_BND1092,((Augochlorella_aurata_EX396,Dieunomia_nevadensis_BND1112),(Scrapter_heterodoxus_BND904,Caupolicana_yarrowi_BND654)))))))))))))))));
Final quartet score is: 400006
Final normalized quartet score is: 0.7035237215846634
(Ampulex_compressa_BND1382,((Heterogyna_nocticola_BND1290,(Philanthus_gibbosus_BND827,((Capicola_richtersveldensis_BND941,Dasypoda_visnaga_BND977)1:0.9404835623823525,((Trachusa_larreae_BND1144,Lithurgus_pullatus_BND1030)1:0.6291668508965381,(Macrotera_echinocacti_BND1092,((Augochlorella_aurata_EX396,Dieunomia_nevadensis_BND1112)1:1.034964559388411,(Scrapter_heterodoxus_BND904,Caupolicana_yarrowi_BND654)1:0.6385963301270771)0.57:0.049290777736746505)0.96:0.16824696306758377)0.47:0.028997111061241528)1:0.6031640331811585)0.87:0.13135123122188463)0.99:0.22227587230098764,(Nasonia_vitripennis_Genome,(Proscolia_sp_EX568,(Brachycistis_timberlakei_EX440,(Chyphotes_sp_EX553,(Rhopalomutilla_sp_EX564,(Ephuta_rufisquamis_EX573,(Odontomutilla_sp_EX556,(Mutilla_sp_EX563,Trogaspidia_sp_EX574)1:0.9007865453381897)1:0.25988572094868206)1:0.30298960948772147)1:1.2118159817869623)0.85:0.13098362054572388)0.97:0.17728617869269844)0.99:0.21430069640463517)0.61:0.06415980498080079));
Weight calculation took 0.367142723 secs
ASTRAL finished in 0.961 secs
