
================== ASTRAL ===================== 

This is ASTRAL version 5.7.3
Gene trees are treated as unrooted
190 trees read from /Users/mezzalinavankan/Documents/Astral/WaspsHigh/50wasps.trs
All output trees will be *arbitrarily* rooted at Ampulex_compressa_BND1382

======== Running the main analysis
Number of taxa: 21 (21 species)
Taxa: [Ampulex_compressa_BND1382, Brachycistis_timberlakei_EX440, Chyphotes_sp_EX553, Mutilla_sp_EX563, Trogaspidia_sp_EX574, Ephuta_rufisquamis_EX573, Odontomutilla_sp_EX556, Rhopalomutilla_sp_EX564, Proscolia_sp_EX568, Philanthus_gibbosus_BND827, Augochlorella_aurata_EX396, Heterogyna_nocticola_BND1290, Trachusa_larreae_BND1144, Scrapter_heterodoxus_BND904, Dieunomia_nevadensis_BND1112, Lithurgus_pullatus_BND1030, Capicola_richtersveldensis_BND941, Dasypoda_visnaga_BND977, Macrotera_echinocacti_BND1092, Caupolicana_yarrowi_BND654, Nasonia_vitripennis_Genome]
Taxon occupancy: {Caupolicana_yarrowi_BND654=190, Brachycistis_timberlakei_EX440=190, Mutilla_sp_EX563=190, Proscolia_sp_EX568=190, Chyphotes_sp_EX553=190, Odontomutilla_sp_EX556=190, Dasypoda_visnaga_BND977=190, Trogaspidia_sp_EX574=190, Trachusa_larreae_BND1144=190, Heterogyna_nocticola_BND1290=190, Dieunomia_nevadensis_BND1112=190, Lithurgus_pullatus_BND1030=190, Augochlorella_aurata_EX396=190, Ampulex_compressa_BND1382=190, Scrapter_heterodoxus_BND904=190, Macrotera_echinocacti_BND1092=190, Rhopalomutilla_sp_EX564=190, Philanthus_gibbosus_BND827=190, Ephuta_rufisquamis_EX573=190, Capicola_richtersveldensis_BND941=190, Nasonia_vitripennis_Genome=190}
Number of gene trees: 190
0 trees have missing taxa
Calculating quartet distance matrix (for completion of X)
Species tree distances calculated ...
Building set of clusters (X) from gene trees 
------------------------------
gradient0: 2245
Number of Clusters after addition by distance: 2245
calculating extra bipartitions to be added at level 1 ...
Adding to X using resolutions of greedy consensus ...
Limit for sigma of degrees:575
polytomy size limit : 12
discarded polytomies:  [5, 8, 12]
Threshold 0.0:
Threshold 0.01:
Threshold 0.02:
Threshold 0.05:
Threshold 0.1:
Threshold 0.2:
polytomy of size 5; rounds with additions with at least 5 support: 0; clusters: 2245
polytomy of size 8; rounds with additions with at least 5 support: 0; clusters: 2245
Threshold 0.3333333333333333:
polytomy of size 12; rounds with additions with at least 5 support: 0; clusters: 2245
max k is :0
Number of Clusters after addition by greedy: 2245
gradient0 in heuristiic: 2245
partitions formed in 0.505 secs
Dynamic Programming starting after 0.505 secs
Using tree-based weight calculation.
Using polytree-based weight calculation.
Polytree max score: 1137150
Polytree building time: 0.324 seconds.
Number of quartet trees in the gene trees: 1137150
Size of largest cluster: 21
Greedy score: 769736
estimationFactor: 1.4773246931415447
Sub-optimal score: 787254
Total Number of elements weighted: 8135
Normalized score (portion of input quartet trees satisfied before correcting for multiple individuals): 0.692304445323836
Optimization score: 787254
Optimal tree inferred in 1.516 secs.
(Trogaspidia_sp_EX574,(Mutilla_sp_EX563,(Odontomutilla_sp_EX556,(Ephuta_rufisquamis_EX573,(Rhopalomutilla_sp_EX564,(Chyphotes_sp_EX553,(Brachycistis_timberlakei_EX440,(Proscolia_sp_EX568,(Nasonia_vitripennis_Genome,(Ampulex_compressa_BND1382,(Heterogyna_nocticola_BND1290,(Philanthus_gibbosus_BND827,((Capicola_richtersveldensis_BND941,Dasypoda_visnaga_BND977),((Trachusa_larreae_BND1144,Lithurgus_pullatus_BND1030),(Macrotera_echinocacti_BND1092,((Augochlorella_aurata_EX396,Dieunomia_nevadensis_BND1112),(Scrapter_heterodoxus_BND904,Caupolicana_yarrowi_BND654)))))))))))))))));
Final quartet score is: 787254
Final normalized quartet score is: 0.692304445323836
(Ampulex_compressa_BND1382,((Heterogyna_nocticola_BND1290,(Philanthus_gibbosus_BND827,((Capicola_richtersveldensis_BND941,Dasypoda_visnaga_BND977)1:1.0631599580225928,((Trachusa_larreae_BND1144,Lithurgus_pullatus_BND1030)1:0.7453462899475021,(Macrotera_echinocacti_BND1092,((Augochlorella_aurata_EX396,Dieunomia_nevadensis_BND1112)1:0.9069412883391461,(Scrapter_heterodoxus_BND904,Caupolicana_yarrowi_BND654)1:0.6544833493561604)0.98:0.13222334796450738)1:0.21485711127273252)0.82:0.07559417467673728)1:0.4872729887484276)0.98:0.13707793846331712)1:0.1834740531235224,(Nasonia_vitripennis_Genome,(Proscolia_sp_EX568,(Brachycistis_timberlakei_EX440,(Chyphotes_sp_EX553,(Rhopalomutilla_sp_EX564,(Ephuta_rufisquamis_EX573,(Odontomutilla_sp_EX556,(Mutilla_sp_EX563,Trogaspidia_sp_EX574)1:0.8828255755796075)1:0.31042094346827287)1:0.20884831112738322)1:1.3278279026199278)0.76:0.06744475960696186)1:0.18470054221062918)0.99:0.16489757567259658)0.98:0.1367663740778362));
Weight calculation took 0.545666152 secs
ASTRAL finished in 1.714 secs
