
================== ASTRAL ===================== 

This is ASTRAL version 5.7.3
Gene trees are treated as unrooted
95 trees read from /Users/mezzalinavankan/Documents/Astral/WaspsHigh/R25wasps.trs
All output trees will be *arbitrarily* rooted at Trachusa_larreae_BND1144

======== Running the main analysis
Number of taxa: 21 (21 species)
Taxa: [Trachusa_larreae_BND1144, Lithurgus_pullatus_BND1030, Augochlorella_aurata_EX396, Macrotera_echinocacti_BND1092, Caupolicana_yarrowi_BND654, Dieunomia_nevadensis_BND1112, Scrapter_heterodoxus_BND904, Capicola_richtersveldensis_BND941, Dasypoda_visnaga_BND977, Ampulex_compressa_BND1382, Philanthus_gibbosus_BND827, Proscolia_sp_EX568, Odontomutilla_sp_EX556, Mutilla_sp_EX563, Trogaspidia_sp_EX574, Rhopalomutilla_sp_EX564, Ephuta_rufisquamis_EX573, Brachycistis_timberlakei_EX440, Chyphotes_sp_EX553, Nasonia_vitripennis_Genome, Heterogyna_nocticola_BND1290]
Taxon occupancy: {Caupolicana_yarrowi_BND654=95, Brachycistis_timberlakei_EX440=95, Proscolia_sp_EX568=95, Mutilla_sp_EX563=95, Chyphotes_sp_EX553=95, Dasypoda_visnaga_BND977=95, Odontomutilla_sp_EX556=95, Trogaspidia_sp_EX574=95, Trachusa_larreae_BND1144=95, Lithurgus_pullatus_BND1030=95, Dieunomia_nevadensis_BND1112=95, Heterogyna_nocticola_BND1290=95, Augochlorella_aurata_EX396=95, Scrapter_heterodoxus_BND904=95, Ampulex_compressa_BND1382=95, Macrotera_echinocacti_BND1092=95, Rhopalomutilla_sp_EX564=95, Philanthus_gibbosus_BND827=95, Capicola_richtersveldensis_BND941=95, Ephuta_rufisquamis_EX573=95, Nasonia_vitripennis_Genome=95}
Number of gene trees: 95
0 trees have missing taxa
Calculating quartet distance matrix (for completion of X)
Species tree distances calculated ...
Building set of clusters (X) from gene trees 
------------------------------
gradient0: 1321
Number of Clusters after addition by distance: 1321
calculating extra bipartitions to be added at level 1 ...
Adding to X using resolutions of greedy consensus ...
Limit for sigma of degrees:575
polytomy size limit : 8
discarded polytomies:  [4, 5, 7, 8]
Threshold 0.0:
Threshold 0.01:
Threshold 0.02:
Threshold 0.05:
Threshold 0.1:
Threshold 0.2:
polytomy of size 7; rounds with additions with at least 5 support: 0; clusters: 1321
polytomy of size 4; rounds with additions with at least 5 support: 0; clusters: 1321
Threshold 0.3333333333333333:
polytomy of size 8; rounds with additions with at least 5 support: 0; clusters: 1321
polytomy of size 5; rounds with additions with at least 5 support: 0; clusters: 1321
max k is :0
Number of Clusters after addition by greedy: 1321
gradient0 in heuristiic: 1321
partitions formed in 0.278 secs
Dynamic Programming starting after 0.278 secs
Using tree-based weight calculation.
Using polytree-based weight calculation.
Polytree max score: 568575
Polytree building time: 0.08 seconds.
Number of quartet trees in the gene trees: 568575
Size of largest cluster: 21
Greedy score: 401725
estimationFactor: 1.415333872674093
Sub-optimal score: 409803
Total Number of elements weighted: 3490
Normalized score (portion of input quartet trees satisfied before correcting for multiple individuals): 0.7254240865321198
Optimization score: 412458
Optimal tree inferred in 0.831 secs.
(Caupolicana_yarrowi_BND654,(Scrapter_heterodoxus_BND904,((Augochlorella_aurata_EX396,Dieunomia_nevadensis_BND1112),(Macrotera_echinocacti_BND1092,((Capicola_richtersveldensis_BND941,Dasypoda_visnaga_BND977),((Trachusa_larreae_BND1144,Lithurgus_pullatus_BND1030),(Philanthus_gibbosus_BND827,(Heterogyna_nocticola_BND1290,(Ampulex_compressa_BND1382,(Proscolia_sp_EX568,(Nasonia_vitripennis_Genome,((Brachycistis_timberlakei_EX440,Chyphotes_sp_EX553),(Rhopalomutilla_sp_EX564,(Ephuta_rufisquamis_EX573,(Odontomutilla_sp_EX556,(Mutilla_sp_EX563,Trogaspidia_sp_EX574))))))))))))))));
Final quartet score is: 412458
Final normalized quartet score is: 0.7254240865321198
(Trachusa_larreae_BND1144,(Lithurgus_pullatus_BND1030,((Philanthus_gibbosus_BND827,(Heterogyna_nocticola_BND1290,(Ampulex_compressa_BND1382,(Proscolia_sp_EX568,(Nasonia_vitripennis_Genome,((Brachycistis_timberlakei_EX440,Chyphotes_sp_EX553)0.9:0.14895586295015398,(Rhopalomutilla_sp_EX564,(Ephuta_rufisquamis_EX573,(Odontomutilla_sp_EX556,(Mutilla_sp_EX563,Trogaspidia_sp_EX574)1:0.8487456672131465)1:0.3713567763423714)1:0.3261738846512513)1:1.1008469264695255)1:0.28848367570111794)0.76:0.11624961373466675)1:0.3312303176975163)0.88:0.130164052609954)0.8:0.10189430768134013)1:0.8172151442210035,((Capicola_richtersveldensis_BND941,Dasypoda_visnaga_BND977)1:0.9654715973574065,(Macrotera_echinocacti_BND1092,((Augochlorella_aurata_EX396,Dieunomia_nevadensis_BND1112)1:0.7334714435769217,(Scrapter_heterodoxus_BND904,Caupolicana_yarrowi_BND654)1:0.5935014928806805)0.96:0.16903135778217498)1:0.26378826895221397)0.49:0.03991366151988732)1:0.6551864183207228));
Weight calculation took 0.369523913 secs
ASTRAL finished in 0.965 secs
