
================== ASTRAL ===================== 

This is ASTRAL version 5.7.3
Gene trees are treated as unrooted
190 trees read from /Users/mezzalinavankan/Documents/Astral/WaspsHigh/R50wasps.trs
All output trees will be *arbitrarily* rooted at Ampulex_compressa_BND1382

======== Running the main analysis
Number of taxa: 21 (21 species)
Taxa: [Ampulex_compressa_BND1382, Brachycistis_timberlakei_EX440, Chyphotes_sp_EX553, Mutilla_sp_EX563, Trogaspidia_sp_EX574, Ephuta_rufisquamis_EX573, Odontomutilla_sp_EX556, Rhopalomutilla_sp_EX564, Proscolia_sp_EX568, Philanthus_gibbosus_BND827, Augochlorella_aurata_EX396, Heterogyna_nocticola_BND1290, Trachusa_larreae_BND1144, Scrapter_heterodoxus_BND904, Dieunomia_nevadensis_BND1112, Lithurgus_pullatus_BND1030, Capicola_richtersveldensis_BND941, Dasypoda_visnaga_BND977, Macrotera_echinocacti_BND1092, Caupolicana_yarrowi_BND654, Nasonia_vitripennis_Genome]
Taxon occupancy: {Caupolicana_yarrowi_BND654=190, Brachycistis_timberlakei_EX440=190, Mutilla_sp_EX563=190, Proscolia_sp_EX568=190, Chyphotes_sp_EX553=190, Odontomutilla_sp_EX556=190, Dasypoda_visnaga_BND977=190, Trogaspidia_sp_EX574=190, Trachusa_larreae_BND1144=190, Heterogyna_nocticola_BND1290=190, Dieunomia_nevadensis_BND1112=190, Lithurgus_pullatus_BND1030=190, Augochlorella_aurata_EX396=190, Ampulex_compressa_BND1382=190, Scrapter_heterodoxus_BND904=190, Macrotera_echinocacti_BND1092=190, Rhopalomutilla_sp_EX564=190, Philanthus_gibbosus_BND827=190, Ephuta_rufisquamis_EX573=190, Capicola_richtersveldensis_BND941=190, Nasonia_vitripennis_Genome=190}
Number of gene trees: 190
0 trees have missing taxa
Calculating quartet distance matrix (for completion of X)
Species tree distances calculated ...
Building set of clusters (X) from gene trees 
------------------------------
gradient0: 1997
Number of Clusters after addition by distance: 1997
calculating extra bipartitions to be added at level 1 ...
Adding to X using resolutions of greedy consensus ...
Limit for sigma of degrees:575
polytomy size limit : 8
discarded polytomies:  [3, 3, 5, 5, 7, 8]
Threshold 0.0:
Threshold 0.01:
Threshold 0.02:
Threshold 0.05:
Threshold 0.1:
polytomy of size 3; rounds with additions with at least 5 support: 0; clusters: 1997
Threshold 0.2:
polytomy of size 5; rounds with additions with at least 5 support: 0; clusters: 1997
polytomy of size 7; rounds with additions with at least 5 support: 0; clusters: 1997
Threshold 0.3333333333333333:
polytomy of size 3; rounds with additions with at least 5 support: 0; clusters: 1997
polytomy of size 5; rounds with additions with at least 5 support: 0; clusters: 1997
polytomy of size 8; rounds with additions with at least 5 support: 0; clusters: 1997
max k is :0
Number of Clusters after addition by greedy: 1997
gradient0 in heuristiic: 1997
partitions formed in 0.431 secs
Dynamic Programming starting after 0.432 secs
Using tree-based weight calculation.
Using polytree-based weight calculation.
Polytree max score: 1137150
Polytree building time: 0.281 seconds.
Number of quartet trees in the gene trees: 1137150
Size of largest cluster: 21
Greedy score: 804916
estimationFactor: 1.4127561136814277
Sub-optimal score: 822052
Total Number of elements weighted: 7167
Normalized score (portion of input quartet trees satisfied before correcting for multiple individuals): 0.7229055093875039
Optimization score: 822052
Optimal tree inferred in 1.475 secs.
(Trogaspidia_sp_EX574,(Mutilla_sp_EX563,(Odontomutilla_sp_EX556,(Ephuta_rufisquamis_EX573,(Rhopalomutilla_sp_EX564,(Chyphotes_sp_EX553,(Brachycistis_timberlakei_EX440,(Proscolia_sp_EX568,(Nasonia_vitripennis_Genome,(Ampulex_compressa_BND1382,(Heterogyna_nocticola_BND1290,(Philanthus_gibbosus_BND827,((Trachusa_larreae_BND1144,Lithurgus_pullatus_BND1030),((Capicola_richtersveldensis_BND941,Dasypoda_visnaga_BND977),(Macrotera_echinocacti_BND1092,((Augochlorella_aurata_EX396,Dieunomia_nevadensis_BND1112),(Scrapter_heterodoxus_BND904,Caupolicana_yarrowi_BND654)))))))))))))))));
Final quartet score is: 822052
Final normalized quartet score is: 0.7229055093875039
(Ampulex_compressa_BND1382,((Heterogyna_nocticola_BND1290,(Philanthus_gibbosus_BND827,((Trachusa_larreae_BND1144,Lithurgus_pullatus_BND1030)1:0.758633545424162,((Capicola_richtersveldensis_BND941,Dasypoda_visnaga_BND977)1:1.081298567208366,(Macrotera_echinocacti_BND1092,((Augochlorella_aurata_EX396,Dieunomia_nevadensis_BND1112)1:0.8298954978491803,(Scrapter_heterodoxus_BND904,Caupolicana_yarrowi_BND654)1:0.5709595283075092)0.97:0.12621900122333587)1:0.2435148939632339)0.67:0.05136218626178091)1:0.6989435076069977)1:0.25754170578558694)0.97:0.1308921460162101,(Nasonia_vitripennis_Genome,(Proscolia_sp_EX568,(Brachycistis_timberlakei_EX440,(Chyphotes_sp_EX553,(Rhopalomutilla_sp_EX564,(Ephuta_rufisquamis_EX573,(Odontomutilla_sp_EX556,(Mutilla_sp_EX563,Trogaspidia_sp_EX574)1:1.115774426070495)1:0.25377025494233435)1:0.17983773304492692)1:1.6186424481631718)0.63:0.04419341558219847)1:0.28152573609135934)0.97:0.1669945909546084)1:0.25525312602486416));
Weight calculation took 0.628662317 secs
ASTRAL finished in 1.647 secs
