
================== ASTRAL ===================== 

This is ASTRAL version 5.7.3
Gene trees are treated as unrooted
90 trees read from /Users/mezzalinavankan/Documents/Astral/AngiospermsHigh/25angiosperms.trs
All output trees will be *arbitrarily* rooted at I8303_STA_0105_Cyperaceae_Carex_pulicaris

======== Running the main analysis
Number of taxa: 35 (35 species)
Taxa: [I8303_STA_0105_Cyperaceae_Carex_pulicaris, I8304_STA_0178_Cyperaceae_Carex_plantaginea, I8325_STA_2636_Cyperaceae_Carex_myosurus, I8327_STA_2644_Cyperaceae_Carex_bavicola, I8329_STA_2646_Cyperaceae_Carex_speciosa, I8321_STA_2651_Cyperaceae_Carex_filicina, I8332_STA_2654_Cyperaceae_Carex_canescens, I8322_STA_2652_Cyperaceae_Uncinia_Uncinia, I8305_STA_0387B_Cyperaceae_Khaosokia_caricoides, I8314_STA_2632_Cyperaceae_Eleocharis_obtusa, I8331_STA_2648_Cyperaceae_Erioscirpus_comosus, I8338_STA_2682_Cyperaceae_Dulichium_arundinaceum, I8307_STA_2567_Cyperaceae_Scirpus_microcarpus, I8326_STA_2638_Cyperaceae_Scirpus_atrovirens, I8313_STA_2631_Cyperaceae_Eriophorum_angustifolium, I8324_STA_2634_Cyperaceae_Eriophorum_vaginatum_subsp_spissum, I8309_STA_2609_Cyperaceae_Scirpus_cyperinus, I8310_STA_2628_Cyperaceae_Trichophorum_cespitosum, I8315_STA_2633_Cyperaceae_Trichophorum_alpinum, I8317_STA_2640_Cyperaceae_Amphiscirpus_nevadensis, I8320_STA_2650_Cyperaceae_Scirpus_Scirpus, I8308_STA_2608_Cyperaceae_Eriophorum_virginicum, I8319_STA_2643_Cyperaceae_Scirpus_pendulus, I8311_STA_2629_Cyperaceae_Calliscirpus_criniger, I8333_STA_2655_Cyperaceae_Calliscirpus_brachythrix, I8306_STA_2442_Cyperaceae_Carex_hypolytroides, I8337_STA_2681_Cyperaceae_Carex_siderosticta, I8316_STA_2639_Cyperaceae_Carex_kucyniakii, I8323_STA_2653_Cyperaceae_Carex_capitata, I8335_STA_2657_Cyperaceae_Carex_nardina, I8336_STA_2658_Cyperaceae_Carex_microglochin, I8312_STA_2630_Cyperaceae_Kobresia_myosuroides, I8328_STA_2645_Cyperaceae_Carex_dimorpholepis, I8330_STA_2647_Cyperaceae_Carex_atrivaginata, I8334_STA_2656_Cyperaceae_Carex_camptoglochin]
Taxon occupancy: {I8325_STA_2636_Cyperaceae_Carex_myosurus=90, I8330_STA_2647_Cyperaceae_Carex_atrivaginata=90, I8329_STA_2646_Cyperaceae_Carex_speciosa=90, I8312_STA_2630_Cyperaceae_Kobresia_myosuroides=90, I8308_STA_2608_Cyperaceae_Eriophorum_virginicum=90, I8309_STA_2609_Cyperaceae_Scirpus_cyperinus=90, I8306_STA_2442_Cyperaceae_Carex_hypolytroides=90, I8303_STA_0105_Cyperaceae_Carex_pulicaris=90, I8333_STA_2655_Cyperaceae_Calliscirpus_brachythrix=90, I8334_STA_2656_Cyperaceae_Carex_camptoglochin=90, I8307_STA_2567_Cyperaceae_Scirpus_microcarpus=90, I8320_STA_2650_Cyperaceae_Scirpus_Scirpus=90, I8314_STA_2632_Cyperaceae_Eleocharis_obtusa=90, I8323_STA_2653_Cyperaceae_Carex_capitata=90, I8336_STA_2658_Cyperaceae_Carex_microglochin=90, I8335_STA_2657_Cyperaceae_Carex_nardina=90, I8317_STA_2640_Cyperaceae_Amphiscirpus_nevadensis=90, I8332_STA_2654_Cyperaceae_Carex_canescens=90, I8304_STA_0178_Cyperaceae_Carex_plantaginea=90, I8321_STA_2651_Cyperaceae_Carex_filicina=90, I8338_STA_2682_Cyperaceae_Dulichium_arundinaceum=90, I8326_STA_2638_Cyperaceae_Scirpus_atrovirens=90, I8313_STA_2631_Cyperaceae_Eriophorum_angustifolium=90, I8311_STA_2629_Cyperaceae_Calliscirpus_criniger=90, I8315_STA_2633_Cyperaceae_Trichophorum_alpinum=90, I8337_STA_2681_Cyperaceae_Carex_siderosticta=90, I8327_STA_2644_Cyperaceae_Carex_bavicola=90, I8316_STA_2639_Cyperaceae_Carex_kucyniakii=90, I8310_STA_2628_Cyperaceae_Trichophorum_cespitosum=90, I8305_STA_0387B_Cyperaceae_Khaosokia_caricoides=90, I8331_STA_2648_Cyperaceae_Erioscirpus_comosus=90, I8322_STA_2652_Cyperaceae_Uncinia_Uncinia=90, I8324_STA_2634_Cyperaceae_Eriophorum_vaginatum_subsp_spissum=90, I8319_STA_2643_Cyperaceae_Scirpus_pendulus=90, I8328_STA_2645_Cyperaceae_Carex_dimorpholepis=90}
Number of gene trees: 90
0 trees have missing taxa
Calculating quartet distance matrix (for completion of X)
Species tree distances calculated ...
Building set of clusters (X) from gene trees 
------------------------------
gradient0: 1477
Number of Clusters after addition by distance: 1477
calculating extra bipartitions to be added at level 1 ...
Adding to X using resolutions of greedy consensus ...
Limit for sigma of degrees:925
polytomy size limit : 6
discarded polytomies:  [3, 3, 4, 4, 5, 5, 5, 6]
Threshold 0.0:
Threshold 0.01:
Threshold 0.02:
Threshold 0.05:
Threshold 0.1:
Threshold 0.2:
polytomy of size 4; rounds with additions with at least 5 support: 0; clusters: 1477
polytomy of size 5; rounds with additions with at least 5 support: 0; clusters: 1477
polytomy of size 3; rounds with additions with at least 5 support: 0; clusters: 1477
Threshold 0.3333333333333333:
polytomy of size 4; rounds with additions with at least 5 support: 0; clusters: 1477
polytomy of size 5; rounds with additions with at least 5 support: 0; clusters: 1477
polytomy of size 6; rounds with additions with at least 5 support: 0; clusters: 1477
polytomy of size 3; rounds with additions with at least 5 support: 0; clusters: 1477
polytomy of size 5; rounds with additions with at least 5 support: 0; clusters: 1477
max k is :0
Number of Clusters after addition by greedy: 1477
gradient0 in heuristiic: 1477
partitions formed in 0.417 secs
Dynamic Programming starting after 0.417 secs
Using tree-based weight calculation.
Using polytree-based weight calculation.
Polytree max score: 4712400
Polytree building time: 0.078 seconds.
Number of quartet trees in the gene trees: 4712400
Size of largest cluster: 35
Greedy score: 3705182
estimationFactor: 1.2718403576396518
Sub-optimal score: 3810067
Total Number of elements weighted: 3800
Normalized score (portion of input quartet trees satisfied before correcting for multiple individuals): 0.8304106187929717
Optimization score: 3913227
Optimal tree inferred in 1.121 secs.
(I8320_STA_2650_Cyperaceae_Scirpus_Scirpus,((I8319_STA_2643_Cyperaceae_Scirpus_pendulus,((I8307_STA_2567_Cyperaceae_Scirpus_microcarpus,I8326_STA_2638_Cyperaceae_Scirpus_atrovirens),(I8309_STA_2609_Cyperaceae_Scirpus_cyperinus,(I8324_STA_2634_Cyperaceae_Eriophorum_vaginatum_subsp_spissum,(I8313_STA_2631_Cyperaceae_Eriophorum_angustifolium,I8308_STA_2608_Cyperaceae_Eriophorum_virginicum))))),(I8317_STA_2640_Cyperaceae_Amphiscirpus_nevadensis,(((I8311_STA_2629_Cyperaceae_Calliscirpus_criniger,I8333_STA_2655_Cyperaceae_Calliscirpus_brachythrix),(I8305_STA_0387B_Cyperaceae_Khaosokia_caricoides,(I8338_STA_2682_Cyperaceae_Dulichium_arundinaceum,(I8314_STA_2632_Cyperaceae_Eleocharis_obtusa,I8331_STA_2648_Cyperaceae_Erioscirpus_comosus)))),((I8310_STA_2628_Cyperaceae_Trichophorum_cespitosum,I8315_STA_2633_Cyperaceae_Trichophorum_alpinum),((I8306_STA_2442_Cyperaceae_Carex_hypolytroides,(I8337_STA_2681_Cyperaceae_Carex_siderosticta,I8316_STA_2639_Cyperaceae_Carex_kucyniakii)),(((I8328_STA_2645_Cyperaceae_Carex_dimorpholepis,I8330_STA_2647_Cyperaceae_Carex_atrivaginata),(I8321_STA_2651_Cyperaceae_Carex_filicina,(I8325_STA_2636_Cyperaceae_Carex_myosurus,(I8329_STA_2646_Cyperaceae_Carex_speciosa,(I8304_STA_0178_Cyperaceae_Carex_plantaginea,I8327_STA_2644_Cyperaceae_Carex_bavicola))))),(I8332_STA_2654_Cyperaceae_Carex_canescens,((I8303_STA_0105_Cyperaceae_Carex_pulicaris,I8334_STA_2656_Cyperaceae_Carex_camptoglochin),(I8322_STA_2652_Cyperaceae_Uncinia_Uncinia,((I8336_STA_2658_Cyperaceae_Carex_microglochin,I8312_STA_2630_Cyperaceae_Kobresia_myosuroides),(I8323_STA_2653_Cyperaceae_Carex_capitata,I8335_STA_2657_Cyperaceae_Carex_nardina))))))))))));
Final quartet score is: 3913227
Final normalized quartet score is: 0.8304106187929717
(I8303_STA_0105_Cyperaceae_Carex_pulicaris,(I8334_STA_2656_Cyperaceae_Carex_camptoglochin,((I8322_STA_2652_Cyperaceae_Uncinia_Uncinia,((I8336_STA_2658_Cyperaceae_Carex_microglochin,I8312_STA_2630_Cyperaceae_Kobresia_myosuroides)1:0.5459074485091574,(I8323_STA_2653_Cyperaceae_Carex_capitata,I8335_STA_2657_Cyperaceae_Carex_nardina)0.99:0.22883144435940977)1:0.4940261367363588)1:0.26172671264481157,(I8332_STA_2654_Cyperaceae_Carex_canescens,(((I8328_STA_2645_Cyperaceae_Carex_dimorpholepis,I8330_STA_2647_Cyperaceae_Carex_atrivaginata)1:1.3440291385387533,(I8321_STA_2651_Cyperaceae_Carex_filicina,(I8325_STA_2636_Cyperaceae_Carex_myosurus,(I8329_STA_2646_Cyperaceae_Carex_speciosa,(I8304_STA_0178_Cyperaceae_Carex_plantaginea,I8327_STA_2644_Cyperaceae_Carex_bavicola)0.95:0.17173221787705836)0.53:0.043006672705683945)0.52:0.05148610264034108)1:0.2584815060170682)1:1.55044681543121,((I8306_STA_2442_Cyperaceae_Carex_hypolytroides,(I8337_STA_2681_Cyperaceae_Carex_siderosticta,I8316_STA_2639_Cyperaceae_Carex_kucyniakii)1:0.5653412819549098)1:0.529255567250198,((I8310_STA_2628_Cyperaceae_Trichophorum_cespitosum,I8315_STA_2633_Cyperaceae_Trichophorum_alpinum)1:0.7739838541346579,(((I8311_STA_2629_Cyperaceae_Calliscirpus_criniger,I8333_STA_2655_Cyperaceae_Calliscirpus_brachythrix)1:2.501142323006951,(I8305_STA_0387B_Cyperaceae_Khaosokia_caricoides,(I8338_STA_2682_Cyperaceae_Dulichium_arundinaceum,(I8314_STA_2632_Cyperaceae_Eleocharis_obtusa,I8331_STA_2648_Cyperaceae_Erioscirpus_comosus)1:1.6990125117329964)1:0.35855040384927567)0.47:0.030881199527824782)0.89:0.13625618995070793,(I8317_STA_2640_Cyperaceae_Amphiscirpus_nevadensis,((I8319_STA_2643_Cyperaceae_Scirpus_pendulus,((I8307_STA_2567_Cyperaceae_Scirpus_microcarpus,I8326_STA_2638_Cyperaceae_Scirpus_atrovirens)1:3.106411950689413,(I8309_STA_2609_Cyperaceae_Scirpus_cyperinus,(I8324_STA_2634_Cyperaceae_Eriophorum_vaginatum_subsp_spissum,(I8313_STA_2631_Cyperaceae_Eriophorum_angustifolium,I8308_STA_2608_Cyperaceae_Eriophorum_virginicum)1:0.31907634935559814)1:0.7836126809095766)0.51:0.044158994793863725)0.85:0.12788466082287583)1:0.3334852491219365,I8320_STA_2650_Cyperaceae_Scirpus_Scirpus)1:1.223606384203912)1:0.6947280998842976)1:0.2829674766965493)1:1.8865130274181598)1:1.5154424086759255)0.84:0.11690178020971743)0.7:0.10129877164964858)1:2.0734938014978517));
Weight calculation took 0.507725985 secs
ASTRAL finished in 1.326 secs
