
================== ASTRAL ===================== 

This is ASTRAL version 5.7.3
Gene trees are treated as unrooted
180 trees read from /Users/mezzalinavankan/Documents/Astral/AngiospermsHigh/50angiosperms.trs
All output trees will be *arbitrarily* rooted at I8303_STA_0105_Cyperaceae_Carex_pulicaris

======== Running the main analysis
Number of taxa: 35 (35 species)
Taxa: [I8303_STA_0105_Cyperaceae_Carex_pulicaris, I8304_STA_0178_Cyperaceae_Carex_plantaginea, I8325_STA_2636_Cyperaceae_Carex_myosurus, I8327_STA_2644_Cyperaceae_Carex_bavicola, I8329_STA_2646_Cyperaceae_Carex_speciosa, I8321_STA_2651_Cyperaceae_Carex_filicina, I8332_STA_2654_Cyperaceae_Carex_canescens, I8322_STA_2652_Cyperaceae_Uncinia_Uncinia, I8305_STA_0387B_Cyperaceae_Khaosokia_caricoides, I8314_STA_2632_Cyperaceae_Eleocharis_obtusa, I8331_STA_2648_Cyperaceae_Erioscirpus_comosus, I8338_STA_2682_Cyperaceae_Dulichium_arundinaceum, I8307_STA_2567_Cyperaceae_Scirpus_microcarpus, I8326_STA_2638_Cyperaceae_Scirpus_atrovirens, I8313_STA_2631_Cyperaceae_Eriophorum_angustifolium, I8324_STA_2634_Cyperaceae_Eriophorum_vaginatum_subsp_spissum, I8309_STA_2609_Cyperaceae_Scirpus_cyperinus, I8310_STA_2628_Cyperaceae_Trichophorum_cespitosum, I8315_STA_2633_Cyperaceae_Trichophorum_alpinum, I8317_STA_2640_Cyperaceae_Amphiscirpus_nevadensis, I8320_STA_2650_Cyperaceae_Scirpus_Scirpus, I8308_STA_2608_Cyperaceae_Eriophorum_virginicum, I8319_STA_2643_Cyperaceae_Scirpus_pendulus, I8311_STA_2629_Cyperaceae_Calliscirpus_criniger, I8333_STA_2655_Cyperaceae_Calliscirpus_brachythrix, I8306_STA_2442_Cyperaceae_Carex_hypolytroides, I8337_STA_2681_Cyperaceae_Carex_siderosticta, I8316_STA_2639_Cyperaceae_Carex_kucyniakii, I8323_STA_2653_Cyperaceae_Carex_capitata, I8335_STA_2657_Cyperaceae_Carex_nardina, I8336_STA_2658_Cyperaceae_Carex_microglochin, I8312_STA_2630_Cyperaceae_Kobresia_myosuroides, I8328_STA_2645_Cyperaceae_Carex_dimorpholepis, I8330_STA_2647_Cyperaceae_Carex_atrivaginata, I8334_STA_2656_Cyperaceae_Carex_camptoglochin]
Taxon occupancy: {I8325_STA_2636_Cyperaceae_Carex_myosurus=180, I8330_STA_2647_Cyperaceae_Carex_atrivaginata=180, I8329_STA_2646_Cyperaceae_Carex_speciosa=180, I8312_STA_2630_Cyperaceae_Kobresia_myosuroides=180, I8308_STA_2608_Cyperaceae_Eriophorum_virginicum=180, I8309_STA_2609_Cyperaceae_Scirpus_cyperinus=180, I8306_STA_2442_Cyperaceae_Carex_hypolytroides=180, I8303_STA_0105_Cyperaceae_Carex_pulicaris=180, I8333_STA_2655_Cyperaceae_Calliscirpus_brachythrix=180, I8334_STA_2656_Cyperaceae_Carex_camptoglochin=180, I8307_STA_2567_Cyperaceae_Scirpus_microcarpus=180, I8320_STA_2650_Cyperaceae_Scirpus_Scirpus=180, I8314_STA_2632_Cyperaceae_Eleocharis_obtusa=180, I8323_STA_2653_Cyperaceae_Carex_capitata=180, I8336_STA_2658_Cyperaceae_Carex_microglochin=180, I8335_STA_2657_Cyperaceae_Carex_nardina=180, I8317_STA_2640_Cyperaceae_Amphiscirpus_nevadensis=180, I8332_STA_2654_Cyperaceae_Carex_canescens=180, I8304_STA_0178_Cyperaceae_Carex_plantaginea=180, I8321_STA_2651_Cyperaceae_Carex_filicina=180, I8338_STA_2682_Cyperaceae_Dulichium_arundinaceum=180, I8326_STA_2638_Cyperaceae_Scirpus_atrovirens=180, I8313_STA_2631_Cyperaceae_Eriophorum_angustifolium=180, I8311_STA_2629_Cyperaceae_Calliscirpus_criniger=180, I8315_STA_2633_Cyperaceae_Trichophorum_alpinum=180, I8337_STA_2681_Cyperaceae_Carex_siderosticta=180, I8327_STA_2644_Cyperaceae_Carex_bavicola=180, I8316_STA_2639_Cyperaceae_Carex_kucyniakii=180, I8310_STA_2628_Cyperaceae_Trichophorum_cespitosum=180, I8305_STA_0387B_Cyperaceae_Khaosokia_caricoides=180, I8331_STA_2648_Cyperaceae_Erioscirpus_comosus=180, I8322_STA_2652_Cyperaceae_Uncinia_Uncinia=180, I8324_STA_2634_Cyperaceae_Eriophorum_vaginatum_subsp_spissum=180, I8319_STA_2643_Cyperaceae_Scirpus_pendulus=180, I8328_STA_2645_Cyperaceae_Carex_dimorpholepis=180}
Number of gene trees: 180
0 trees have missing taxa
Calculating quartet distance matrix (for completion of X)
Species tree distances calculated ...
Building set of clusters (X) from gene trees 
------------------------------
gradient0: 2083
Number of Clusters after addition by distance: 2083
calculating extra bipartitions to be added at level 1 ...
Adding to X using resolutions of greedy consensus ...
Limit for sigma of degrees:925
polytomy size limit : 6
discarded polytomies:  [3, 3, 4, 4, 4, 5, 5, 6]
Threshold 0.0:
Threshold 0.01:
Threshold 0.02:
Threshold 0.05:
Threshold 0.1:
Threshold 0.2:
polytomy of size 4; rounds with additions with at least 5 support: 0; clusters: 2083
polytomy of size 3; rounds with additions with at least 5 support: 0; clusters: 2083
polytomy of size 4; rounds with additions with at least 5 support: 0; clusters: 2083
Threshold 0.3333333333333333:
polytomy of size 6; rounds with additions with at least 5 support: 0; clusters: 2083
polytomy of size 4; rounds with additions with at least 5 support: 0; clusters: 2083
polytomy of size 5; rounds with additions with at least 5 support: 0; clusters: 2083
polytomy of size 3; rounds with additions with at least 5 support: 0; clusters: 2083
polytomy of size 5; rounds with additions with at least 5 support: 0; clusters: 2083
max k is :0
Number of Clusters after addition by greedy: 2083
gradient0 in heuristiic: 2083
partitions formed in 0.587 secs
Dynamic Programming starting after 0.587 secs
Using tree-based weight calculation.
Using polytree-based weight calculation.
Polytree max score: 9424800
Polytree building time: 0.229 seconds.
Number of quartet trees in the gene trees: 9424800
Size of largest cluster: 35
Greedy score: 7378075
estimationFactor: 1.2774063695476123
Sub-optimal score: 7595591
Total Number of elements weighted: 6459
Normalized score (portion of input quartet trees satisfied before correcting for multiple individuals): 0.8283528562940328
Optimization score: 7807060
Optimal tree inferred in 1.474 secs.
(I8320_STA_2650_Cyperaceae_Scirpus_Scirpus,((I8319_STA_2643_Cyperaceae_Scirpus_pendulus,((I8324_STA_2634_Cyperaceae_Eriophorum_vaginatum_subsp_spissum,(I8313_STA_2631_Cyperaceae_Eriophorum_angustifolium,I8308_STA_2608_Cyperaceae_Eriophorum_virginicum)),(I8309_STA_2609_Cyperaceae_Scirpus_cyperinus,(I8307_STA_2567_Cyperaceae_Scirpus_microcarpus,I8326_STA_2638_Cyperaceae_Scirpus_atrovirens)))),(I8317_STA_2640_Cyperaceae_Amphiscirpus_nevadensis,(((I8311_STA_2629_Cyperaceae_Calliscirpus_criniger,I8333_STA_2655_Cyperaceae_Calliscirpus_brachythrix),(I8305_STA_0387B_Cyperaceae_Khaosokia_caricoides,(I8338_STA_2682_Cyperaceae_Dulichium_arundinaceum,(I8314_STA_2632_Cyperaceae_Eleocharis_obtusa,I8331_STA_2648_Cyperaceae_Erioscirpus_comosus)))),((I8310_STA_2628_Cyperaceae_Trichophorum_cespitosum,I8315_STA_2633_Cyperaceae_Trichophorum_alpinum),((I8306_STA_2442_Cyperaceae_Carex_hypolytroides,(I8337_STA_2681_Cyperaceae_Carex_siderosticta,I8316_STA_2639_Cyperaceae_Carex_kucyniakii)),(((I8328_STA_2645_Cyperaceae_Carex_dimorpholepis,I8330_STA_2647_Cyperaceae_Carex_atrivaginata),(I8321_STA_2651_Cyperaceae_Carex_filicina,((I8325_STA_2636_Cyperaceae_Carex_myosurus,I8329_STA_2646_Cyperaceae_Carex_speciosa),(I8304_STA_0178_Cyperaceae_Carex_plantaginea,I8327_STA_2644_Cyperaceae_Carex_bavicola)))),(I8332_STA_2654_Cyperaceae_Carex_canescens,((I8303_STA_0105_Cyperaceae_Carex_pulicaris,I8334_STA_2656_Cyperaceae_Carex_camptoglochin),(I8322_STA_2652_Cyperaceae_Uncinia_Uncinia,((I8336_STA_2658_Cyperaceae_Carex_microglochin,I8312_STA_2630_Cyperaceae_Kobresia_myosuroides),(I8323_STA_2653_Cyperaceae_Carex_capitata,I8335_STA_2657_Cyperaceae_Carex_nardina))))))))))));
Final quartet score is: 7807060
Final normalized quartet score is: 0.8283528562940328
(I8303_STA_0105_Cyperaceae_Carex_pulicaris,(I8334_STA_2656_Cyperaceae_Carex_camptoglochin,((I8322_STA_2652_Cyperaceae_Uncinia_Uncinia,((I8336_STA_2658_Cyperaceae_Carex_microglochin,I8312_STA_2630_Cyperaceae_Kobresia_myosuroides)1:0.49882344244334964,(I8323_STA_2653_Cyperaceae_Carex_capitata,I8335_STA_2657_Cyperaceae_Carex_nardina)1:0.24153477090898506)1:0.4745443092882673)1:0.37359983799471314,(I8332_STA_2654_Cyperaceae_Carex_canescens,(((I8328_STA_2645_Cyperaceae_Carex_dimorpholepis,I8330_STA_2647_Cyperaceae_Carex_atrivaginata)1:1.3288597423341173,(I8321_STA_2651_Cyperaceae_Carex_filicina,((I8325_STA_2636_Cyperaceae_Carex_myosurus,I8329_STA_2646_Cyperaceae_Carex_speciosa)0.67:0.051471531621780364,(I8304_STA_0178_Cyperaceae_Carex_plantaginea,I8327_STA_2644_Cyperaceae_Carex_bavicola)0.99:0.1528371604087046)0.95:0.13471599296048306)1:0.38066662397837)1:1.7052048609059927,((I8306_STA_2442_Cyperaceae_Carex_hypolytroides,(I8337_STA_2681_Cyperaceae_Carex_siderosticta,I8316_STA_2639_Cyperaceae_Carex_kucyniakii)1:0.6498971967661288)1:0.4846571052653371,((I8310_STA_2628_Cyperaceae_Trichophorum_cespitosum,I8315_STA_2633_Cyperaceae_Trichophorum_alpinum)1:0.8873251192963116,(((I8311_STA_2629_Cyperaceae_Calliscirpus_criniger,I8333_STA_2655_Cyperaceae_Calliscirpus_brachythrix)1:3.071189397559938,(I8305_STA_0387B_Cyperaceae_Khaosokia_caricoides,(I8338_STA_2682_Cyperaceae_Dulichium_arundinaceum,(I8314_STA_2632_Cyperaceae_Eleocharis_obtusa,I8331_STA_2648_Cyperaceae_Erioscirpus_comosus)1:2.300343132927606)1:0.3780854012787363)0.97:0.1293217749144247)0.96:0.12683196867796434,(I8317_STA_2640_Cyperaceae_Amphiscirpus_nevadensis,((I8319_STA_2643_Cyperaceae_Scirpus_pendulus,((I8324_STA_2634_Cyperaceae_Eriophorum_vaginatum_subsp_spissum,(I8313_STA_2631_Cyperaceae_Eriophorum_angustifolium,I8308_STA_2608_Cyperaceae_Eriophorum_virginicum)1:0.22608294998976766)1:0.8561481107059824,(I8309_STA_2609_Cyperaceae_Scirpus_cyperinus,(I8307_STA_2567_Cyperaceae_Scirpus_microcarpus,I8326_STA_2638_Cyperaceae_Scirpus_atrovirens)1:4.039260120781281)0.44:0.018312977231190082)1:0.23274288484228678)1:0.4334781443358385,I8320_STA_2650_Cyperaceae_Scirpus_Scirpus)1:1.2471476546991982)1:0.6744352247444708)1:0.2069365429723293)1:1.6622832490383344)1:1.3756496989187186)0.59:0.04211066698711587)0.84:0.08413589018820426)1:2.320101464416376));
Weight calculation took 0.495085147 secs
ASTRAL finished in 1.83 secs
