
================== ASTRAL ===================== 

This is ASTRAL version 5.7.3
Gene trees are treated as unrooted
90 trees read from /Users/mezzalinavankan/Documents/Astral/AngiospermsHigh/R25angiosperms.trs
All output trees will be *arbitrarily* rooted at I8303_STA_0105_Cyperaceae_Carex_pulicaris

======== Running the main analysis
Number of taxa: 35 (35 species)
Taxa: [I8303_STA_0105_Cyperaceae_Carex_pulicaris, I8304_STA_0178_Cyperaceae_Carex_plantaginea, I8321_STA_2651_Cyperaceae_Carex_filicina, I8329_STA_2646_Cyperaceae_Carex_speciosa, I8330_STA_2647_Cyperaceae_Carex_atrivaginata, I8325_STA_2636_Cyperaceae_Carex_myosurus, I8328_STA_2645_Cyperaceae_Carex_dimorpholepis, I8305_STA_0387B_Cyperaceae_Khaosokia_caricoides, I8314_STA_2632_Cyperaceae_Eleocharis_obtusa, I8331_STA_2648_Cyperaceae_Erioscirpus_comosus, I8307_STA_2567_Cyperaceae_Scirpus_microcarpus, I8326_STA_2638_Cyperaceae_Scirpus_atrovirens, I8319_STA_2643_Cyperaceae_Scirpus_pendulus, I8324_STA_2634_Cyperaceae_Eriophorum_vaginatum_subsp_spissum, I8308_STA_2608_Cyperaceae_Eriophorum_virginicum, I8313_STA_2631_Cyperaceae_Eriophorum_angustifolium, I8320_STA_2650_Cyperaceae_Scirpus_Scirpus, I8309_STA_2609_Cyperaceae_Scirpus_cyperinus, I8317_STA_2640_Cyperaceae_Amphiscirpus_nevadensis, I8310_STA_2628_Cyperaceae_Trichophorum_cespitosum, I8315_STA_2633_Cyperaceae_Trichophorum_alpinum, I8338_STA_2682_Cyperaceae_Dulichium_arundinaceum, I8306_STA_2442_Cyperaceae_Carex_hypolytroides, I8337_STA_2681_Cyperaceae_Carex_siderosticta, I8316_STA_2639_Cyperaceae_Carex_kucyniakii, I8311_STA_2629_Cyperaceae_Calliscirpus_criniger, I8333_STA_2655_Cyperaceae_Calliscirpus_brachythrix, I8312_STA_2630_Cyperaceae_Kobresia_myosuroides, I8332_STA_2654_Cyperaceae_Carex_canescens, I8322_STA_2652_Cyperaceae_Uncinia_Uncinia, I8335_STA_2657_Cyperaceae_Carex_nardina, I8336_STA_2658_Cyperaceae_Carex_microglochin, I8323_STA_2653_Cyperaceae_Carex_capitata, I8327_STA_2644_Cyperaceae_Carex_bavicola, I8334_STA_2656_Cyperaceae_Carex_camptoglochin]
Taxon occupancy: {I8325_STA_2636_Cyperaceae_Carex_myosurus=90, I8330_STA_2647_Cyperaceae_Carex_atrivaginata=90, I8329_STA_2646_Cyperaceae_Carex_speciosa=90, I8312_STA_2630_Cyperaceae_Kobresia_myosuroides=90, I8308_STA_2608_Cyperaceae_Eriophorum_virginicum=90, I8309_STA_2609_Cyperaceae_Scirpus_cyperinus=90, I8306_STA_2442_Cyperaceae_Carex_hypolytroides=90, I8303_STA_0105_Cyperaceae_Carex_pulicaris=90, I8333_STA_2655_Cyperaceae_Calliscirpus_brachythrix=90, I8334_STA_2656_Cyperaceae_Carex_camptoglochin=90, I8307_STA_2567_Cyperaceae_Scirpus_microcarpus=90, I8320_STA_2650_Cyperaceae_Scirpus_Scirpus=90, I8314_STA_2632_Cyperaceae_Eleocharis_obtusa=90, I8323_STA_2653_Cyperaceae_Carex_capitata=90, I8336_STA_2658_Cyperaceae_Carex_microglochin=90, I8335_STA_2657_Cyperaceae_Carex_nardina=90, I8317_STA_2640_Cyperaceae_Amphiscirpus_nevadensis=90, I8332_STA_2654_Cyperaceae_Carex_canescens=90, I8304_STA_0178_Cyperaceae_Carex_plantaginea=90, I8321_STA_2651_Cyperaceae_Carex_filicina=90, I8326_STA_2638_Cyperaceae_Scirpus_atrovirens=90, I8338_STA_2682_Cyperaceae_Dulichium_arundinaceum=90, I8313_STA_2631_Cyperaceae_Eriophorum_angustifolium=90, I8311_STA_2629_Cyperaceae_Calliscirpus_criniger=90, I8315_STA_2633_Cyperaceae_Trichophorum_alpinum=90, I8337_STA_2681_Cyperaceae_Carex_siderosticta=90, I8316_STA_2639_Cyperaceae_Carex_kucyniakii=90, I8327_STA_2644_Cyperaceae_Carex_bavicola=90, I8310_STA_2628_Cyperaceae_Trichophorum_cespitosum=90, I8305_STA_0387B_Cyperaceae_Khaosokia_caricoides=90, I8331_STA_2648_Cyperaceae_Erioscirpus_comosus=90, I8324_STA_2634_Cyperaceae_Eriophorum_vaginatum_subsp_spissum=90, I8322_STA_2652_Cyperaceae_Uncinia_Uncinia=90, I8328_STA_2645_Cyperaceae_Carex_dimorpholepis=90, I8319_STA_2643_Cyperaceae_Scirpus_pendulus=90}
Number of gene trees: 90
0 trees have missing taxa
Calculating quartet distance matrix (for completion of X)
Species tree distances calculated ...
Building set of clusters (X) from gene trees 
------------------------------
gradient0: 1395
Number of Clusters after addition by distance: 1395
calculating extra bipartitions to be added at level 1 ...
Adding to X using resolutions of greedy consensus ...
Limit for sigma of degrees:925
polytomy size limit : 6
discarded polytomies:  [3, 4, 4, 4, 4, 5, 5, 6]
Threshold 0.0:
Threshold 0.01:
Threshold 0.02:
Threshold 0.05:
Threshold 0.1:
Threshold 0.2:
polytomy of size 4; rounds with additions with at least 5 support: 0; clusters: 1395
polytomy of size 4; rounds with additions with at least 5 support: 0; clusters: 1395
polytomy of size 4; rounds with additions with at least 5 support: 0; clusters: 1395
Threshold 0.3333333333333333:
polytomy of size 6; rounds with additions with at least 5 support: 0; clusters: 1395
polytomy of size 4; rounds with additions with at least 5 support: 0; clusters: 1395
polytomy of size 5; rounds with additions with at least 5 support: 0; clusters: 1395
polytomy of size 3; rounds with additions with at least 5 support: 0; clusters: 1395
polytomy of size 5; rounds with additions with at least 5 support: 0; clusters: 1395
max k is :0
Number of Clusters after addition by greedy: 1395
gradient0 in heuristiic: 1395
partitions formed in 0.425 secs
Dynamic Programming starting after 0.425 secs
Using tree-based weight calculation.
Using polytree-based weight calculation.
Polytree max score: 4712400
Polytree building time: 0.061 seconds.
Number of quartet trees in the gene trees: 4712400
Size of largest cluster: 35
Greedy score: 3671603
estimationFactor: 1.2834720965202393
Sub-optimal score: 3777295
Total Number of elements weighted: 3451
Normalized score (portion of input quartet trees satisfied before correcting for multiple individuals): 0.8255169340463459
Optimization score: 3890166
Optimal tree inferred in 1.029 secs.
(I8315_STA_2633_Cyperaceae_Trichophorum_alpinum,(I8310_STA_2628_Cyperaceae_Trichophorum_cespitosum,((((I8311_STA_2629_Cyperaceae_Calliscirpus_criniger,I8333_STA_2655_Cyperaceae_Calliscirpus_brachythrix),(I8305_STA_0387B_Cyperaceae_Khaosokia_caricoides,(I8338_STA_2682_Cyperaceae_Dulichium_arundinaceum,(I8314_STA_2632_Cyperaceae_Eleocharis_obtusa,I8331_STA_2648_Cyperaceae_Erioscirpus_comosus)))),(I8317_STA_2640_Cyperaceae_Amphiscirpus_nevadensis,(I8320_STA_2650_Cyperaceae_Scirpus_Scirpus,(I8319_STA_2643_Cyperaceae_Scirpus_pendulus,((I8309_STA_2609_Cyperaceae_Scirpus_cyperinus,(I8307_STA_2567_Cyperaceae_Scirpus_microcarpus,I8326_STA_2638_Cyperaceae_Scirpus_atrovirens)),(I8324_STA_2634_Cyperaceae_Eriophorum_vaginatum_subsp_spissum,(I8308_STA_2608_Cyperaceae_Eriophorum_virginicum,I8313_STA_2631_Cyperaceae_Eriophorum_angustifolium))))))),((I8306_STA_2442_Cyperaceae_Carex_hypolytroides,(I8337_STA_2681_Cyperaceae_Carex_siderosticta,I8316_STA_2639_Cyperaceae_Carex_kucyniakii)),(((I8330_STA_2647_Cyperaceae_Carex_atrivaginata,I8328_STA_2645_Cyperaceae_Carex_dimorpholepis),((I8321_STA_2651_Cyperaceae_Carex_filicina,I8329_STA_2646_Cyperaceae_Carex_speciosa),(I8325_STA_2636_Cyperaceae_Carex_myosurus,(I8304_STA_0178_Cyperaceae_Carex_plantaginea,I8327_STA_2644_Cyperaceae_Carex_bavicola)))),(I8332_STA_2654_Cyperaceae_Carex_canescens,((I8303_STA_0105_Cyperaceae_Carex_pulicaris,I8334_STA_2656_Cyperaceae_Carex_camptoglochin),(I8322_STA_2652_Cyperaceae_Uncinia_Uncinia,((I8312_STA_2630_Cyperaceae_Kobresia_myosuroides,I8336_STA_2658_Cyperaceae_Carex_microglochin),(I8335_STA_2657_Cyperaceae_Carex_nardina,I8323_STA_2653_Cyperaceae_Carex_capitata))))))))));
Final quartet score is: 3890166
Final normalized quartet score is: 0.8255169340463459
(I8303_STA_0105_Cyperaceae_Carex_pulicaris,(I8334_STA_2656_Cyperaceae_Carex_camptoglochin,((I8322_STA_2652_Cyperaceae_Uncinia_Uncinia,((I8312_STA_2630_Cyperaceae_Kobresia_myosuroides,I8336_STA_2658_Cyperaceae_Carex_microglochin)1:0.4957851010002816,(I8335_STA_2657_Cyperaceae_Carex_nardina,I8323_STA_2653_Cyperaceae_Carex_capitata)0.84:0.11521632185180376)1:0.47573430395472127)1:0.4686309454337635,(I8332_STA_2654_Cyperaceae_Carex_canescens,(((I8330_STA_2647_Cyperaceae_Carex_atrivaginata,I8328_STA_2645_Cyperaceae_Carex_dimorpholepis)1:1.2751265645822263,((I8321_STA_2651_Cyperaceae_Carex_filicina,I8329_STA_2646_Cyperaceae_Carex_speciosa)0.41:0.018298264911412815,(I8325_STA_2636_Cyperaceae_Carex_myosurus,(I8304_STA_0178_Cyperaceae_Carex_plantaginea,I8327_STA_2644_Cyperaceae_Carex_bavicola)0.96:0.17418169858739826)0.78:0.09866745751124201)1:0.34073957051106657)1:1.8186211564619759,((I8306_STA_2442_Cyperaceae_Carex_hypolytroides,(I8337_STA_2681_Cyperaceae_Carex_siderosticta,I8316_STA_2639_Cyperaceae_Carex_kucyniakii)1:0.6184016565835441)1:0.35602874036212584,((((I8311_STA_2629_Cyperaceae_Calliscirpus_criniger,I8333_STA_2655_Cyperaceae_Calliscirpus_brachythrix)1:4.10539439840869,(I8305_STA_0387B_Cyperaceae_Khaosokia_caricoides,(I8338_STA_2682_Cyperaceae_Dulichium_arundinaceum,(I8314_STA_2632_Cyperaceae_Eleocharis_obtusa,I8331_STA_2648_Cyperaceae_Erioscirpus_comosus)1:3.412247217848739)1:0.2760519854169953)0.98:0.19959763239563735)0.47:0.05081143633360685,(I8317_STA_2640_Cyperaceae_Amphiscirpus_nevadensis,(I8320_STA_2650_Cyperaceae_Scirpus_Scirpus,(I8319_STA_2643_Cyperaceae_Scirpus_pendulus,((I8309_STA_2609_Cyperaceae_Scirpus_cyperinus,(I8307_STA_2567_Cyperaceae_Scirpus_microcarpus,I8326_STA_2638_Cyperaceae_Scirpus_atrovirens)1:4.10539439840869)0.48:0.03254354773247142,(I8324_STA_2634_Cyperaceae_Eriophorum_vaginatum_subsp_spissum,(I8308_STA_2608_Cyperaceae_Eriophorum_virginicum,I8313_STA_2631_Cyperaceae_Eriophorum_angustifolium)1:0.40486432707477404)1:0.78081328973582)0.95:0.17551588262025794)1:0.3949890387162239)1:1.0414387801467708)1:0.7615760431549362)0.74:0.0961830677827203,(I8310_STA_2628_Cyperaceae_Trichophorum_cespitosum,I8315_STA_2633_Cyperaceae_Trichophorum_alpinum)1:0.8091460944228276)1:1.8474193296664403)1:1.2532681057518984)0.49:0.034537817493798646)0.87:0.14953173397096356)1:2.230300940423021));
Weight calculation took 0.450726151 secs
ASTRAL finished in 1.233 secs
