
================== ASTRAL ===================== 

This is ASTRAL version 5.7.3
Gene trees are treated as unrooted
180 trees read from /Users/mezzalinavankan/Documents/Astral/AngiospermsHigh/R50angiosperms.trs
All output trees will be *arbitrarily* rooted at I8303_STA_0105_Cyperaceae_Carex_pulicaris

======== Running the main analysis
Number of taxa: 35 (35 species)
Taxa: [I8303_STA_0105_Cyperaceae_Carex_pulicaris, I8304_STA_0178_Cyperaceae_Carex_plantaginea, I8325_STA_2636_Cyperaceae_Carex_myosurus, I8327_STA_2644_Cyperaceae_Carex_bavicola, I8329_STA_2646_Cyperaceae_Carex_speciosa, I8321_STA_2651_Cyperaceae_Carex_filicina, I8332_STA_2654_Cyperaceae_Carex_canescens, I8322_STA_2652_Cyperaceae_Uncinia_Uncinia, I8305_STA_0387B_Cyperaceae_Khaosokia_caricoides, I8314_STA_2632_Cyperaceae_Eleocharis_obtusa, I8331_STA_2648_Cyperaceae_Erioscirpus_comosus, I8338_STA_2682_Cyperaceae_Dulichium_arundinaceum, I8307_STA_2567_Cyperaceae_Scirpus_microcarpus, I8326_STA_2638_Cyperaceae_Scirpus_atrovirens, I8313_STA_2631_Cyperaceae_Eriophorum_angustifolium, I8324_STA_2634_Cyperaceae_Eriophorum_vaginatum_subsp_spissum, I8309_STA_2609_Cyperaceae_Scirpus_cyperinus, I8310_STA_2628_Cyperaceae_Trichophorum_cespitosum, I8315_STA_2633_Cyperaceae_Trichophorum_alpinum, I8317_STA_2640_Cyperaceae_Amphiscirpus_nevadensis, I8320_STA_2650_Cyperaceae_Scirpus_Scirpus, I8308_STA_2608_Cyperaceae_Eriophorum_virginicum, I8319_STA_2643_Cyperaceae_Scirpus_pendulus, I8311_STA_2629_Cyperaceae_Calliscirpus_criniger, I8333_STA_2655_Cyperaceae_Calliscirpus_brachythrix, I8306_STA_2442_Cyperaceae_Carex_hypolytroides, I8337_STA_2681_Cyperaceae_Carex_siderosticta, I8316_STA_2639_Cyperaceae_Carex_kucyniakii, I8323_STA_2653_Cyperaceae_Carex_capitata, I8335_STA_2657_Cyperaceae_Carex_nardina, I8336_STA_2658_Cyperaceae_Carex_microglochin, I8312_STA_2630_Cyperaceae_Kobresia_myosuroides, I8328_STA_2645_Cyperaceae_Carex_dimorpholepis, I8330_STA_2647_Cyperaceae_Carex_atrivaginata, I8334_STA_2656_Cyperaceae_Carex_camptoglochin]
Taxon occupancy: {I8325_STA_2636_Cyperaceae_Carex_myosurus=180, I8330_STA_2647_Cyperaceae_Carex_atrivaginata=180, I8329_STA_2646_Cyperaceae_Carex_speciosa=180, I8312_STA_2630_Cyperaceae_Kobresia_myosuroides=180, I8308_STA_2608_Cyperaceae_Eriophorum_virginicum=180, I8309_STA_2609_Cyperaceae_Scirpus_cyperinus=180, I8306_STA_2442_Cyperaceae_Carex_hypolytroides=180, I8303_STA_0105_Cyperaceae_Carex_pulicaris=180, I8333_STA_2655_Cyperaceae_Calliscirpus_brachythrix=180, I8334_STA_2656_Cyperaceae_Carex_camptoglochin=180, I8307_STA_2567_Cyperaceae_Scirpus_microcarpus=180, I8320_STA_2650_Cyperaceae_Scirpus_Scirpus=180, I8314_STA_2632_Cyperaceae_Eleocharis_obtusa=180, I8323_STA_2653_Cyperaceae_Carex_capitata=180, I8336_STA_2658_Cyperaceae_Carex_microglochin=180, I8335_STA_2657_Cyperaceae_Carex_nardina=180, I8317_STA_2640_Cyperaceae_Amphiscirpus_nevadensis=180, I8332_STA_2654_Cyperaceae_Carex_canescens=180, I8304_STA_0178_Cyperaceae_Carex_plantaginea=180, I8321_STA_2651_Cyperaceae_Carex_filicina=180, I8338_STA_2682_Cyperaceae_Dulichium_arundinaceum=180, I8326_STA_2638_Cyperaceae_Scirpus_atrovirens=180, I8313_STA_2631_Cyperaceae_Eriophorum_angustifolium=180, I8311_STA_2629_Cyperaceae_Calliscirpus_criniger=180, I8315_STA_2633_Cyperaceae_Trichophorum_alpinum=180, I8337_STA_2681_Cyperaceae_Carex_siderosticta=180, I8327_STA_2644_Cyperaceae_Carex_bavicola=180, I8316_STA_2639_Cyperaceae_Carex_kucyniakii=180, I8310_STA_2628_Cyperaceae_Trichophorum_cespitosum=180, I8305_STA_0387B_Cyperaceae_Khaosokia_caricoides=180, I8331_STA_2648_Cyperaceae_Erioscirpus_comosus=180, I8322_STA_2652_Cyperaceae_Uncinia_Uncinia=180, I8324_STA_2634_Cyperaceae_Eriophorum_vaginatum_subsp_spissum=180, I8319_STA_2643_Cyperaceae_Scirpus_pendulus=180, I8328_STA_2645_Cyperaceae_Carex_dimorpholepis=180}
Number of gene trees: 180
0 trees have missing taxa
Calculating quartet distance matrix (for completion of X)
Species tree distances calculated ...
Building set of clusters (X) from gene trees 
------------------------------
gradient0: 2007
Number of Clusters after addition by distance: 2007
calculating extra bipartitions to be added at level 1 ...
Adding to X using resolutions of greedy consensus ...
Limit for sigma of degrees:925
polytomy size limit : 6
discarded polytomies:  [3, 3, 4, 4, 4, 5, 5, 5, 6]
Threshold 0.0:
Threshold 0.01:
Threshold 0.02:
Threshold 0.05:
Threshold 0.1:
polytomy of size 3; rounds with additions with at least 5 support: 0; clusters: 2007
Threshold 0.2:
polytomy of size 4; rounds with additions with at least 5 support: 0; clusters: 2007
polytomy of size 5; rounds with additions with at least 5 support: 0; clusters: 2007
polytomy of size 4; rounds with additions with at least 5 support: 0; clusters: 2007
Threshold 0.3333333333333333:
polytomy of size 6; rounds with additions with at least 5 support: 0; clusters: 2007
polytomy of size 4; rounds with additions with at least 5 support: 0; clusters: 2007
polytomy of size 5; rounds with additions with at least 5 support: 0; clusters: 2007
polytomy of size 3; rounds with additions with at least 5 support: 0; clusters: 2007
polytomy of size 5; rounds with additions with at least 5 support: 0; clusters: 2007
max k is :0
Number of Clusters after addition by greedy: 2007
gradient0 in heuristiic: 2007
partitions formed in 0.648 secs
Dynamic Programming starting after 0.648 secs
Using tree-based weight calculation.
Using polytree-based weight calculation.
Polytree max score: 9424800
Polytree building time: 0.228 seconds.
Number of quartet trees in the gene trees: 9424800
Size of largest cluster: 35
Greedy score: 7413863
estimationFactor: 1.2712401078897735
Sub-optimal score: 7615328
Total Number of elements weighted: 5857
Normalized score (portion of input quartet trees satisfied before correcting for multiple individuals): 0.8242432730668025
Optimization score: 7768328
Optimal tree inferred in 1.478 secs.
(I8320_STA_2650_Cyperaceae_Scirpus_Scirpus,((I8319_STA_2643_Cyperaceae_Scirpus_pendulus,(I8309_STA_2609_Cyperaceae_Scirpus_cyperinus,((I8307_STA_2567_Cyperaceae_Scirpus_microcarpus,I8326_STA_2638_Cyperaceae_Scirpus_atrovirens),(I8324_STA_2634_Cyperaceae_Eriophorum_vaginatum_subsp_spissum,(I8313_STA_2631_Cyperaceae_Eriophorum_angustifolium,I8308_STA_2608_Cyperaceae_Eriophorum_virginicum))))),(I8317_STA_2640_Cyperaceae_Amphiscirpus_nevadensis,(((I8311_STA_2629_Cyperaceae_Calliscirpus_criniger,I8333_STA_2655_Cyperaceae_Calliscirpus_brachythrix),(I8305_STA_0387B_Cyperaceae_Khaosokia_caricoides,(I8338_STA_2682_Cyperaceae_Dulichium_arundinaceum,(I8314_STA_2632_Cyperaceae_Eleocharis_obtusa,I8331_STA_2648_Cyperaceae_Erioscirpus_comosus)))),((I8310_STA_2628_Cyperaceae_Trichophorum_cespitosum,I8315_STA_2633_Cyperaceae_Trichophorum_alpinum),((I8306_STA_2442_Cyperaceae_Carex_hypolytroides,(I8337_STA_2681_Cyperaceae_Carex_siderosticta,I8316_STA_2639_Cyperaceae_Carex_kucyniakii)),(((I8328_STA_2645_Cyperaceae_Carex_dimorpholepis,I8330_STA_2647_Cyperaceae_Carex_atrivaginata),(I8321_STA_2651_Cyperaceae_Carex_filicina,((I8325_STA_2636_Cyperaceae_Carex_myosurus,I8329_STA_2646_Cyperaceae_Carex_speciosa),(I8304_STA_0178_Cyperaceae_Carex_plantaginea,I8327_STA_2644_Cyperaceae_Carex_bavicola)))),(I8332_STA_2654_Cyperaceae_Carex_canescens,((I8303_STA_0105_Cyperaceae_Carex_pulicaris,I8334_STA_2656_Cyperaceae_Carex_camptoglochin),(I8322_STA_2652_Cyperaceae_Uncinia_Uncinia,((I8336_STA_2658_Cyperaceae_Carex_microglochin,I8312_STA_2630_Cyperaceae_Kobresia_myosuroides),(I8323_STA_2653_Cyperaceae_Carex_capitata,I8335_STA_2657_Cyperaceae_Carex_nardina))))))))))));
Final quartet score is: 7768328
Final normalized quartet score is: 0.8242432730668025
(I8303_STA_0105_Cyperaceae_Carex_pulicaris,(I8334_STA_2656_Cyperaceae_Carex_camptoglochin,((I8322_STA_2652_Cyperaceae_Uncinia_Uncinia,((I8336_STA_2658_Cyperaceae_Carex_microglochin,I8312_STA_2630_Cyperaceae_Kobresia_myosuroides)1:0.548230129443654,(I8323_STA_2653_Cyperaceae_Carex_capitata,I8335_STA_2657_Cyperaceae_Carex_nardina)1:0.21202223329450637)1:0.44760444093210966)1:0.4017845377122754,(I8332_STA_2654_Cyperaceae_Carex_canescens,(((I8328_STA_2645_Cyperaceae_Carex_dimorpholepis,I8330_STA_2647_Cyperaceae_Carex_atrivaginata)1:1.4900775893844673,(I8321_STA_2651_Cyperaceae_Carex_filicina,((I8325_STA_2636_Cyperaceae_Carex_myosurus,I8329_STA_2646_Cyperaceae_Carex_speciosa)0.62:0.0466982528691231,(I8304_STA_0178_Cyperaceae_Carex_plantaginea,I8327_STA_2644_Cyperaceae_Carex_bavicola)0.97:0.13218291200495264)0.8:0.1085885562750622)1:0.41800517706840806)1:1.8921255716796959,((I8306_STA_2442_Cyperaceae_Carex_hypolytroides,(I8337_STA_2681_Cyperaceae_Carex_siderosticta,I8316_STA_2639_Cyperaceae_Carex_kucyniakii)1:0.5634646909938212)1:0.5529190541749311,((I8310_STA_2628_Cyperaceae_Trichophorum_cespitosum,I8315_STA_2633_Cyperaceae_Trichophorum_alpinum)1:1.2313547266165998,(((I8311_STA_2629_Cyperaceae_Calliscirpus_criniger,I8333_STA_2655_Cyperaceae_Calliscirpus_brachythrix)1:3.926221248546872,(I8305_STA_0387B_Cyperaceae_Khaosokia_caricoides,(I8338_STA_2682_Cyperaceae_Dulichium_arundinaceum,(I8314_STA_2632_Cyperaceae_Eleocharis_obtusa,I8331_STA_2648_Cyperaceae_Erioscirpus_comosus)1:2.985768267393642)1:0.32508657812944447)0.95:0.11961243708248183)0.64:0.07014043181352388,(I8317_STA_2640_Cyperaceae_Amphiscirpus_nevadensis,((I8319_STA_2643_Cyperaceae_Scirpus_pendulus,(I8309_STA_2609_Cyperaceae_Scirpus_cyperinus,((I8307_STA_2567_Cyperaceae_Scirpus_microcarpus,I8326_STA_2638_Cyperaceae_Scirpus_atrovirens)1:3.321579753697472,(I8324_STA_2634_Cyperaceae_Eriophorum_vaginatum_subsp_spissum,(I8313_STA_2631_Cyperaceae_Eriophorum_angustifolium,I8308_STA_2608_Cyperaceae_Eriophorum_virginicum)1:0.22835826382690314)1:0.8897133583596618)0.82:0.09296961757200271)1:0.18067334992973555)1:0.5173093218167819,I8320_STA_2650_Cyperaceae_Scirpus_Scirpus)1:1.1470943829988614)1:0.729773196554892)0.76:0.06682838822877989)1:1.5999678554070338)1:1.2904841565148883)0.57:0.053232732855495714)0.49:0.03222010587098062)1:2.407551053507673));
Weight calculation took 0.449946229 secs
ASTRAL finished in 1.824 secs
