
================== ASTRAL ===================== 

This is ASTRAL version 5.7.3
Gene trees are treated as unrooted
1443 trees read from /Users/mezzalinavankan/Documents/Astral/SquamatesLow/50squamates.trs
All output trees will be *arbitrarily* rooted at gallus_gallus

======== Running the main analysis
Number of taxa: 5 (5 species)
Taxa: [gallus_gallus, chrysemys_picta, alligator_mississippiensis, plestiodon_fasciatus, anolis_carolinensis_2]
Taxon occupancy: {plestiodon_fasciatus=1443, anolis_carolinensis_2=1443, gallus_gallus=1443, chrysemys_picta=1443, alligator_mississippiensis=1443}
Number of gene trees: 1443
0 trees have missing taxa
Calculating quartet distance matrix (for completion of X)
Species tree distances calculated ...
Building set of clusters (X) from gene trees 
------------------------------
gradient0: 31
Number of Clusters after addition by distance: 31
calculating extra bipartitions to be added at level 1 ...
Adding to X using resolutions of greedy consensus ...
Limit for sigma of degrees:175
polytomy size limit : 3
discarded polytomies:  []
Threshold 0.0:
Threshold 0.01:
Threshold 0.02:
Threshold 0.05:
Threshold 0.1:
Threshold 0.2:
Threshold 0.3333333333333333:
max k is :0
Number of Clusters after addition by greedy: 31
gradient0 in heuristiic: 31
partitions formed in 0.138 secs
Dynamic Programming starting after 0.138 secs
Using tree-based weight calculation.
Using polytree-based weight calculation.
Polytree max score: 7215
Polytree building time: 0.031 seconds.
Number of quartet trees in the gene trees: 7215
Size of largest cluster: 5
Greedy score: 5546
estimationFactor: 1.3009376126938335
Sub-optimal score: 5546
Total Number of elements weighted: 31
Normalized score (portion of input quartet trees satisfied before correcting for multiple individuals): 0.7686763686763687
Optimization score: 5546
Optimal tree inferred in 0.222 secs.
(chrysemys_picta,((gallus_gallus,alligator_mississippiensis),(plestiodon_fasciatus,anolis_carolinensis_2)));
Final quartet score is: 5546
Final normalized quartet score is: 0.7686763686763687
(gallus_gallus,(alligator_mississippiensis,((plestiodon_fasciatus,anolis_carolinensis_2)1:4.343978567036352,chrysemys_picta)1:0.1634563085731988));
Weight calculation took 0.009705277 secs
ASTRAL finished in 0.396 secs
