
================== ASTRAL ===================== 

This is ASTRAL version 5.7.3
Gene trees are treated as unrooted
1443 trees read from /Users/mezzalinavankan/Documents/Astral/SquamatesLow/R50squamates.trs
All output trees will be *arbitrarily* rooted at gallus_gallus

======== Running the main analysis
Number of taxa: 5 (5 species)
Taxa: [gallus_gallus, alligator_mississippiensis, anolis_carolinensis_2, plestiodon_fasciatus, chrysemys_picta]
Taxon occupancy: {plestiodon_fasciatus=1443, anolis_carolinensis_2=1443, gallus_gallus=1443, alligator_mississippiensis=1443, chrysemys_picta=1443}
Number of gene trees: 1443
0 trees have missing taxa
Calculating quartet distance matrix (for completion of X)
Species tree distances calculated ...
Building set of clusters (X) from gene trees 
------------------------------
gradient0: 31
Number of Clusters after addition by distance: 31
calculating extra bipartitions to be added at level 1 ...
Adding to X using resolutions of greedy consensus ...
Limit for sigma of degrees:175
polytomy size limit : 3
discarded polytomies:  []
Threshold 0.0:
Threshold 0.01:
Threshold 0.02:
Threshold 0.05:
Threshold 0.1:
Threshold 0.2:
Threshold 0.3333333333333333:
max k is :0
Number of Clusters after addition by greedy: 31
gradient0 in heuristiic: 31
partitions formed in 0.141 secs
Dynamic Programming starting after 0.141 secs
Using tree-based weight calculation.
Using polytree-based weight calculation.
Polytree max score: 7215
Polytree building time: 0.018 seconds.
Number of quartet trees in the gene trees: 7215
Size of largest cluster: 5
Greedy score: 5574
estimationFactor: 1.2944025834230355
Sub-optimal score: 5574
Total Number of elements weighted: 32
Normalized score (portion of input quartet trees satisfied before correcting for multiple individuals): 0.7725571725571726
Optimization score: 5574
Optimal tree inferred in 0.205 secs.
(alligator_mississippiensis,(gallus_gallus,(chrysemys_picta,(anolis_carolinensis_2,plestiodon_fasciatus))));
Final quartet score is: 5574
Final normalized quartet score is: 0.7725571725571726
(gallus_gallus,((chrysemys_picta,(anolis_carolinensis_2,plestiodon_fasciatus)1:4.128867187419403)1:0.1875986138947985,alligator_mississippiensis));
Weight calculation took 0.009440012 secs
ASTRAL finished in 0.372 secs
