
================== ASTRAL ===================== 

This is ASTRAL version 5.7.3
Gene trees are treated as unrooted
90 trees read from /Users/mezzalinavankan/Documents/Astral/AngiospermsLow/25angiosperms.trs
All output trees will be *arbitrarily* rooted at I8303_STA_0105_Cyperaceae_Carex_pulicaris

======== Running the main analysis
Number of taxa: 35 (35 species)
Taxa: [I8303_STA_0105_Cyperaceae_Carex_pulicaris, I8304_STA_0178_Cyperaceae_Carex_plantaginea, I8321_STA_2651_Cyperaceae_Carex_filicina, I8329_STA_2646_Cyperaceae_Carex_speciosa, I8325_STA_2636_Cyperaceae_Carex_myosurus, I8327_STA_2644_Cyperaceae_Carex_bavicola, I8328_STA_2645_Cyperaceae_Carex_dimorpholepis, I8330_STA_2647_Cyperaceae_Carex_atrivaginata, I8305_STA_0387B_Cyperaceae_Khaosokia_caricoides, I8307_STA_2567_Cyperaceae_Scirpus_microcarpus, I8326_STA_2638_Cyperaceae_Scirpus_atrovirens, I8309_STA_2609_Cyperaceae_Scirpus_cyperinus, I8308_STA_2608_Cyperaceae_Eriophorum_virginicum, I8313_STA_2631_Cyperaceae_Eriophorum_angustifolium, I8324_STA_2634_Cyperaceae_Eriophorum_vaginatum_subsp_spissum, I8319_STA_2643_Cyperaceae_Scirpus_pendulus, I8320_STA_2650_Cyperaceae_Scirpus_Scirpus, I8311_STA_2629_Cyperaceae_Calliscirpus_criniger, I8333_STA_2655_Cyperaceae_Calliscirpus_brachythrix, I8317_STA_2640_Cyperaceae_Amphiscirpus_nevadensis, I8314_STA_2632_Cyperaceae_Eleocharis_obtusa, I8331_STA_2648_Cyperaceae_Erioscirpus_comosus, I8338_STA_2682_Cyperaceae_Dulichium_arundinaceum, I8310_STA_2628_Cyperaceae_Trichophorum_cespitosum, I8315_STA_2633_Cyperaceae_Trichophorum_alpinum, I8306_STA_2442_Cyperaceae_Carex_hypolytroides, I8316_STA_2639_Cyperaceae_Carex_kucyniakii, I8337_STA_2681_Cyperaceae_Carex_siderosticta, I8332_STA_2654_Cyperaceae_Carex_canescens, I8312_STA_2630_Cyperaceae_Kobresia_myosuroides, I8336_STA_2658_Cyperaceae_Carex_microglochin, I8335_STA_2657_Cyperaceae_Carex_nardina, I8323_STA_2653_Cyperaceae_Carex_capitata, I8322_STA_2652_Cyperaceae_Uncinia_Uncinia, I8334_STA_2656_Cyperaceae_Carex_camptoglochin]
Taxon occupancy: {I8325_STA_2636_Cyperaceae_Carex_myosurus=90, I8330_STA_2647_Cyperaceae_Carex_atrivaginata=90, I8329_STA_2646_Cyperaceae_Carex_speciosa=90, I8312_STA_2630_Cyperaceae_Kobresia_myosuroides=90, I8308_STA_2608_Cyperaceae_Eriophorum_virginicum=90, I8309_STA_2609_Cyperaceae_Scirpus_cyperinus=90, I8306_STA_2442_Cyperaceae_Carex_hypolytroides=90, I8303_STA_0105_Cyperaceae_Carex_pulicaris=90, I8333_STA_2655_Cyperaceae_Calliscirpus_brachythrix=90, I8334_STA_2656_Cyperaceae_Carex_camptoglochin=90, I8307_STA_2567_Cyperaceae_Scirpus_microcarpus=90, I8320_STA_2650_Cyperaceae_Scirpus_Scirpus=90, I8314_STA_2632_Cyperaceae_Eleocharis_obtusa=90, I8323_STA_2653_Cyperaceae_Carex_capitata=90, I8336_STA_2658_Cyperaceae_Carex_microglochin=90, I8335_STA_2657_Cyperaceae_Carex_nardina=90, I8317_STA_2640_Cyperaceae_Amphiscirpus_nevadensis=90, I8332_STA_2654_Cyperaceae_Carex_canescens=90, I8304_STA_0178_Cyperaceae_Carex_plantaginea=90, I8321_STA_2651_Cyperaceae_Carex_filicina=90, I8326_STA_2638_Cyperaceae_Scirpus_atrovirens=90, I8338_STA_2682_Cyperaceae_Dulichium_arundinaceum=90, I8313_STA_2631_Cyperaceae_Eriophorum_angustifolium=90, I8311_STA_2629_Cyperaceae_Calliscirpus_criniger=90, I8315_STA_2633_Cyperaceae_Trichophorum_alpinum=90, I8337_STA_2681_Cyperaceae_Carex_siderosticta=90, I8327_STA_2644_Cyperaceae_Carex_bavicola=90, I8316_STA_2639_Cyperaceae_Carex_kucyniakii=90, I8310_STA_2628_Cyperaceae_Trichophorum_cespitosum=90, I8305_STA_0387B_Cyperaceae_Khaosokia_caricoides=90, I8331_STA_2648_Cyperaceae_Erioscirpus_comosus=90, I8324_STA_2634_Cyperaceae_Eriophorum_vaginatum_subsp_spissum=90, I8322_STA_2652_Cyperaceae_Uncinia_Uncinia=90, I8328_STA_2645_Cyperaceae_Carex_dimorpholepis=90, I8319_STA_2643_Cyperaceae_Scirpus_pendulus=90}
Number of gene trees: 90
0 trees have missing taxa
Calculating quartet distance matrix (for completion of X)
Species tree distances calculated ...
Building set of clusters (X) from gene trees 
------------------------------
gradient0: 1277
Number of Clusters after addition by distance: 1277
calculating extra bipartitions to be added at level 1 ...
Adding to X using resolutions of greedy consensus ...
Limit for sigma of degrees:925
polytomy size limit : 6
discarded polytomies:  [3, 3, 3, 3, 4, 4, 4, 5, 6]
Threshold 0.0:
Threshold 0.01:
Threshold 0.02:
Threshold 0.05:
Threshold 0.1:
polytomy of size 3; rounds with additions with at least 5 support: 0; clusters: 1277
Threshold 0.2:
polytomy of size 3; rounds with additions with at least 5 support: 0; clusters: 1277
polytomy of size 4; rounds with additions with at least 5 support: 0; clusters: 1277
polytomy of size 3; rounds with additions with at least 5 support: 0; clusters: 1277
Threshold 0.3333333333333333:
polytomy of size 6; rounds with additions with at least 5 support: 0; clusters: 1277
polytomy of size 4; rounds with additions with at least 5 support: 0; clusters: 1277
polytomy of size 5; rounds with additions with at least 5 support: 0; clusters: 1277
polytomy of size 3; rounds with additions with at least 5 support: 0; clusters: 1277
polytomy of size 4; rounds with additions with at least 5 support: 0; clusters: 1277
max k is :0
Number of Clusters after addition by greedy: 1277
gradient0 in heuristiic: 1277
partitions formed in 0.432 secs
Dynamic Programming starting after 0.432 secs
Using tree-based weight calculation.
Using polytree-based weight calculation.
Polytree max score: 4712400
Polytree building time: 0.065 seconds.
Number of quartet trees in the gene trees: 4712400
Size of largest cluster: 35
Greedy score: 3560633
estimationFactor: 1.3234725398545708
Sub-optimal score: 3695449
Total Number of elements weighted: 2957
Normalized score (portion of input quartet trees satisfied before correcting for multiple individuals): 0.8302826585179527
Optimization score: 3912624
Optimal tree inferred in 0.977 secs.
(I8314_STA_2632_Cyperaceae_Eleocharis_obtusa,(I8331_STA_2648_Cyperaceae_Erioscirpus_comosus,(I8338_STA_2682_Cyperaceae_Dulichium_arundinaceum,(I8305_STA_0387B_Cyperaceae_Khaosokia_caricoides,(((I8310_STA_2628_Cyperaceae_Trichophorum_cespitosum,I8315_STA_2633_Cyperaceae_Trichophorum_alpinum),((I8311_STA_2629_Cyperaceae_Calliscirpus_criniger,I8333_STA_2655_Cyperaceae_Calliscirpus_brachythrix),(I8317_STA_2640_Cyperaceae_Amphiscirpus_nevadensis,(I8320_STA_2650_Cyperaceae_Scirpus_Scirpus,(I8319_STA_2643_Cyperaceae_Scirpus_pendulus,(I8309_STA_2609_Cyperaceae_Scirpus_cyperinus,((I8307_STA_2567_Cyperaceae_Scirpus_microcarpus,I8326_STA_2638_Cyperaceae_Scirpus_atrovirens),(I8324_STA_2634_Cyperaceae_Eriophorum_vaginatum_subsp_spissum,(I8308_STA_2608_Cyperaceae_Eriophorum_virginicum,I8313_STA_2631_Cyperaceae_Eriophorum_angustifolium))))))))),((I8306_STA_2442_Cyperaceae_Carex_hypolytroides,(I8316_STA_2639_Cyperaceae_Carex_kucyniakii,I8337_STA_2681_Cyperaceae_Carex_siderosticta)),(((I8328_STA_2645_Cyperaceae_Carex_dimorpholepis,I8330_STA_2647_Cyperaceae_Carex_atrivaginata),(I8329_STA_2646_Cyperaceae_Carex_speciosa,((I8304_STA_0178_Cyperaceae_Carex_plantaginea,I8327_STA_2644_Cyperaceae_Carex_bavicola),(I8321_STA_2651_Cyperaceae_Carex_filicina,I8325_STA_2636_Cyperaceae_Carex_myosurus)))),((I8303_STA_0105_Cyperaceae_Carex_pulicaris,I8334_STA_2656_Cyperaceae_Carex_camptoglochin),(I8332_STA_2654_Cyperaceae_Carex_canescens,(I8322_STA_2652_Cyperaceae_Uncinia_Uncinia,((I8312_STA_2630_Cyperaceae_Kobresia_myosuroides,I8336_STA_2658_Cyperaceae_Carex_microglochin),(I8335_STA_2657_Cyperaceae_Carex_nardina,I8323_STA_2653_Cyperaceae_Carex_capitata))))))))))));
Final quartet score is: 3912624
Final normalized quartet score is: 0.8302826585179527
(I8303_STA_0105_Cyperaceae_Carex_pulicaris,(I8334_STA_2656_Cyperaceae_Carex_camptoglochin,((I8332_STA_2654_Cyperaceae_Carex_canescens,(I8322_STA_2652_Cyperaceae_Uncinia_Uncinia,((I8312_STA_2630_Cyperaceae_Kobresia_myosuroides,I8336_STA_2658_Cyperaceae_Carex_microglochin)1:0.600127656852324,(I8335_STA_2657_Cyperaceae_Carex_nardina,I8323_STA_2653_Cyperaceae_Carex_capitata)0.94:0.16193524350425934)1:0.36415971396082125)1:0.3943486488374893)0.51:0.051743238152171855,(((I8328_STA_2645_Cyperaceae_Carex_dimorpholepis,I8330_STA_2647_Cyperaceae_Carex_atrivaginata)1:1.214625893830071,(I8329_STA_2646_Cyperaceae_Carex_speciosa,((I8304_STA_0178_Cyperaceae_Carex_plantaginea,I8327_STA_2644_Cyperaceae_Carex_bavicola)0.97:0.18533922128327546,(I8321_STA_2651_Cyperaceae_Carex_filicina,I8325_STA_2636_Cyperaceae_Carex_myosurus)0.47:0.04829400935895613)0.38:0.0077220460939105015)1:0.3926937914545194)1:1.720538312981846,((I8306_STA_2442_Cyperaceae_Carex_hypolytroides,(I8316_STA_2639_Cyperaceae_Carex_kucyniakii,I8337_STA_2681_Cyperaceae_Carex_siderosticta)1:0.5726206589578111)1:0.48251859049164303,(((I8310_STA_2628_Cyperaceae_Trichophorum_cespitosum,I8315_STA_2633_Cyperaceae_Trichophorum_alpinum)1:1.0793413567043348,((I8311_STA_2629_Cyperaceae_Calliscirpus_criniger,I8333_STA_2655_Cyperaceae_Calliscirpus_brachythrix)1:4.10539439840869,(I8317_STA_2640_Cyperaceae_Amphiscirpus_nevadensis,(I8320_STA_2650_Cyperaceae_Scirpus_Scirpus,(I8319_STA_2643_Cyperaceae_Scirpus_pendulus,(I8309_STA_2609_Cyperaceae_Scirpus_cyperinus,((I8307_STA_2567_Cyperaceae_Scirpus_microcarpus,I8326_STA_2638_Cyperaceae_Scirpus_atrovirens)1:3.412247217848739,(I8324_STA_2634_Cyperaceae_Eriophorum_vaginatum_subsp_spissum,(I8308_STA_2608_Cyperaceae_Eriophorum_virginicum,I8313_STA_2631_Cyperaceae_Eriophorum_angustifolium)1:0.3925848174447124)1:1.2085620735095766)0.4:0.016620881236040295)0.99:0.21357410029805904)1:0.4640790085800903)1:1.0737753655211708)1:0.5555675029253971)0.85:0.12142665358944843)0.76:0.1256773443969805,(I8305_STA_0387B_Cyperaceae_Khaosokia_caricoides,(I8338_STA_2682_Cyperaceae_Dulichium_arundinaceum,(I8331_STA_2648_Cyperaceae_Erioscirpus_comosus,I8314_STA_2632_Cyperaceae_Eleocharis_obtusa)1:4.10539439840869)1:0.39655420173221095)1:0.3345017926339141)1:1.4612219681266563)1:1.138109150391076)0.94:0.1635583465939087)1:2.9430154913815865));
Weight calculation took 0.37676122 secs
ASTRAL finished in 1.184 secs
