
================== ASTRAL ===================== 

This is ASTRAL version 5.7.3
Gene trees are treated as unrooted
180 trees read from /Users/mezzalinavankan/Documents/Astral/AngiospermsLow/50angiosperms.trs
All output trees will be *arbitrarily* rooted at I8303_STA_0105_Cyperaceae_Carex_pulicaris

======== Running the main analysis
Number of taxa: 35 (35 species)
Taxa: [I8303_STA_0105_Cyperaceae_Carex_pulicaris, I8304_STA_0178_Cyperaceae_Carex_plantaginea, I8321_STA_2651_Cyperaceae_Carex_filicina, I8329_STA_2646_Cyperaceae_Carex_speciosa, I8330_STA_2647_Cyperaceae_Carex_atrivaginata, I8325_STA_2636_Cyperaceae_Carex_myosurus, I8328_STA_2645_Cyperaceae_Carex_dimorpholepis, I8305_STA_0387B_Cyperaceae_Khaosokia_caricoides, I8314_STA_2632_Cyperaceae_Eleocharis_obtusa, I8331_STA_2648_Cyperaceae_Erioscirpus_comosus, I8307_STA_2567_Cyperaceae_Scirpus_microcarpus, I8326_STA_2638_Cyperaceae_Scirpus_atrovirens, I8319_STA_2643_Cyperaceae_Scirpus_pendulus, I8324_STA_2634_Cyperaceae_Eriophorum_vaginatum_subsp_spissum, I8308_STA_2608_Cyperaceae_Eriophorum_virginicum, I8313_STA_2631_Cyperaceae_Eriophorum_angustifolium, I8320_STA_2650_Cyperaceae_Scirpus_Scirpus, I8309_STA_2609_Cyperaceae_Scirpus_cyperinus, I8317_STA_2640_Cyperaceae_Amphiscirpus_nevadensis, I8310_STA_2628_Cyperaceae_Trichophorum_cespitosum, I8315_STA_2633_Cyperaceae_Trichophorum_alpinum, I8338_STA_2682_Cyperaceae_Dulichium_arundinaceum, I8306_STA_2442_Cyperaceae_Carex_hypolytroides, I8337_STA_2681_Cyperaceae_Carex_siderosticta, I8316_STA_2639_Cyperaceae_Carex_kucyniakii, I8311_STA_2629_Cyperaceae_Calliscirpus_criniger, I8333_STA_2655_Cyperaceae_Calliscirpus_brachythrix, I8312_STA_2630_Cyperaceae_Kobresia_myosuroides, I8332_STA_2654_Cyperaceae_Carex_canescens, I8322_STA_2652_Cyperaceae_Uncinia_Uncinia, I8335_STA_2657_Cyperaceae_Carex_nardina, I8336_STA_2658_Cyperaceae_Carex_microglochin, I8323_STA_2653_Cyperaceae_Carex_capitata, I8327_STA_2644_Cyperaceae_Carex_bavicola, I8334_STA_2656_Cyperaceae_Carex_camptoglochin]
Taxon occupancy: {I8325_STA_2636_Cyperaceae_Carex_myosurus=180, I8330_STA_2647_Cyperaceae_Carex_atrivaginata=180, I8329_STA_2646_Cyperaceae_Carex_speciosa=180, I8312_STA_2630_Cyperaceae_Kobresia_myosuroides=180, I8308_STA_2608_Cyperaceae_Eriophorum_virginicum=180, I8309_STA_2609_Cyperaceae_Scirpus_cyperinus=180, I8306_STA_2442_Cyperaceae_Carex_hypolytroides=180, I8303_STA_0105_Cyperaceae_Carex_pulicaris=180, I8333_STA_2655_Cyperaceae_Calliscirpus_brachythrix=180, I8334_STA_2656_Cyperaceae_Carex_camptoglochin=180, I8307_STA_2567_Cyperaceae_Scirpus_microcarpus=180, I8320_STA_2650_Cyperaceae_Scirpus_Scirpus=180, I8314_STA_2632_Cyperaceae_Eleocharis_obtusa=180, I8323_STA_2653_Cyperaceae_Carex_capitata=180, I8336_STA_2658_Cyperaceae_Carex_microglochin=180, I8335_STA_2657_Cyperaceae_Carex_nardina=180, I8317_STA_2640_Cyperaceae_Amphiscirpus_nevadensis=180, I8332_STA_2654_Cyperaceae_Carex_canescens=180, I8304_STA_0178_Cyperaceae_Carex_plantaginea=180, I8321_STA_2651_Cyperaceae_Carex_filicina=180, I8326_STA_2638_Cyperaceae_Scirpus_atrovirens=180, I8338_STA_2682_Cyperaceae_Dulichium_arundinaceum=180, I8313_STA_2631_Cyperaceae_Eriophorum_angustifolium=180, I8311_STA_2629_Cyperaceae_Calliscirpus_criniger=180, I8315_STA_2633_Cyperaceae_Trichophorum_alpinum=180, I8337_STA_2681_Cyperaceae_Carex_siderosticta=180, I8316_STA_2639_Cyperaceae_Carex_kucyniakii=180, I8327_STA_2644_Cyperaceae_Carex_bavicola=180, I8310_STA_2628_Cyperaceae_Trichophorum_cespitosum=180, I8305_STA_0387B_Cyperaceae_Khaosokia_caricoides=180, I8331_STA_2648_Cyperaceae_Erioscirpus_comosus=180, I8324_STA_2634_Cyperaceae_Eriophorum_vaginatum_subsp_spissum=180, I8322_STA_2652_Cyperaceae_Uncinia_Uncinia=180, I8328_STA_2645_Cyperaceae_Carex_dimorpholepis=180, I8319_STA_2643_Cyperaceae_Scirpus_pendulus=180}
Number of gene trees: 180
0 trees have missing taxa
Calculating quartet distance matrix (for completion of X)
Species tree distances calculated ...
Building set of clusters (X) from gene trees 
------------------------------
gradient0: 1903
Number of Clusters after addition by distance: 1903
calculating extra bipartitions to be added at level 1 ...
Adding to X using resolutions of greedy consensus ...
Limit for sigma of degrees:925
polytomy size limit : 6
discarded polytomies:  [3, 4, 4, 4, 4, 4, 5, 6]
Threshold 0.0:
Threshold 0.01:
Threshold 0.02:
Threshold 0.05:
Threshold 0.1:
Threshold 0.2:
polytomy of size 4; rounds with additions with at least 5 support: 0; clusters: 1903
polytomy of size 4; rounds with additions with at least 5 support: 0; clusters: 1903
polytomy of size 4; rounds with additions with at least 5 support: 0; clusters: 1903
Threshold 0.3333333333333333:
polytomy of size 6; rounds with additions with at least 5 support: 0; clusters: 1903
polytomy of size 4; rounds with additions with at least 5 support: 0; clusters: 1903
polytomy of size 5; rounds with additions with at least 5 support: 0; clusters: 1903
polytomy of size 3; rounds with additions with at least 5 support: 0; clusters: 1903
polytomy of size 4; rounds with additions with at least 5 support: 0; clusters: 1903
max k is :0
Number of Clusters after addition by greedy: 1903
gradient0 in heuristiic: 1903
partitions formed in 0.631 secs
Dynamic Programming starting after 0.631 secs
Using tree-based weight calculation.
Using polytree-based weight calculation.
Polytree max score: 9424800
Polytree building time: 0.131 seconds.
Number of quartet trees in the gene trees: 9424800
Size of largest cluster: 35
Greedy score: 7274409
estimationFactor: 1.2956104062886757
Sub-optimal score: 7524460
Total Number of elements weighted: 5441
Normalized score (portion of input quartet trees satisfied before correcting for multiple individuals): 0.829694423223835
Optimization score: 7819704
Optimal tree inferred in 1.403 secs.
(I8315_STA_2633_Cyperaceae_Trichophorum_alpinum,(I8310_STA_2628_Cyperaceae_Trichophorum_cespitosum,(((I8311_STA_2629_Cyperaceae_Calliscirpus_criniger,I8333_STA_2655_Cyperaceae_Calliscirpus_brachythrix),(I8317_STA_2640_Cyperaceae_Amphiscirpus_nevadensis,(I8320_STA_2650_Cyperaceae_Scirpus_Scirpus,(I8319_STA_2643_Cyperaceae_Scirpus_pendulus,(I8309_STA_2609_Cyperaceae_Scirpus_cyperinus,((I8307_STA_2567_Cyperaceae_Scirpus_microcarpus,I8326_STA_2638_Cyperaceae_Scirpus_atrovirens),(I8324_STA_2634_Cyperaceae_Eriophorum_vaginatum_subsp_spissum,(I8308_STA_2608_Cyperaceae_Eriophorum_virginicum,I8313_STA_2631_Cyperaceae_Eriophorum_angustifolium)))))))),((I8305_STA_0387B_Cyperaceae_Khaosokia_caricoides,(I8338_STA_2682_Cyperaceae_Dulichium_arundinaceum,(I8314_STA_2632_Cyperaceae_Eleocharis_obtusa,I8331_STA_2648_Cyperaceae_Erioscirpus_comosus))),((I8306_STA_2442_Cyperaceae_Carex_hypolytroides,(I8337_STA_2681_Cyperaceae_Carex_siderosticta,I8316_STA_2639_Cyperaceae_Carex_kucyniakii)),(((I8330_STA_2647_Cyperaceae_Carex_atrivaginata,I8328_STA_2645_Cyperaceae_Carex_dimorpholepis),((I8304_STA_0178_Cyperaceae_Carex_plantaginea,I8327_STA_2644_Cyperaceae_Carex_bavicola),(I8321_STA_2651_Cyperaceae_Carex_filicina,(I8329_STA_2646_Cyperaceae_Carex_speciosa,I8325_STA_2636_Cyperaceae_Carex_myosurus)))),(I8332_STA_2654_Cyperaceae_Carex_canescens,((I8303_STA_0105_Cyperaceae_Carex_pulicaris,I8334_STA_2656_Cyperaceae_Carex_camptoglochin),(I8322_STA_2652_Cyperaceae_Uncinia_Uncinia,((I8312_STA_2630_Cyperaceae_Kobresia_myosuroides,I8336_STA_2658_Cyperaceae_Carex_microglochin),(I8335_STA_2657_Cyperaceae_Carex_nardina,I8323_STA_2653_Cyperaceae_Carex_capitata)))))))))));
Final quartet score is: 7819704
Final normalized quartet score is: 0.829694423223835
(I8303_STA_0105_Cyperaceae_Carex_pulicaris,(I8334_STA_2656_Cyperaceae_Carex_camptoglochin,((I8322_STA_2652_Cyperaceae_Uncinia_Uncinia,((I8312_STA_2630_Cyperaceae_Kobresia_myosuroides,I8336_STA_2658_Cyperaceae_Carex_microglochin)1:0.6053341289181967,(I8335_STA_2657_Cyperaceae_Carex_nardina,I8323_STA_2653_Cyperaceae_Carex_capitata)0.94:0.11134882510211107)1:0.4972215271342479)1:0.4084416132235491,(I8332_STA_2654_Cyperaceae_Carex_canescens,(((I8330_STA_2647_Cyperaceae_Carex_atrivaginata,I8328_STA_2645_Cyperaceae_Carex_dimorpholepis)1:1.3184070729406878,((I8304_STA_0178_Cyperaceae_Carex_plantaginea,I8327_STA_2644_Cyperaceae_Carex_bavicola)0.99:0.16241060474004568,(I8321_STA_2651_Cyperaceae_Carex_filicina,(I8329_STA_2646_Cyperaceae_Carex_speciosa,I8325_STA_2636_Cyperaceae_Carex_myosurus)0.39:0.008931340531685678)0.68:0.06505430790802304)1:0.4371628873331669)1:1.8475408660404153,((I8306_STA_2442_Cyperaceae_Carex_hypolytroides,(I8337_STA_2681_Cyperaceae_Carex_siderosticta,I8316_STA_2639_Cyperaceae_Carex_kucyniakii)1:0.6415000123290411)1:0.5426616893042886,((I8305_STA_0387B_Cyperaceae_Khaosokia_caricoides,(I8338_STA_2682_Cyperaceae_Dulichium_arundinaceum,(I8314_STA_2632_Cyperaceae_Eleocharis_obtusa,I8331_STA_2648_Cyperaceae_Erioscirpus_comosus)1:4.793031923157664)1:0.3234228380285065)1:0.3603175905381562,(((I8311_STA_2629_Cyperaceae_Calliscirpus_criniger,I8333_STA_2655_Cyperaceae_Calliscirpus_brachythrix)1:4.712989215484122,(I8317_STA_2640_Cyperaceae_Amphiscirpus_nevadensis,(I8320_STA_2650_Cyperaceae_Scirpus_Scirpus,(I8319_STA_2643_Cyperaceae_Scirpus_pendulus,(I8309_STA_2609_Cyperaceae_Scirpus_cyperinus,((I8307_STA_2567_Cyperaceae_Scirpus_microcarpus,I8326_STA_2638_Cyperaceae_Scirpus_atrovirens)1:3.5758138920817095,(I8324_STA_2634_Cyperaceae_Eriophorum_vaginatum_subsp_spissum,(I8308_STA_2608_Cyperaceae_Eriophorum_virginicum,I8313_STA_2631_Cyperaceae_Eriophorum_angustifolium)1:0.33759510437037316)1:0.9330042128478961)0.88:0.09469596572903571)1:0.18707633139573424)1:0.5213507736394918)1:1.0730478654762772)1:0.7271261309252463)0.92:0.10442154408801729,(I8310_STA_2628_Cyperaceae_Trichophorum_cespitosum,I8315_STA_2633_Cyperaceae_Trichophorum_alpinum)1:1.1873768858824776)0.65:0.06825096767403133)1:1.4264731758315206)1:1.3027720870200938)0.85:0.09432492848767232)0.42:0.01378394355275566)1:2.5599500359305902));
Weight calculation took 0.488746657 secs
ASTRAL finished in 1.783 secs
