
================== ASTRAL ===================== 

This is ASTRAL version 5.7.3
Gene trees are treated as unrooted
90 trees read from /Users/mezzalinavankan/Documents/Astral/AngiospermsLow/R25angiosperms.trs
All output trees will be *arbitrarily* rooted at I8303_STA_0105_Cyperaceae_Carex_pulicaris

======== Running the main analysis
Number of taxa: 35 (35 species)
Taxa: [I8303_STA_0105_Cyperaceae_Carex_pulicaris, I8304_STA_0178_Cyperaceae_Carex_plantaginea, I8321_STA_2651_Cyperaceae_Carex_filicina, I8329_STA_2646_Cyperaceae_Carex_speciosa, I8330_STA_2647_Cyperaceae_Carex_atrivaginata, I8325_STA_2636_Cyperaceae_Carex_myosurus, I8328_STA_2645_Cyperaceae_Carex_dimorpholepis, I8305_STA_0387B_Cyperaceae_Khaosokia_caricoides, I8314_STA_2632_Cyperaceae_Eleocharis_obtusa, I8331_STA_2648_Cyperaceae_Erioscirpus_comosus, I8307_STA_2567_Cyperaceae_Scirpus_microcarpus, I8326_STA_2638_Cyperaceae_Scirpus_atrovirens, I8319_STA_2643_Cyperaceae_Scirpus_pendulus, I8324_STA_2634_Cyperaceae_Eriophorum_vaginatum_subsp_spissum, I8308_STA_2608_Cyperaceae_Eriophorum_virginicum, I8313_STA_2631_Cyperaceae_Eriophorum_angustifolium, I8320_STA_2650_Cyperaceae_Scirpus_Scirpus, I8309_STA_2609_Cyperaceae_Scirpus_cyperinus, I8317_STA_2640_Cyperaceae_Amphiscirpus_nevadensis, I8310_STA_2628_Cyperaceae_Trichophorum_cespitosum, I8315_STA_2633_Cyperaceae_Trichophorum_alpinum, I8338_STA_2682_Cyperaceae_Dulichium_arundinaceum, I8306_STA_2442_Cyperaceae_Carex_hypolytroides, I8337_STA_2681_Cyperaceae_Carex_siderosticta, I8316_STA_2639_Cyperaceae_Carex_kucyniakii, I8311_STA_2629_Cyperaceae_Calliscirpus_criniger, I8333_STA_2655_Cyperaceae_Calliscirpus_brachythrix, I8312_STA_2630_Cyperaceae_Kobresia_myosuroides, I8332_STA_2654_Cyperaceae_Carex_canescens, I8322_STA_2652_Cyperaceae_Uncinia_Uncinia, I8335_STA_2657_Cyperaceae_Carex_nardina, I8336_STA_2658_Cyperaceae_Carex_microglochin, I8323_STA_2653_Cyperaceae_Carex_capitata, I8327_STA_2644_Cyperaceae_Carex_bavicola, I8334_STA_2656_Cyperaceae_Carex_camptoglochin]
Taxon occupancy: {I8325_STA_2636_Cyperaceae_Carex_myosurus=90, I8330_STA_2647_Cyperaceae_Carex_atrivaginata=90, I8329_STA_2646_Cyperaceae_Carex_speciosa=90, I8312_STA_2630_Cyperaceae_Kobresia_myosuroides=90, I8308_STA_2608_Cyperaceae_Eriophorum_virginicum=90, I8309_STA_2609_Cyperaceae_Scirpus_cyperinus=90, I8306_STA_2442_Cyperaceae_Carex_hypolytroides=90, I8303_STA_0105_Cyperaceae_Carex_pulicaris=90, I8333_STA_2655_Cyperaceae_Calliscirpus_brachythrix=90, I8334_STA_2656_Cyperaceae_Carex_camptoglochin=90, I8307_STA_2567_Cyperaceae_Scirpus_microcarpus=90, I8320_STA_2650_Cyperaceae_Scirpus_Scirpus=90, I8314_STA_2632_Cyperaceae_Eleocharis_obtusa=90, I8323_STA_2653_Cyperaceae_Carex_capitata=90, I8336_STA_2658_Cyperaceae_Carex_microglochin=90, I8335_STA_2657_Cyperaceae_Carex_nardina=90, I8317_STA_2640_Cyperaceae_Amphiscirpus_nevadensis=90, I8332_STA_2654_Cyperaceae_Carex_canescens=90, I8304_STA_0178_Cyperaceae_Carex_plantaginea=90, I8321_STA_2651_Cyperaceae_Carex_filicina=90, I8326_STA_2638_Cyperaceae_Scirpus_atrovirens=90, I8338_STA_2682_Cyperaceae_Dulichium_arundinaceum=90, I8313_STA_2631_Cyperaceae_Eriophorum_angustifolium=90, I8311_STA_2629_Cyperaceae_Calliscirpus_criniger=90, I8315_STA_2633_Cyperaceae_Trichophorum_alpinum=90, I8337_STA_2681_Cyperaceae_Carex_siderosticta=90, I8316_STA_2639_Cyperaceae_Carex_kucyniakii=90, I8327_STA_2644_Cyperaceae_Carex_bavicola=90, I8310_STA_2628_Cyperaceae_Trichophorum_cespitosum=90, I8305_STA_0387B_Cyperaceae_Khaosokia_caricoides=90, I8331_STA_2648_Cyperaceae_Erioscirpus_comosus=90, I8324_STA_2634_Cyperaceae_Eriophorum_vaginatum_subsp_spissum=90, I8322_STA_2652_Cyperaceae_Uncinia_Uncinia=90, I8328_STA_2645_Cyperaceae_Carex_dimorpholepis=90, I8319_STA_2643_Cyperaceae_Scirpus_pendulus=90}
Number of gene trees: 90
0 trees have missing taxa
Calculating quartet distance matrix (for completion of X)
Species tree distances calculated ...
Building set of clusters (X) from gene trees 
------------------------------
gradient0: 1325
Number of Clusters after addition by distance: 1325
calculating extra bipartitions to be added at level 1 ...
Adding to X using resolutions of greedy consensus ...
Limit for sigma of degrees:925
polytomy size limit : 5
discarded polytomies:  [3, 3, 4, 4, 4, 5, 5, 5]
Threshold 0.0:
Threshold 0.01:
Threshold 0.02:
Threshold 0.05:
Threshold 0.1:
Threshold 0.2:
polytomy of size 3; rounds with additions with at least 5 support: 0; clusters: 1325
polytomy of size 5; rounds with additions with at least 5 support: 0; clusters: 1325
polytomy of size 3; rounds with additions with at least 5 support: 0; clusters: 1325
Threshold 0.3333333333333333:
polytomy of size 5; rounds with additions with at least 5 support: 0; clusters: 1325
polytomy of size 4; rounds with additions with at least 5 support: 0; clusters: 1325
polytomy of size 5; rounds with additions with at least 5 support: 0; clusters: 1325
polytomy of size 4; rounds with additions with at least 5 support: 0; clusters: 1325
polytomy of size 4; rounds with additions with at least 5 support: 0; clusters: 1325
max k is :0
Number of Clusters after addition by greedy: 1325
gradient0 in heuristiic: 1325
partitions formed in 0.424 secs
Dynamic Programming starting after 0.424 secs
Using tree-based weight calculation.
Using polytree-based weight calculation.
Polytree max score: 4712400
Polytree building time: 0.064 seconds.
Number of quartet trees in the gene trees: 4712400
Size of largest cluster: 35
Greedy score: 3673169
estimationFactor: 1.2829249076206404
Sub-optimal score: 3781151
Total Number of elements weighted: 3091
Normalized score (portion of input quartet trees satisfied before correcting for multiple individuals): 0.8281215516509635
Optimization score: 3902440
Optimal tree inferred in 0.969 secs.
(I8315_STA_2633_Cyperaceae_Trichophorum_alpinum,(I8310_STA_2628_Cyperaceae_Trichophorum_cespitosum,(((I8305_STA_0387B_Cyperaceae_Khaosokia_caricoides,(I8311_STA_2629_Cyperaceae_Calliscirpus_criniger,I8333_STA_2655_Cyperaceae_Calliscirpus_brachythrix)),(I8317_STA_2640_Cyperaceae_Amphiscirpus_nevadensis,(I8320_STA_2650_Cyperaceae_Scirpus_Scirpus,(I8319_STA_2643_Cyperaceae_Scirpus_pendulus,(I8309_STA_2609_Cyperaceae_Scirpus_cyperinus,((I8307_STA_2567_Cyperaceae_Scirpus_microcarpus,I8326_STA_2638_Cyperaceae_Scirpus_atrovirens),(I8324_STA_2634_Cyperaceae_Eriophorum_vaginatum_subsp_spissum,(I8308_STA_2608_Cyperaceae_Eriophorum_virginicum,I8313_STA_2631_Cyperaceae_Eriophorum_angustifolium)))))))),((I8338_STA_2682_Cyperaceae_Dulichium_arundinaceum,(I8314_STA_2632_Cyperaceae_Eleocharis_obtusa,I8331_STA_2648_Cyperaceae_Erioscirpus_comosus)),((I8306_STA_2442_Cyperaceae_Carex_hypolytroides,(I8337_STA_2681_Cyperaceae_Carex_siderosticta,I8316_STA_2639_Cyperaceae_Carex_kucyniakii)),(((I8330_STA_2647_Cyperaceae_Carex_atrivaginata,I8328_STA_2645_Cyperaceae_Carex_dimorpholepis),((I8321_STA_2651_Cyperaceae_Carex_filicina,I8325_STA_2636_Cyperaceae_Carex_myosurus),(I8329_STA_2646_Cyperaceae_Carex_speciosa,(I8304_STA_0178_Cyperaceae_Carex_plantaginea,I8327_STA_2644_Cyperaceae_Carex_bavicola)))),(I8332_STA_2654_Cyperaceae_Carex_canescens,((I8303_STA_0105_Cyperaceae_Carex_pulicaris,I8334_STA_2656_Cyperaceae_Carex_camptoglochin),(I8322_STA_2652_Cyperaceae_Uncinia_Uncinia,((I8312_STA_2630_Cyperaceae_Kobresia_myosuroides,I8336_STA_2658_Cyperaceae_Carex_microglochin),(I8335_STA_2657_Cyperaceae_Carex_nardina,I8323_STA_2653_Cyperaceae_Carex_capitata)))))))))));
Final quartet score is: 3902440
Final normalized quartet score is: 0.8281215516509635
(I8303_STA_0105_Cyperaceae_Carex_pulicaris,(I8334_STA_2656_Cyperaceae_Carex_camptoglochin,((I8322_STA_2652_Cyperaceae_Uncinia_Uncinia,((I8312_STA_2630_Cyperaceae_Kobresia_myosuroides,I8336_STA_2658_Cyperaceae_Carex_microglochin)1:0.5852199510975389,(I8335_STA_2657_Cyperaceae_Carex_nardina,I8323_STA_2653_Cyperaceae_Carex_capitata)0.86:0.12330383036382278)1:0.3399397800686765)1:0.6629465426082077,(I8332_STA_2654_Cyperaceae_Carex_canescens,(((I8330_STA_2647_Cyperaceae_Carex_atrivaginata,I8328_STA_2645_Cyperaceae_Carex_dimorpholepis)1:1.3098567431833612,((I8321_STA_2651_Cyperaceae_Carex_filicina,I8325_STA_2636_Cyperaceae_Carex_myosurus)0.53:0.0476369831844401,(I8329_STA_2646_Cyperaceae_Carex_speciosa,(I8304_STA_0178_Cyperaceae_Carex_plantaginea,I8327_STA_2644_Cyperaceae_Carex_bavicola)0.95:0.18651991803143797)0.46:0.02686874238047544)1:0.5488565687836829)1:1.7711289688116665,((I8306_STA_2442_Cyperaceae_Carex_hypolytroides,(I8337_STA_2681_Cyperaceae_Carex_siderosticta,I8316_STA_2639_Cyperaceae_Carex_kucyniakii)1:0.5473713464699692)1:0.4489976247483035,((I8338_STA_2682_Cyperaceae_Dulichium_arundinaceum,(I8314_STA_2632_Cyperaceae_Eleocharis_obtusa,I8331_STA_2648_Cyperaceae_Erioscirpus_comosus)1:2.719100037288796)1:0.5944414117544823,(((I8305_STA_0387B_Cyperaceae_Khaosokia_caricoides,(I8311_STA_2629_Cyperaceae_Calliscirpus_criniger,I8333_STA_2655_Cyperaceae_Calliscirpus_brachythrix)1:4.10539439840869)0.52:0.04187433441357473,(I8317_STA_2640_Cyperaceae_Amphiscirpus_nevadensis,(I8320_STA_2650_Cyperaceae_Scirpus_Scirpus,(I8319_STA_2643_Cyperaceae_Scirpus_pendulus,(I8309_STA_2609_Cyperaceae_Scirpus_cyperinus,((I8307_STA_2567_Cyperaceae_Scirpus_microcarpus,I8326_STA_2638_Cyperaceae_Scirpus_atrovirens)1:3.42905433616512,(I8324_STA_2634_Cyperaceae_Eriophorum_vaginatum_subsp_spissum,(I8308_STA_2608_Cyperaceae_Eriophorum_virginicum,I8313_STA_2631_Cyperaceae_Eriophorum_angustifolium)1:0.3212047644904247)1:1.151352551908904)0.51:0.03882670211587503)0.91:0.1481249152235885)1:0.3749524832467703)1:1.1071926490490338)1:0.7711216351694228)0.68:0.07906686750795791,(I8310_STA_2628_Cyperaceae_Trichophorum_cespitosum,I8315_STA_2633_Cyperaceae_Trichophorum_alpinum)1:0.9955896685948472)0.53:0.0676229093892236)1:1.6588693077893388)1:1.1765376416808122)0.89:0.1328140003146899)0.79:0.10082597436955719)1:2.680566373286556));
Weight calculation took 0.394282525 secs
ASTRAL finished in 1.173 secs
