
================== ASTRAL ===================== 

This is ASTRAL version 5.7.3
Gene trees are treated as unrooted
180 trees read from /Users/mezzalinavankan/Documents/Astral/AngiospermsLow/R50angiosperms.trs
All output trees will be *arbitrarily* rooted at I8303_STA_0105_Cyperaceae_Carex_pulicaris

======== Running the main analysis
Number of taxa: 35 (35 species)
Taxa: [I8303_STA_0105_Cyperaceae_Carex_pulicaris, I8304_STA_0178_Cyperaceae_Carex_plantaginea, I8321_STA_2651_Cyperaceae_Carex_filicina, I8329_STA_2646_Cyperaceae_Carex_speciosa, I8325_STA_2636_Cyperaceae_Carex_myosurus, I8327_STA_2644_Cyperaceae_Carex_bavicola, I8328_STA_2645_Cyperaceae_Carex_dimorpholepis, I8330_STA_2647_Cyperaceae_Carex_atrivaginata, I8305_STA_0387B_Cyperaceae_Khaosokia_caricoides, I8307_STA_2567_Cyperaceae_Scirpus_microcarpus, I8326_STA_2638_Cyperaceae_Scirpus_atrovirens, I8309_STA_2609_Cyperaceae_Scirpus_cyperinus, I8308_STA_2608_Cyperaceae_Eriophorum_virginicum, I8313_STA_2631_Cyperaceae_Eriophorum_angustifolium, I8324_STA_2634_Cyperaceae_Eriophorum_vaginatum_subsp_spissum, I8319_STA_2643_Cyperaceae_Scirpus_pendulus, I8320_STA_2650_Cyperaceae_Scirpus_Scirpus, I8311_STA_2629_Cyperaceae_Calliscirpus_criniger, I8333_STA_2655_Cyperaceae_Calliscirpus_brachythrix, I8317_STA_2640_Cyperaceae_Amphiscirpus_nevadensis, I8314_STA_2632_Cyperaceae_Eleocharis_obtusa, I8331_STA_2648_Cyperaceae_Erioscirpus_comosus, I8338_STA_2682_Cyperaceae_Dulichium_arundinaceum, I8310_STA_2628_Cyperaceae_Trichophorum_cespitosum, I8315_STA_2633_Cyperaceae_Trichophorum_alpinum, I8306_STA_2442_Cyperaceae_Carex_hypolytroides, I8316_STA_2639_Cyperaceae_Carex_kucyniakii, I8337_STA_2681_Cyperaceae_Carex_siderosticta, I8332_STA_2654_Cyperaceae_Carex_canescens, I8312_STA_2630_Cyperaceae_Kobresia_myosuroides, I8336_STA_2658_Cyperaceae_Carex_microglochin, I8335_STA_2657_Cyperaceae_Carex_nardina, I8323_STA_2653_Cyperaceae_Carex_capitata, I8322_STA_2652_Cyperaceae_Uncinia_Uncinia, I8334_STA_2656_Cyperaceae_Carex_camptoglochin]
Taxon occupancy: {I8325_STA_2636_Cyperaceae_Carex_myosurus=180, I8330_STA_2647_Cyperaceae_Carex_atrivaginata=180, I8329_STA_2646_Cyperaceae_Carex_speciosa=180, I8312_STA_2630_Cyperaceae_Kobresia_myosuroides=180, I8308_STA_2608_Cyperaceae_Eriophorum_virginicum=180, I8309_STA_2609_Cyperaceae_Scirpus_cyperinus=180, I8306_STA_2442_Cyperaceae_Carex_hypolytroides=180, I8303_STA_0105_Cyperaceae_Carex_pulicaris=180, I8333_STA_2655_Cyperaceae_Calliscirpus_brachythrix=180, I8334_STA_2656_Cyperaceae_Carex_camptoglochin=180, I8307_STA_2567_Cyperaceae_Scirpus_microcarpus=180, I8320_STA_2650_Cyperaceae_Scirpus_Scirpus=180, I8314_STA_2632_Cyperaceae_Eleocharis_obtusa=180, I8323_STA_2653_Cyperaceae_Carex_capitata=180, I8336_STA_2658_Cyperaceae_Carex_microglochin=180, I8335_STA_2657_Cyperaceae_Carex_nardina=180, I8317_STA_2640_Cyperaceae_Amphiscirpus_nevadensis=180, I8332_STA_2654_Cyperaceae_Carex_canescens=180, I8304_STA_0178_Cyperaceae_Carex_plantaginea=180, I8321_STA_2651_Cyperaceae_Carex_filicina=180, I8326_STA_2638_Cyperaceae_Scirpus_atrovirens=180, I8338_STA_2682_Cyperaceae_Dulichium_arundinaceum=180, I8313_STA_2631_Cyperaceae_Eriophorum_angustifolium=180, I8311_STA_2629_Cyperaceae_Calliscirpus_criniger=180, I8315_STA_2633_Cyperaceae_Trichophorum_alpinum=180, I8337_STA_2681_Cyperaceae_Carex_siderosticta=180, I8327_STA_2644_Cyperaceae_Carex_bavicola=180, I8316_STA_2639_Cyperaceae_Carex_kucyniakii=180, I8310_STA_2628_Cyperaceae_Trichophorum_cespitosum=180, I8305_STA_0387B_Cyperaceae_Khaosokia_caricoides=180, I8331_STA_2648_Cyperaceae_Erioscirpus_comosus=180, I8324_STA_2634_Cyperaceae_Eriophorum_vaginatum_subsp_spissum=180, I8322_STA_2652_Cyperaceae_Uncinia_Uncinia=180, I8328_STA_2645_Cyperaceae_Carex_dimorpholepis=180, I8319_STA_2643_Cyperaceae_Scirpus_pendulus=180}
Number of gene trees: 180
0 trees have missing taxa
Calculating quartet distance matrix (for completion of X)
Species tree distances calculated ...
Building set of clusters (X) from gene trees 
------------------------------
gradient0: 1921
Number of Clusters after addition by distance: 1921
calculating extra bipartitions to be added at level 1 ...
Adding to X using resolutions of greedy consensus ...
Limit for sigma of degrees:925
polytomy size limit : 6
discarded polytomies:  [3, 3, 4, 4, 4, 4, 5, 6]
Threshold 0.0:
Threshold 0.01:
Threshold 0.02:
Threshold 0.05:
Threshold 0.1:
Threshold 0.2:
polytomy of size 4; rounds with additions with at least 5 support: 0; clusters: 1921
polytomy of size 3; rounds with additions with at least 5 support: 0; clusters: 1921
polytomy of size 4; rounds with additions with at least 5 support: 0; clusters: 1921
Threshold 0.3333333333333333:
polytomy of size 6; rounds with additions with at least 5 support: 0; clusters: 1921
polytomy of size 4; rounds with additions with at least 5 support: 0; clusters: 1921
polytomy of size 5; rounds with additions with at least 5 support: 0; clusters: 1921
polytomy of size 3; rounds with additions with at least 5 support: 0; clusters: 1921
polytomy of size 4; rounds with additions with at least 5 support: 0; clusters: 1921
max k is :0
Number of Clusters after addition by greedy: 1921
gradient0 in heuristiic: 1921
partitions formed in 0.66 secs
Dynamic Programming starting after 0.66 secs
Using tree-based weight calculation.
Using polytree-based weight calculation.
Polytree max score: 9424800
Polytree building time: 0.19 seconds.
Number of quartet trees in the gene trees: 9424800
Size of largest cluster: 35
Greedy score: 7279488
estimationFactor: 1.2947064408925464
Sub-optimal score: 7571873
Total Number of elements weighted: 5575
Normalized score (portion of input quartet trees satisfied before correcting for multiple individuals): 0.8315725532637297
Optimization score: 7837405
Optimal tree inferred in 1.79 secs.
(I8314_STA_2632_Cyperaceae_Eleocharis_obtusa,(I8331_STA_2648_Cyperaceae_Erioscirpus_comosus,(I8338_STA_2682_Cyperaceae_Dulichium_arundinaceum,(I8305_STA_0387B_Cyperaceae_Khaosokia_caricoides,((I8311_STA_2629_Cyperaceae_Calliscirpus_criniger,I8333_STA_2655_Cyperaceae_Calliscirpus_brachythrix),((I8317_STA_2640_Cyperaceae_Amphiscirpus_nevadensis,(I8320_STA_2650_Cyperaceae_Scirpus_Scirpus,(I8319_STA_2643_Cyperaceae_Scirpus_pendulus,(I8309_STA_2609_Cyperaceae_Scirpus_cyperinus,((I8307_STA_2567_Cyperaceae_Scirpus_microcarpus,I8326_STA_2638_Cyperaceae_Scirpus_atrovirens),(I8324_STA_2634_Cyperaceae_Eriophorum_vaginatum_subsp_spissum,(I8308_STA_2608_Cyperaceae_Eriophorum_virginicum,I8313_STA_2631_Cyperaceae_Eriophorum_angustifolium))))))),((I8310_STA_2628_Cyperaceae_Trichophorum_cespitosum,I8315_STA_2633_Cyperaceae_Trichophorum_alpinum),((I8306_STA_2442_Cyperaceae_Carex_hypolytroides,(I8316_STA_2639_Cyperaceae_Carex_kucyniakii,I8337_STA_2681_Cyperaceae_Carex_siderosticta)),(((I8328_STA_2645_Cyperaceae_Carex_dimorpholepis,I8330_STA_2647_Cyperaceae_Carex_atrivaginata),(I8321_STA_2651_Cyperaceae_Carex_filicina,((I8304_STA_0178_Cyperaceae_Carex_plantaginea,I8327_STA_2644_Cyperaceae_Carex_bavicola),(I8329_STA_2646_Cyperaceae_Carex_speciosa,I8325_STA_2636_Cyperaceae_Carex_myosurus)))),(I8332_STA_2654_Cyperaceae_Carex_canescens,((I8303_STA_0105_Cyperaceae_Carex_pulicaris,I8334_STA_2656_Cyperaceae_Carex_camptoglochin),(I8322_STA_2652_Cyperaceae_Uncinia_Uncinia,((I8312_STA_2630_Cyperaceae_Kobresia_myosuroides,I8336_STA_2658_Cyperaceae_Carex_microglochin),(I8335_STA_2657_Cyperaceae_Carex_nardina,I8323_STA_2653_Cyperaceae_Carex_capitata))))))))))))));
Final quartet score is: 7837405
Final normalized quartet score is: 0.8315725532637297
(I8303_STA_0105_Cyperaceae_Carex_pulicaris,(I8334_STA_2656_Cyperaceae_Carex_camptoglochin,((I8322_STA_2652_Cyperaceae_Uncinia_Uncinia,((I8312_STA_2630_Cyperaceae_Kobresia_myosuroides,I8336_STA_2658_Cyperaceae_Carex_microglochin)1:0.4744691184915854,(I8335_STA_2657_Cyperaceae_Carex_nardina,I8323_STA_2653_Cyperaceae_Carex_capitata)0.99:0.14972722165586216)1:0.5303520461163459)1:0.3629594488742048,(I8332_STA_2654_Cyperaceae_Carex_canescens,(((I8328_STA_2645_Cyperaceae_Carex_dimorpholepis,I8330_STA_2647_Cyperaceae_Carex_atrivaginata)1:1.2430041115818122,(I8321_STA_2651_Cyperaceae_Carex_filicina,((I8304_STA_0178_Cyperaceae_Carex_plantaginea,I8327_STA_2644_Cyperaceae_Carex_bavicola)1:0.19433425167518747,(I8329_STA_2646_Cyperaceae_Carex_speciosa,I8325_STA_2636_Cyperaceae_Carex_myosurus)0.59:0.04655820665364301)0.69:0.08665985666060287)1:0.43044525833383557)1:1.9243875604020864,((I8306_STA_2442_Cyperaceae_Carex_hypolytroides,(I8316_STA_2639_Cyperaceae_Carex_kucyniakii,I8337_STA_2681_Cyperaceae_Carex_siderosticta)1:0.5739838824346035)1:0.5276768097482802,((I8310_STA_2628_Cyperaceae_Trichophorum_cespitosum,I8315_STA_2633_Cyperaceae_Trichophorum_alpinum)1:1.0736951134125825,((I8317_STA_2640_Cyperaceae_Amphiscirpus_nevadensis,(I8320_STA_2650_Cyperaceae_Scirpus_Scirpus,(I8319_STA_2643_Cyperaceae_Scirpus_pendulus,(I8309_STA_2609_Cyperaceae_Scirpus_cyperinus,((I8307_STA_2567_Cyperaceae_Scirpus_microcarpus,I8326_STA_2638_Cyperaceae_Scirpus_atrovirens)1:3.7018546129770775,(I8324_STA_2634_Cyperaceae_Eriophorum_vaginatum_subsp_spissum,(I8308_STA_2608_Cyperaceae_Eriophorum_virginicum,I8313_STA_2631_Cyperaceae_Eriophorum_angustifolium)1:0.25073497898808006)1:0.9389912002678632)0.53:0.035732804129238765)1:0.19007847803941477)1:0.5365440163642667)1:1.0710525206173802)1:0.8108223145793562,((I8311_STA_2629_Cyperaceae_Calliscirpus_criniger,I8333_STA_2655_Cyperaceae_Calliscirpus_brachythrix)1:3.4373745314996618,(I8305_STA_0387B_Cyperaceae_Khaosokia_caricoides,(I8338_STA_2682_Cyperaceae_Dulichium_arundinaceum,(I8331_STA_2648_Cyperaceae_Erioscirpus_comosus,I8314_STA_2632_Cyperaceae_Eleocharis_obtusa)1:2.5854445587858947)1:0.33419360139168997)1:0.2365570782486466)0.92:0.12752473841202788)0.97:0.13120041759667547)1:1.5807556049852258)1:1.294521022123005)0.83:0.08284924124726055)0.84:0.0814018260684426)1:2.525334089164058));
Weight calculation took 0.783072359 secs
ASTRAL finished in 2.094 secs
