
================== ASTRAL ===================== 

This is ASTRAL version 5.7.3
Gene trees are treated as unrooted
56 trees read from /Users/mezzalinavankan/Documents/Astral/SnakesHigh/25snakes.trs
All output trees will be *arbitrarily* rooted at I9901_FTB554_Squamata_Colubridae_Diadophis_punctatus_seq1

======== Running the main analysis
Number of taxa: 20 (20 species)
Taxa: [I9901_FTB554_Squamata_Colubridae_Diadophis_punctatus_seq1, I9901_FTB554_Squamata_Colubridae_Diadophis_punctatus_seq2, I9902_FTB2739_Squamata_Colubridae_Storeria_dekayi_seq1, I9910_CAS204795_Squamata_Colubridae_Storeria_victa_seq1, I9909_CAS204799_Squamata_Colubridae_Storeria_victa_seq1, I9915_FTB594_Squamata_Colubridae_Regina_rigida_seq1, I9915_FTB594_Squamata_Colubridae_Regina_rigida_seq2, I9909_CAS204799_Squamata_Colubridae_Storeria_victa_seq2, I9943_CAS184347_Squamata_Colubridae_Storeria_dekayi_seq2, I9943_CAS184347_Squamata_Colubridae_Storeria_dekayi_seq1, I9902_FTB2739_Squamata_Colubridae_Storeria_dekayi_seq2, I9910_CAS204795_Squamata_Colubridae_Storeria_victa_seq2, I9911_CAS238520_Squamata_Colubridae_Storeria_storerioides_seq1, I9911_CAS238520_Squamata_Colubridae_Storeria_storerioides_seq2, I9903_FTB718_Squamata_Colubridae_Storeria_occipitomaculata_seq1, I9903_FTB718_Squamata_Colubridae_Storeria_occipitomaculata_seq2, I9906_FTB932_Squamata_Colubridae_Storeria_occipitomaculata_seq1, I9906_FTB932_Squamata_Colubridae_Storeria_occipitomaculata_seq2, I9904_FTB2002_Squamata_Colubridae_Storeria_occipitomaculata_seq1, I9904_FTB2002_Squamata_Colubridae_Storeria_occipitomaculata_seq2]
Taxon occupancy: {I9911_CAS238520_Squamata_Colubridae_Storeria_storerioides_seq2=56, I9911_CAS238520_Squamata_Colubridae_Storeria_storerioides_seq1=56, I9903_FTB718_Squamata_Colubridae_Storeria_occipitomaculata_seq1=56, I9903_FTB718_Squamata_Colubridae_Storeria_occipitomaculata_seq2=56, I9901_FTB554_Squamata_Colubridae_Diadophis_punctatus_seq1=56, I9910_CAS204795_Squamata_Colubridae_Storeria_victa_seq1=56, I9902_FTB2739_Squamata_Colubridae_Storeria_dekayi_seq2=56, I9901_FTB554_Squamata_Colubridae_Diadophis_punctatus_seq2=56, I9909_CAS204799_Squamata_Colubridae_Storeria_victa_seq1=56, I9915_FTB594_Squamata_Colubridae_Regina_rigida_seq1=56, I9915_FTB594_Squamata_Colubridae_Regina_rigida_seq2=56, I9909_CAS204799_Squamata_Colubridae_Storeria_victa_seq2=56, I9902_FTB2739_Squamata_Colubridae_Storeria_dekayi_seq1=56, I9910_CAS204795_Squamata_Colubridae_Storeria_victa_seq2=56, I9906_FTB932_Squamata_Colubridae_Storeria_occipitomaculata_seq1=56, I9904_FTB2002_Squamata_Colubridae_Storeria_occipitomaculata_seq1=56, I9906_FTB932_Squamata_Colubridae_Storeria_occipitomaculata_seq2=56, I9943_CAS184347_Squamata_Colubridae_Storeria_dekayi_seq2=56, I9904_FTB2002_Squamata_Colubridae_Storeria_occipitomaculata_seq2=56, I9943_CAS184347_Squamata_Colubridae_Storeria_dekayi_seq1=56}
Number of gene trees: 56
0 trees have missing taxa
Calculating quartet distance matrix (for completion of X)
Species tree distances calculated ...
Building set of clusters (X) from gene trees 
------------------------------
gradient0: 665
Number of Clusters after addition by distance: 665
calculating extra bipartitions to be added at level 1 ...
Adding to X using resolutions of greedy consensus ...
Limit for sigma of degrees:550
polytomy size limit : 7
discarded polytomies:  [3, 3, 3, 3, 4, 7]
Threshold 0.0:
Threshold 0.01:
Threshold 0.02:
Threshold 0.05:
Threshold 0.1:
polytomy of size 3; rounds with additions with at least 5 support: 0; clusters: 665
Threshold 0.2:
polytomy of size 3; rounds with additions with at least 5 support: 0; clusters: 665
polytomy of size 3; rounds with additions with at least 5 support: 0; clusters: 665
Threshold 0.3333333333333333:
polytomy of size 7; rounds with additions with at least 5 support: 0; clusters: 665
polytomy of size 4; rounds with additions with at least 5 support: 0; clusters: 665
polytomy of size 3; rounds with additions with at least 5 support: 0; clusters: 665
max k is :0
Number of Clusters after addition by greedy: 665
gradient0 in heuristiic: 665
partitions formed in 0.184 secs
Dynamic Programming starting after 0.184 secs
Using tree-based weight calculation.
Using polytree-based weight calculation.
Polytree max score: 271320
Polytree building time: 0.031 seconds.
Number of quartet trees in the gene trees: 271320
Size of largest cluster: 20
Greedy score: 190883
estimationFactor: 1.4213942572151528
Sub-optimal score: 196087
Total Number of elements weighted: 1725
Normalized score (portion of input quartet trees satisfied before correcting for multiple individuals): 0.740594132389798
Optimization score: 200938
Optimal tree inferred in 0.363 secs.
(I9909_CAS204799_Squamata_Colubridae_Storeria_victa_seq1,(I9909_CAS204799_Squamata_Colubridae_Storeria_victa_seq2,(((I9943_CAS184347_Squamata_Colubridae_Storeria_dekayi_seq2,I9943_CAS184347_Squamata_Colubridae_Storeria_dekayi_seq1),(I9910_CAS204795_Squamata_Colubridae_Storeria_victa_seq1,I9910_CAS204795_Squamata_Colubridae_Storeria_victa_seq2)),((I9902_FTB2739_Squamata_Colubridae_Storeria_dekayi_seq1,I9902_FTB2739_Squamata_Colubridae_Storeria_dekayi_seq2),(((I9901_FTB554_Squamata_Colubridae_Diadophis_punctatus_seq1,I9901_FTB554_Squamata_Colubridae_Diadophis_punctatus_seq2),(I9915_FTB594_Squamata_Colubridae_Regina_rigida_seq1,I9915_FTB594_Squamata_Colubridae_Regina_rigida_seq2)),((I9911_CAS238520_Squamata_Colubridae_Storeria_storerioides_seq1,I9911_CAS238520_Squamata_Colubridae_Storeria_storerioides_seq2),((I9906_FTB932_Squamata_Colubridae_Storeria_occipitomaculata_seq1,I9906_FTB932_Squamata_Colubridae_Storeria_occipitomaculata_seq2),((I9903_FTB718_Squamata_Colubridae_Storeria_occipitomaculata_seq1,I9903_FTB718_Squamata_Colubridae_Storeria_occipitomaculata_seq2),(I9904_FTB2002_Squamata_Colubridae_Storeria_occipitomaculata_seq1,I9904_FTB2002_Squamata_Colubridae_Storeria_occipitomaculata_seq2)))))))));
Final quartet score is: 200938
Final normalized quartet score is: 0.740594132389798
(I9901_FTB554_Squamata_Colubridae_Diadophis_punctatus_seq1,(I9901_FTB554_Squamata_Colubridae_Diadophis_punctatus_seq2,((I9915_FTB594_Squamata_Colubridae_Regina_rigida_seq1,I9915_FTB594_Squamata_Colubridae_Regina_rigida_seq2)1:1.9793580831228539,(((I9911_CAS238520_Squamata_Colubridae_Storeria_storerioides_seq1,I9911_CAS238520_Squamata_Colubridae_Storeria_storerioides_seq2)1:1.7036522017177882,((I9906_FTB932_Squamata_Colubridae_Storeria_occipitomaculata_seq1,I9906_FTB932_Squamata_Colubridae_Storeria_occipitomaculata_seq2)0.96:0.22396625806567316,((I9903_FTB718_Squamata_Colubridae_Storeria_occipitomaculata_seq1,I9903_FTB718_Squamata_Colubridae_Storeria_occipitomaculata_seq2)0.97:0.24791326391618448,(I9904_FTB2002_Squamata_Colubridae_Storeria_occipitomaculata_seq1,I9904_FTB2002_Squamata_Colubridae_Storeria_occipitomaculata_seq2)1:0.7753852787969175)0.44:0.026185738025755453)1:0.9645156775202028)0.85:0.1615680143718458,((I9902_FTB2739_Squamata_Colubridae_Storeria_dekayi_seq1,I9902_FTB2739_Squamata_Colubridae_Storeria_dekayi_seq2)0.99:0.315351821871032,(((I9943_CAS184347_Squamata_Colubridae_Storeria_dekayi_seq2,I9943_CAS184347_Squamata_Colubridae_Storeria_dekayi_seq1)0.9:0.17674502930338742,(I9910_CAS204795_Squamata_Colubridae_Storeria_victa_seq1,I9910_CAS204795_Squamata_Colubridae_Storeria_victa_seq2)0.93:0.20057932536751963)0.57:0.06880827520688142,(I9909_CAS204799_Squamata_Colubridae_Storeria_victa_seq2,I9909_CAS204799_Squamata_Colubridae_Storeria_victa_seq1)0.9:0.17913116279569996)1:0.43678944825809085)1:1.3939994074942963)0.98:0.26170658604852043)1:3.6375861597263826));
Weight calculation took 0.099595937 secs
ASTRAL finished in 0.474 secs
