
================== ASTRAL ===================== 

This is ASTRAL version 5.7.3
Gene trees are treated as unrooted
56 trees read from /Users/mezzalinavankan/Documents/Astral/SnakesHigh/R25snakes.trs
All output trees will be *arbitrarily* rooted at I9901_FTB554_Squamata_Colubridae_Diadophis_punctatus_seq1

======== Running the main analysis
Number of taxa: 20 (20 species)
Taxa: [I9901_FTB554_Squamata_Colubridae_Diadophis_punctatus_seq1, I9901_FTB554_Squamata_Colubridae_Diadophis_punctatus_seq2, I9902_FTB2739_Squamata_Colubridae_Storeria_dekayi_seq1, I9902_FTB2739_Squamata_Colubridae_Storeria_dekayi_seq2, I9909_CAS204799_Squamata_Colubridae_Storeria_victa_seq1, I9909_CAS204799_Squamata_Colubridae_Storeria_victa_seq2, I9910_CAS204795_Squamata_Colubridae_Storeria_victa_seq1, I9910_CAS204795_Squamata_Colubridae_Storeria_victa_seq2, I9943_CAS184347_Squamata_Colubridae_Storeria_dekayi_seq2, I9943_CAS184347_Squamata_Colubridae_Storeria_dekayi_seq1, I9904_FTB2002_Squamata_Colubridae_Storeria_occipitomaculata_seq1, I9904_FTB2002_Squamata_Colubridae_Storeria_occipitomaculata_seq2, I9906_FTB932_Squamata_Colubridae_Storeria_occipitomaculata_seq1, I9903_FTB718_Squamata_Colubridae_Storeria_occipitomaculata_seq1, I9911_CAS238520_Squamata_Colubridae_Storeria_storerioides_seq1, I9911_CAS238520_Squamata_Colubridae_Storeria_storerioides_seq2, I9915_FTB594_Squamata_Colubridae_Regina_rigida_seq1, I9915_FTB594_Squamata_Colubridae_Regina_rigida_seq2, I9906_FTB932_Squamata_Colubridae_Storeria_occipitomaculata_seq2, I9903_FTB718_Squamata_Colubridae_Storeria_occipitomaculata_seq2]
Taxon occupancy: {I9911_CAS238520_Squamata_Colubridae_Storeria_storerioides_seq2=56, I9911_CAS238520_Squamata_Colubridae_Storeria_storerioides_seq1=56, I9903_FTB718_Squamata_Colubridae_Storeria_occipitomaculata_seq1=56, I9903_FTB718_Squamata_Colubridae_Storeria_occipitomaculata_seq2=56, I9901_FTB554_Squamata_Colubridae_Diadophis_punctatus_seq1=56, I9902_FTB2739_Squamata_Colubridae_Storeria_dekayi_seq2=56, I9910_CAS204795_Squamata_Colubridae_Storeria_victa_seq1=56, I9901_FTB554_Squamata_Colubridae_Diadophis_punctatus_seq2=56, I9909_CAS204799_Squamata_Colubridae_Storeria_victa_seq1=56, I9915_FTB594_Squamata_Colubridae_Regina_rigida_seq1=56, I9915_FTB594_Squamata_Colubridae_Regina_rigida_seq2=56, I9909_CAS204799_Squamata_Colubridae_Storeria_victa_seq2=56, I9902_FTB2739_Squamata_Colubridae_Storeria_dekayi_seq1=56, I9910_CAS204795_Squamata_Colubridae_Storeria_victa_seq2=56, I9906_FTB932_Squamata_Colubridae_Storeria_occipitomaculata_seq1=56, I9904_FTB2002_Squamata_Colubridae_Storeria_occipitomaculata_seq1=56, I9906_FTB932_Squamata_Colubridae_Storeria_occipitomaculata_seq2=56, I9943_CAS184347_Squamata_Colubridae_Storeria_dekayi_seq2=56, I9904_FTB2002_Squamata_Colubridae_Storeria_occipitomaculata_seq2=56, I9943_CAS184347_Squamata_Colubridae_Storeria_dekayi_seq1=56}
Number of gene trees: 56
0 trees have missing taxa
Calculating quartet distance matrix (for completion of X)
Species tree distances calculated ...
Building set of clusters (X) from gene trees 
------------------------------
gradient0: 651
Number of Clusters after addition by distance: 651
calculating extra bipartitions to be added at level 1 ...
Adding to X using resolutions of greedy consensus ...
Limit for sigma of degrees:550
polytomy size limit : 7
discarded polytomies:  [3, 3, 3, 3, 3, 7]
Threshold 0.0:
Threshold 0.01:
Threshold 0.02:
Threshold 0.05:
Threshold 0.1:
polytomy of size 3; rounds with additions with at least 5 support: 0; clusters: 651
Threshold 0.2:
polytomy of size 3; rounds with additions with at least 5 support: 0; clusters: 651
polytomy of size 3; rounds with additions with at least 5 support: 0; clusters: 651
Threshold 0.3333333333333333:
polytomy of size 7; rounds with additions with at least 5 support: 0; clusters: 651
polytomy of size 3; rounds with additions with at least 5 support: 0; clusters: 651
polytomy of size 3; rounds with additions with at least 5 support: 0; clusters: 651
max k is :0
Number of Clusters after addition by greedy: 651
gradient0 in heuristiic: 651
partitions formed in 0.178 secs
Dynamic Programming starting after 0.178 secs
Using tree-based weight calculation.
Using polytree-based weight calculation.
Polytree max score: 271320
Polytree building time: 0.031 seconds.
Number of quartet trees in the gene trees: 271320
Size of largest cluster: 20
Greedy score: 185489
estimationFactor: 1.4627282480362718
Sub-optimal score: 192048
Total Number of elements weighted: 1529
Normalized score (portion of input quartet trees satisfied before correcting for multiple individuals): 0.7413976116762494
Optimization score: 201156
Optimal tree inferred in 0.344 secs.
(I9909_CAS204799_Squamata_Colubridae_Storeria_victa_seq1,(I9909_CAS204799_Squamata_Colubridae_Storeria_victa_seq2,((I9910_CAS204795_Squamata_Colubridae_Storeria_victa_seq1,I9910_CAS204795_Squamata_Colubridae_Storeria_victa_seq2),((I9943_CAS184347_Squamata_Colubridae_Storeria_dekayi_seq2,I9943_CAS184347_Squamata_Colubridae_Storeria_dekayi_seq1),((I9902_FTB2739_Squamata_Colubridae_Storeria_dekayi_seq1,I9902_FTB2739_Squamata_Colubridae_Storeria_dekayi_seq2),(((I9911_CAS238520_Squamata_Colubridae_Storeria_storerioides_seq1,I9911_CAS238520_Squamata_Colubridae_Storeria_storerioides_seq2),((I9901_FTB554_Squamata_Colubridae_Diadophis_punctatus_seq1,I9901_FTB554_Squamata_Colubridae_Diadophis_punctatus_seq2),(I9915_FTB594_Squamata_Colubridae_Regina_rigida_seq1,I9915_FTB594_Squamata_Colubridae_Regina_rigida_seq2))),((I9903_FTB718_Squamata_Colubridae_Storeria_occipitomaculata_seq1,I9903_FTB718_Squamata_Colubridae_Storeria_occipitomaculata_seq2),((I9904_FTB2002_Squamata_Colubridae_Storeria_occipitomaculata_seq1,I9904_FTB2002_Squamata_Colubridae_Storeria_occipitomaculata_seq2),(I9906_FTB932_Squamata_Colubridae_Storeria_occipitomaculata_seq1,I9906_FTB932_Squamata_Colubridae_Storeria_occipitomaculata_seq2)))))))));
Final quartet score is: 201156
Final normalized quartet score is: 0.7413976116762494
(I9901_FTB554_Squamata_Colubridae_Diadophis_punctatus_seq1,(I9901_FTB554_Squamata_Colubridae_Diadophis_punctatus_seq2,((I9915_FTB594_Squamata_Colubridae_Regina_rigida_seq1,I9915_FTB594_Squamata_Colubridae_Regina_rigida_seq2)1:2.3158303197440664,((I9911_CAS238520_Squamata_Colubridae_Storeria_storerioides_seq1,I9911_CAS238520_Squamata_Colubridae_Storeria_storerioides_seq2)1:2.1099782655399166,(((I9903_FTB718_Squamata_Colubridae_Storeria_occipitomaculata_seq1,I9903_FTB718_Squamata_Colubridae_Storeria_occipitomaculata_seq2)1:0.4730156797157271,((I9904_FTB2002_Squamata_Colubridae_Storeria_occipitomaculata_seq1,I9904_FTB2002_Squamata_Colubridae_Storeria_occipitomaculata_seq2)1:0.4149673485793508,(I9906_FTB932_Squamata_Colubridae_Storeria_occipitomaculata_seq1,I9906_FTB932_Squamata_Colubridae_Storeria_occipitomaculata_seq2)1:0.514395584992593)0.62:0.07740286805057435)1:0.9645156775202021,((I9902_FTB2739_Squamata_Colubridae_Storeria_dekayi_seq1,I9902_FTB2739_Squamata_Colubridae_Storeria_dekayi_seq2)1:0.5377441524162209,((I9943_CAS184347_Squamata_Colubridae_Storeria_dekayi_seq2,I9943_CAS184347_Squamata_Colubridae_Storeria_dekayi_seq1)0.96:0.22396625806567316,((I9910_CAS204795_Squamata_Colubridae_Storeria_victa_seq1,I9910_CAS204795_Squamata_Colubridae_Storeria_victa_seq2)0.97:0.23638877806423023,(I9909_CAS204799_Squamata_Colubridae_Storeria_victa_seq2,I9909_CAS204799_Squamata_Colubridae_Storeria_victa_seq1)0.94:0.20966570792347683)0.46:0.032233899682662895)1:0.4304455910766062)1:1.3354641368957438)0.68:0.11613964991265345)0.97:0.24116205681688824)1:3.6375861597263826));
Weight calculation took 0.084816235 secs
ASTRAL finished in 0.454 secs
