
================== ASTRAL ===================== 

This is ASTRAL version 5.7.3
Gene trees are treated as unrooted
112 trees read from /Users/mezzalinavankan/Documents/Astral/SnakesHigh/R50snakes.trs
All output trees will be *arbitrarily* rooted at I9901_FTB554_Squamata_Colubridae_Diadophis_punctatus_seq1

======== Running the main analysis
Number of taxa: 20 (20 species)
Taxa: [I9901_FTB554_Squamata_Colubridae_Diadophis_punctatus_seq1, I9901_FTB554_Squamata_Colubridae_Diadophis_punctatus_seq2, I9902_FTB2739_Squamata_Colubridae_Storeria_dekayi_seq1, I9911_CAS238520_Squamata_Colubridae_Storeria_storerioides_seq2, I9943_CAS184347_Squamata_Colubridae_Storeria_dekayi_seq1, I9909_CAS204799_Squamata_Colubridae_Storeria_victa_seq2, I9902_FTB2739_Squamata_Colubridae_Storeria_dekayi_seq2, I9911_CAS238520_Squamata_Colubridae_Storeria_storerioides_seq1, I9909_CAS204799_Squamata_Colubridae_Storeria_victa_seq1, I9943_CAS184347_Squamata_Colubridae_Storeria_dekayi_seq2, I9910_CAS204795_Squamata_Colubridae_Storeria_victa_seq1, I9910_CAS204795_Squamata_Colubridae_Storeria_victa_seq2, I9903_FTB718_Squamata_Colubridae_Storeria_occipitomaculata_seq1, I9903_FTB718_Squamata_Colubridae_Storeria_occipitomaculata_seq2, I9906_FTB932_Squamata_Colubridae_Storeria_occipitomaculata_seq2, I9904_FTB2002_Squamata_Colubridae_Storeria_occipitomaculata_seq1, I9906_FTB932_Squamata_Colubridae_Storeria_occipitomaculata_seq1, I9904_FTB2002_Squamata_Colubridae_Storeria_occipitomaculata_seq2, I9915_FTB594_Squamata_Colubridae_Regina_rigida_seq1, I9915_FTB594_Squamata_Colubridae_Regina_rigida_seq2]
Taxon occupancy: {I9911_CAS238520_Squamata_Colubridae_Storeria_storerioides_seq2=112, I9911_CAS238520_Squamata_Colubridae_Storeria_storerioides_seq1=112, I9903_FTB718_Squamata_Colubridae_Storeria_occipitomaculata_seq1=112, I9903_FTB718_Squamata_Colubridae_Storeria_occipitomaculata_seq2=112, I9901_FTB554_Squamata_Colubridae_Diadophis_punctatus_seq1=112, I9902_FTB2739_Squamata_Colubridae_Storeria_dekayi_seq2=112, I9910_CAS204795_Squamata_Colubridae_Storeria_victa_seq1=112, I9901_FTB554_Squamata_Colubridae_Diadophis_punctatus_seq2=112, I9909_CAS204799_Squamata_Colubridae_Storeria_victa_seq1=112, I9915_FTB594_Squamata_Colubridae_Regina_rigida_seq1=112, I9915_FTB594_Squamata_Colubridae_Regina_rigida_seq2=112, I9909_CAS204799_Squamata_Colubridae_Storeria_victa_seq2=112, I9902_FTB2739_Squamata_Colubridae_Storeria_dekayi_seq1=112, I9910_CAS204795_Squamata_Colubridae_Storeria_victa_seq2=112, I9906_FTB932_Squamata_Colubridae_Storeria_occipitomaculata_seq1=112, I9904_FTB2002_Squamata_Colubridae_Storeria_occipitomaculata_seq1=112, I9906_FTB932_Squamata_Colubridae_Storeria_occipitomaculata_seq2=112, I9943_CAS184347_Squamata_Colubridae_Storeria_dekayi_seq2=112, I9904_FTB2002_Squamata_Colubridae_Storeria_occipitomaculata_seq2=112, I9943_CAS184347_Squamata_Colubridae_Storeria_dekayi_seq1=112}
Number of gene trees: 112
0 trees have missing taxa
Calculating quartet distance matrix (for completion of X)
Species tree distances calculated ...
Building set of clusters (X) from gene trees 
------------------------------
gradient0: 915
Number of Clusters after addition by distance: 915
calculating extra bipartitions to be added at level 1 ...
Adding to X using resolutions of greedy consensus ...
Limit for sigma of degrees:550
polytomy size limit : 7
discarded polytomies:  [3, 3, 3, 3, 3, 7]
Threshold 0.0:
Threshold 0.01:
Threshold 0.02:
Threshold 0.05:
Threshold 0.1:
polytomy of size 3; rounds with additions with at least 5 support: 0; clusters: 915
Threshold 0.2:
polytomy of size 3; rounds with additions with at least 5 support: 0; clusters: 915
polytomy of size 3; rounds with additions with at least 5 support: 0; clusters: 915
Threshold 0.3333333333333333:
polytomy of size 7; rounds with additions with at least 5 support: 0; clusters: 915
polytomy of size 3; rounds with additions with at least 5 support: 0; clusters: 915
polytomy of size 3; rounds with additions with at least 5 support: 0; clusters: 915
max k is :0
Number of Clusters after addition by greedy: 915
gradient0 in heuristiic: 915
partitions formed in 0.25 secs
Dynamic Programming starting after 0.25 secs
Using tree-based weight calculation.
Using polytree-based weight calculation.
Polytree max score: 542640
Polytree building time: 0.057 seconds.
Number of quartet trees in the gene trees: 542640
Size of largest cluster: 20
Greedy score: 389288
estimationFactor: 1.3939294301391258
Sub-optimal score: 401955
Total Number of elements weighted: 3027
Normalized score (portion of input quartet trees satisfied before correcting for multiple individuals): 0.7562066932035972
Optimization score: 410348
Optimal tree inferred in 0.57 secs.
(I9943_CAS184347_Squamata_Colubridae_Storeria_dekayi_seq1,(I9943_CAS184347_Squamata_Colubridae_Storeria_dekayi_seq2,((I9910_CAS204795_Squamata_Colubridae_Storeria_victa_seq1,I9910_CAS204795_Squamata_Colubridae_Storeria_victa_seq2),((I9909_CAS204799_Squamata_Colubridae_Storeria_victa_seq2,I9909_CAS204799_Squamata_Colubridae_Storeria_victa_seq1),((I9902_FTB2739_Squamata_Colubridae_Storeria_dekayi_seq1,I9902_FTB2739_Squamata_Colubridae_Storeria_dekayi_seq2),(((I9901_FTB554_Squamata_Colubridae_Diadophis_punctatus_seq1,I9901_FTB554_Squamata_Colubridae_Diadophis_punctatus_seq2),(I9915_FTB594_Squamata_Colubridae_Regina_rigida_seq1,I9915_FTB594_Squamata_Colubridae_Regina_rigida_seq2)),((I9911_CAS238520_Squamata_Colubridae_Storeria_storerioides_seq2,I9911_CAS238520_Squamata_Colubridae_Storeria_storerioides_seq1),((I9904_FTB2002_Squamata_Colubridae_Storeria_occipitomaculata_seq1,I9904_FTB2002_Squamata_Colubridae_Storeria_occipitomaculata_seq2),((I9903_FTB718_Squamata_Colubridae_Storeria_occipitomaculata_seq1,I9903_FTB718_Squamata_Colubridae_Storeria_occipitomaculata_seq2),(I9906_FTB932_Squamata_Colubridae_Storeria_occipitomaculata_seq2,I9906_FTB932_Squamata_Colubridae_Storeria_occipitomaculata_seq1))))))))));
Final quartet score is: 410348
Final normalized quartet score is: 0.7562066932035972
(I9901_FTB554_Squamata_Colubridae_Diadophis_punctatus_seq1,(I9901_FTB554_Squamata_Colubridae_Diadophis_punctatus_seq2,((I9915_FTB594_Squamata_Colubridae_Regina_rigida_seq1,I9915_FTB594_Squamata_Colubridae_Regina_rigida_seq2)1:2.875003727667851,(((I9911_CAS238520_Squamata_Colubridae_Storeria_storerioides_seq2,I9911_CAS238520_Squamata_Colubridae_Storeria_storerioides_seq1)1:1.979849846103012,((I9904_FTB2002_Squamata_Colubridae_Storeria_occipitomaculata_seq1,I9904_FTB2002_Squamata_Colubridae_Storeria_occipitomaculata_seq2)1:0.5491617725095377,((I9903_FTB718_Squamata_Colubridae_Storeria_occipitomaculata_seq1,I9903_FTB718_Squamata_Colubridae_Storeria_occipitomaculata_seq2)1:0.44164840349061046,(I9906_FTB932_Squamata_Colubridae_Storeria_occipitomaculata_seq2,I9906_FTB932_Squamata_Colubridae_Storeria_occipitomaculata_seq1)1:0.43971479025521576)0.44:0.026217755750770816)1:1.157415078219469)0.85:0.11754108484034749,((I9902_FTB2739_Squamata_Colubridae_Storeria_dekayi_seq1,I9902_FTB2739_Squamata_Colubridae_Storeria_dekayi_seq2)1:0.4286861822610867,((I9909_CAS204799_Squamata_Colubridae_Storeria_victa_seq2,I9909_CAS204799_Squamata_Colubridae_Storeria_victa_seq1)1:0.24226886379207924,((I9910_CAS204795_Squamata_Colubridae_Storeria_victa_seq1,I9910_CAS204795_Squamata_Colubridae_Storeria_victa_seq2)0.88:0.11629769021325906,(I9943_CAS184347_Squamata_Colubridae_Storeria_dekayi_seq2,I9943_CAS184347_Squamata_Colubridae_Storeria_dekayi_seq1)0.99:0.1942844202826119)0.68:0.07547037018461737)1:0.326018221195328)1:1.570387397562227)1:0.39655168765653)1:4.321922710604174));
Weight calculation took 0.201134691 secs
ASTRAL finished in 0.727 secs
