
================== ASTRAL ===================== 

This is ASTRAL version 5.7.3
Gene trees are treated as unrooted
246 trees read from /Users/mezzalinavankan/Documents/Astral/MarsupialsLow/25marsupials.trs
All output trees will be *arbitrarily* rooted at Peramelidae_Isoodon_obesulus

======== Running the main analysis
Number of taxa: 40 (40 species)
Taxa: [Peramelidae_Isoodon_obesulus, Burramyidae_Burramys_parvus, Potoroidae_Bettongia_penicillata, Potoroidae_Bettongia_lesueur, Potoroidae_Aepyprymnus_rufescens, Macropodidae_Dorcopsulus_vanheurni, Macropodidae_Onychogalea_fraenata, Macropodidae_Wallabia_bicolor, Hypsiprymnodontidae_Hypsiprymnodon_moschatus, Burramyidae_Cercartetus_nanus_northern, Phalangeridae_Trichosurus_vulpecula, Phalangeridae_Spilocuscus_maculatus, Phalangeridae_Strigocuscus_pelengensis, Phalangeridae_Phalanger_orientalis, Phalangeridae_Phalanger_carmelitae, Pseudochiridae_Pseudocheirus_peregrinus_north, Pseudochiridae_Pseudochirulus_forbesi, Pseudochiridae_Petauroides_volans, Tarsipedidae_Tarsipes_rostratus, Acrobatidae_Acrobates_pygmaeus, Acrobatidae_Distoechurus_pennatus, Vombatidae_Lasiorhinus_latifrons, Vombatidae_Vombatus_ursinus, Phascolarctidae_Phascolarctos_cinereus, Dasyuridae_Dasyurus_maculatus, Dasyuridae_Sarcophilus_harrisii, Dasyuridae_Phascogale_tapoatafa, Dasyuridae_Phascogale_calura, Dasyuridae_Antechinus_stuartii, Dasyuridae_Sminthopsis_macroura, Dasyuridae_Planigale_tenuirostris, Myrmecobiidae_Myrmecobius_fasciatus, Marmosidae_Monodelphis_domestica, Microbiotheriidae_Dromiciops_gliroides, Notoryctidae_Notoryctes_typhlops, Thylacomyidae_Macrotis_lagotis, Peramelidae_Echymipera_kalubu, Peramelidae_Peroryctes_raffrayana, Peramelidae_Perameles_nasuta, Peramelidae_Perameles_gunnii]
Taxon occupancy: {Potoroidae_Bettongia_penicillata=246, Potoroidae_Aepyprymnus_rufescens=246, Dasyuridae_Planigale_tenuirostris=246, Phalangeridae_Trichosurus_vulpecula=246, Peramelidae_Echymipera_kalubu=246, Dasyuridae_Phascogale_tapoatafa=246, Phalangeridae_Spilocuscus_maculatus=246, Tarsipedidae_Tarsipes_rostratus=246, Pseudochiridae_Petauroides_volans=246, Vombatidae_Vombatus_ursinus=246, Phalangeridae_Phalanger_carmelitae=246, Phascolarctidae_Phascolarctos_cinereus=246, Peramelidae_Peroryctes_raffrayana=246, Peramelidae_Perameles_gunnii=246, Marmosidae_Monodelphis_domestica=246, Thylacomyidae_Macrotis_lagotis=246, Dasyuridae_Sminthopsis_macroura=246, Acrobatidae_Distoechurus_pennatus=246, Macropodidae_Dorcopsulus_vanheurni=246, Hypsiprymnodontidae_Hypsiprymnodon_moschatus=246, Dasyuridae_Sarcophilus_harrisii=246, Dasyuridae_Dasyurus_maculatus=246, Dasyuridae_Phascogale_calura=246, Burramyidae_Burramys_parvus=246, Macropodidae_Onychogalea_fraenata=246, Pseudochiridae_Pseudocheirus_peregrinus_north=246, Phalangeridae_Phalanger_orientalis=246, Potoroidae_Bettongia_lesueur=246, Microbiotheriidae_Dromiciops_gliroides=246, Phalangeridae_Strigocuscus_pelengensis=246, Dasyuridae_Antechinus_stuartii=246, Pseudochiridae_Pseudochirulus_forbesi=246, Macropodidae_Wallabia_bicolor=246, Peramelidae_Perameles_nasuta=246, Acrobatidae_Acrobates_pygmaeus=246, Vombatidae_Lasiorhinus_latifrons=246, Myrmecobiidae_Myrmecobius_fasciatus=246, Notoryctidae_Notoryctes_typhlops=246, Peramelidae_Isoodon_obesulus=246, Burramyidae_Cercartetus_nanus_northern=246}
Number of gene trees: 246
0 trees have missing taxa
Calculating quartet distance matrix (for completion of X)
Species tree distances calculated ...
Building set of clusters (X) from gene trees 
------------------------------
gradient0: 1551
Number of Clusters after addition by distance: 1551
calculating extra bipartitions to be added at level 1 ...
Adding to X using resolutions of greedy consensus ...
Limit for sigma of degrees:1050
polytomy size limit : 5
discarded polytomies:  [3, 3, 5]
Threshold 0.0:
Threshold 0.01:
Threshold 0.02:
Threshold 0.05:
Threshold 0.1:
Threshold 0.2:
polytomy of size 3; rounds with additions with at least 5 support: 0; clusters: 1551
Threshold 0.3333333333333333:
polytomy of size 3; rounds with additions with at least 5 support: 0; clusters: 1551
polytomy of size 5; rounds with additions with at least 5 support: 0; clusters: 1551
max k is :0
Number of Clusters after addition by greedy: 1551
gradient0 in heuristiic: 1551
partitions formed in 0.663 secs
Dynamic Programming starting after 0.664 secs
Using tree-based weight calculation.
Using polytree-based weight calculation.
Polytree max score: 22481940
Polytree building time: 0.1 seconds.
Number of quartet trees in the gene trees: 22481940
Size of largest cluster: 40
Greedy score: 17853712
estimationFactor: 1.259230573451616
Sub-optimal score: 18904483
Total Number of elements weighted: 2883
Normalized score (portion of input quartet trees satisfied before correcting for multiple individuals): 0.8580086060188756
Optimization score: 19289698
Optimal tree inferred in 1.093 secs.
(Peramelidae_Echymipera_kalubu,(Peramelidae_Peroryctes_raffrayana,((Peramelidae_Isoodon_obesulus,(Peramelidae_Perameles_nasuta,Peramelidae_Perameles_gunnii)),(Thylacomyidae_Macrotis_lagotis,(Notoryctidae_Notoryctes_typhlops,((Marmosidae_Monodelphis_domestica,(Myrmecobiidae_Myrmecobius_fasciatus,((Dasyuridae_Sminthopsis_macroura,Dasyuridae_Planigale_tenuirostris),((Dasyuridae_Dasyurus_maculatus,Dasyuridae_Sarcophilus_harrisii),(Dasyuridae_Antechinus_stuartii,(Dasyuridae_Phascogale_tapoatafa,Dasyuridae_Phascogale_calura)))))),(Microbiotheriidae_Dromiciops_gliroides,((Phascolarctidae_Phascolarctos_cinereus,(Vombatidae_Lasiorhinus_latifrons,Vombatidae_Vombatus_ursinus)),(((Acrobatidae_Acrobates_pygmaeus,Acrobatidae_Distoechurus_pennatus),(Tarsipedidae_Tarsipes_rostratus,(Pseudochiridae_Petauroides_volans,(Pseudochiridae_Pseudocheirus_peregrinus_north,Pseudochiridae_Pseudochirulus_forbesi)))),(((Burramyidae_Burramys_parvus,Burramyidae_Cercartetus_nanus_northern),(Phalangeridae_Trichosurus_vulpecula,(Phalangeridae_Spilocuscus_maculatus,(Phalangeridae_Strigocuscus_pelengensis,(Phalangeridae_Phalanger_orientalis,Phalangeridae_Phalanger_carmelitae))))),(Hypsiprymnodontidae_Hypsiprymnodon_moschatus,((Macropodidae_Dorcopsulus_vanheurni,(Macropodidae_Onychogalea_fraenata,Macropodidae_Wallabia_bicolor)),(Potoroidae_Aepyprymnus_rufescens,(Potoroidae_Bettongia_penicillata,Potoroidae_Bettongia_lesueur))))))))))))));
Final quartet score is: 19289698
Final normalized quartet score is: 0.8580086060188756
(Peramelidae_Isoodon_obesulus,((Peramelidae_Perameles_nasuta,Peramelidae_Perameles_gunnii)1:2.1495761711286745,((Thylacomyidae_Macrotis_lagotis,(Notoryctidae_Notoryctes_typhlops,((Marmosidae_Monodelphis_domestica,(Myrmecobiidae_Myrmecobius_fasciatus,((Dasyuridae_Sminthopsis_macroura,Dasyuridae_Planigale_tenuirostris)1:1.1620472599419853,((Dasyuridae_Dasyurus_maculatus,Dasyuridae_Sarcophilus_harrisii)1:2.4966584867054147,(Dasyuridae_Antechinus_stuartii,(Dasyuridae_Phascogale_tapoatafa,Dasyuridae_Phascogale_calura)1:1.7726844354645679)1:1.4394462505184786)1:1.3690231947631446)1:1.6384803373938135)1:3.8029659032700533)0.66:0.04369971388032468,(Microbiotheriidae_Dromiciops_gliroides,((Phascolarctidae_Phascolarctos_cinereus,(Vombatidae_Lasiorhinus_latifrons,Vombatidae_Vombatus_ursinus)1:3.3121637592917574)1:2.3611874694297117,(((Acrobatidae_Acrobates_pygmaeus,Acrobatidae_Distoechurus_pennatus)1:2.3697467228253815,(Tarsipedidae_Tarsipes_rostratus,(Pseudochiridae_Petauroides_volans,(Pseudochiridae_Pseudocheirus_peregrinus_north,Pseudochiridae_Pseudochirulus_forbesi)1:2.240950444811762)1:1.9990874530291618)1:0.7859777032723225)1:1.2783533143933146,(((Burramyidae_Burramys_parvus,Burramyidae_Cercartetus_nanus_northern)1:1.244023207669455,(Phalangeridae_Trichosurus_vulpecula,(Phalangeridae_Spilocuscus_maculatus,(Phalangeridae_Strigocuscus_pelengensis,(Phalangeridae_Phalanger_orientalis,Phalangeridae_Phalanger_carmelitae)1:1.5759741412185129)1:0.220174784329411)1:1.913642860535524)1:2.7290174739461373)1:0.49115560267929087,(Hypsiprymnodontidae_Hypsiprymnodon_moschatus,((Macropodidae_Dorcopsulus_vanheurni,(Macropodidae_Onychogalea_fraenata,Macropodidae_Wallabia_bicolor)1:0.16112317506542753)1:2.038838670951107,(Potoroidae_Aepyprymnus_rufescens,(Potoroidae_Bettongia_penicillata,Potoroidae_Bettongia_lesueur)1:1.669064564284526)1:2.1325037377398868)1:2.5604406639730217)1:2.767839595451281)0.86:0.07369874860520294)1:1.0093219298829095)1:1.6268906965003953)0.86:0.07827807471508542)0.9:0.08677114902747346)1:3.668838703230495)1:2.395546283418616,(Peramelidae_Peroryctes_raffrayana,Peramelidae_Echymipera_kalubu)1:0.5008504787091713)1:1.835985167653539));
Weight calculation took 0.214823857 secs
ASTRAL finished in 1.547 secs
