
================== ASTRAL ===================== 

This is ASTRAL version 5.7.3
Gene trees are treated as unrooted
493 trees read from /Users/mezzalinavankan/Documents/Astral/MarsupialsLow/50marsupials.trs
All output trees will be *arbitrarily* rooted at Peramelidae_Isoodon_obesulus

======== Running the main analysis
Number of taxa: 40 (40 species)
Taxa: [Peramelidae_Isoodon_obesulus, Burramyidae_Burramys_parvus, Acrobatidae_Acrobates_pygmaeus, Vombatidae_Lasiorhinus_latifrons, Vombatidae_Vombatus_ursinus, Phascolarctidae_Phascolarctos_cinereus, Phalangeridae_Trichosurus_vulpecula, Phalangeridae_Spilocuscus_maculatus, Phalangeridae_Strigocuscus_pelengensis, Phalangeridae_Phalanger_orientalis, Phalangeridae_Phalanger_carmelitae, Pseudochiridae_Pseudocheirus_peregrinus_north, Pseudochiridae_Pseudochirulus_forbesi, Pseudochiridae_Petauroides_volans, Tarsipedidae_Tarsipes_rostratus, Burramyidae_Cercartetus_nanus_northern, Acrobatidae_Distoechurus_pennatus, Potoroidae_Bettongia_penicillata, Potoroidae_Bettongia_lesueur, Potoroidae_Aepyprymnus_rufescens, Macropodidae_Dorcopsulus_vanheurni, Macropodidae_Onychogalea_fraenata, Macropodidae_Wallabia_bicolor, Hypsiprymnodontidae_Hypsiprymnodon_moschatus, Marmosidae_Monodelphis_domestica, Dasyuridae_Dasyurus_maculatus, Dasyuridae_Sarcophilus_harrisii, Dasyuridae_Phascogale_tapoatafa, Dasyuridae_Phascogale_calura, Dasyuridae_Antechinus_stuartii, Dasyuridae_Sminthopsis_macroura, Dasyuridae_Planigale_tenuirostris, Myrmecobiidae_Myrmecobius_fasciatus, Notoryctidae_Notoryctes_typhlops, Microbiotheriidae_Dromiciops_gliroides, Thylacomyidae_Macrotis_lagotis, Peramelidae_Peroryctes_raffrayana, Peramelidae_Echymipera_kalubu, Peramelidae_Perameles_nasuta, Peramelidae_Perameles_gunnii]
Taxon occupancy: {Potoroidae_Bettongia_penicillata=493, Potoroidae_Aepyprymnus_rufescens=493, Dasyuridae_Planigale_tenuirostris=493, Phalangeridae_Trichosurus_vulpecula=493, Peramelidae_Echymipera_kalubu=493, Dasyuridae_Phascogale_tapoatafa=493, Phalangeridae_Spilocuscus_maculatus=493, Tarsipedidae_Tarsipes_rostratus=493, Vombatidae_Vombatus_ursinus=493, Pseudochiridae_Petauroides_volans=493, Phalangeridae_Phalanger_carmelitae=493, Phascolarctidae_Phascolarctos_cinereus=493, Peramelidae_Peroryctes_raffrayana=493, Peramelidae_Perameles_gunnii=493, Marmosidae_Monodelphis_domestica=493, Thylacomyidae_Macrotis_lagotis=493, Dasyuridae_Sminthopsis_macroura=493, Acrobatidae_Distoechurus_pennatus=493, Macropodidae_Dorcopsulus_vanheurni=493, Hypsiprymnodontidae_Hypsiprymnodon_moschatus=493, Dasyuridae_Sarcophilus_harrisii=493, Dasyuridae_Dasyurus_maculatus=493, Dasyuridae_Phascogale_calura=493, Burramyidae_Burramys_parvus=493, Macropodidae_Onychogalea_fraenata=493, Pseudochiridae_Pseudocheirus_peregrinus_north=493, Phalangeridae_Phalanger_orientalis=493, Potoroidae_Bettongia_lesueur=493, Microbiotheriidae_Dromiciops_gliroides=493, Phalangeridae_Strigocuscus_pelengensis=493, Dasyuridae_Antechinus_stuartii=493, Pseudochiridae_Pseudochirulus_forbesi=493, Macropodidae_Wallabia_bicolor=493, Peramelidae_Perameles_nasuta=493, Acrobatidae_Acrobates_pygmaeus=493, Vombatidae_Lasiorhinus_latifrons=493, Myrmecobiidae_Myrmecobius_fasciatus=493, Notoryctidae_Notoryctes_typhlops=493, Peramelidae_Isoodon_obesulus=493, Burramyidae_Cercartetus_nanus_northern=493}
Number of gene trees: 493
0 trees have missing taxa
Calculating quartet distance matrix (for completion of X)
Species tree distances calculated ...
Building set of clusters (X) from gene trees 
------------------------------
gradient0: 2865
Number of Clusters after addition by distance: 2865
calculating extra bipartitions to be added at level 1 ...
Adding to X using resolutions of greedy consensus ...
Limit for sigma of degrees:1050
polytomy size limit : 5
discarded polytomies:  [3, 3, 3, 3, 5]
Threshold 0.0:
Threshold 0.01:
Threshold 0.02:
Threshold 0.05:
Threshold 0.1:
polytomy of size 3; rounds with additions with at least 5 support: 0; clusters: 2865
Threshold 0.2:
polytomy of size 3; rounds with additions with at least 5 support: 0; clusters: 2865
polytomy of size 3; rounds with additions with at least 5 support: 0; clusters: 2865
Threshold 0.3333333333333333:
polytomy of size 3; rounds with additions with at least 5 support: 0; clusters: 2865
polytomy of size 5; rounds with additions with at least 5 support: 0; clusters: 2865
max k is :0
Number of Clusters after addition by greedy: 2865
gradient0 in heuristiic: 2865
partitions formed in 1.041 secs
Dynamic Programming starting after 1.041 secs
Using tree-based weight calculation.
Using polytree-based weight calculation.
Polytree max score: 45055270
Polytree building time: 0.162 seconds.
Number of quartet trees in the gene trees: 45055270
Size of largest cluster: 40
Greedy score: 35137729
estimationFactor: 1.2822476375749838
Sub-optimal score: 37263882
Total Number of elements weighted: 7795
Normalized score (portion of input quartet trees satisfied before correcting for multiple individuals): 0.8374771031224538
Optimization score: 37732757
Optimal tree inferred in 2.138 secs.
(Peramelidae_Peroryctes_raffrayana,(Peramelidae_Echymipera_kalubu,((Peramelidae_Isoodon_obesulus,(Peramelidae_Perameles_nasuta,Peramelidae_Perameles_gunnii)),(Thylacomyidae_Macrotis_lagotis,(Notoryctidae_Notoryctes_typhlops,((Myrmecobiidae_Myrmecobius_fasciatus,((Dasyuridae_Sminthopsis_macroura,Dasyuridae_Planigale_tenuirostris),((Dasyuridae_Dasyurus_maculatus,Dasyuridae_Sarcophilus_harrisii),(Dasyuridae_Antechinus_stuartii,(Dasyuridae_Phascogale_tapoatafa,Dasyuridae_Phascogale_calura))))),((Marmosidae_Monodelphis_domestica,Microbiotheriidae_Dromiciops_gliroides),((Phascolarctidae_Phascolarctos_cinereus,(Vombatidae_Lasiorhinus_latifrons,Vombatidae_Vombatus_ursinus)),(((Acrobatidae_Acrobates_pygmaeus,Acrobatidae_Distoechurus_pennatus),(Tarsipedidae_Tarsipes_rostratus,(Pseudochiridae_Petauroides_volans,(Pseudochiridae_Pseudocheirus_peregrinus_north,Pseudochiridae_Pseudochirulus_forbesi)))),(((Burramyidae_Burramys_parvus,Burramyidae_Cercartetus_nanus_northern),(Phalangeridae_Trichosurus_vulpecula,(Phalangeridae_Spilocuscus_maculatus,(Phalangeridae_Strigocuscus_pelengensis,(Phalangeridae_Phalanger_orientalis,Phalangeridae_Phalanger_carmelitae))))),(Hypsiprymnodontidae_Hypsiprymnodon_moschatus,((Macropodidae_Dorcopsulus_vanheurni,(Macropodidae_Onychogalea_fraenata,Macropodidae_Wallabia_bicolor)),(Potoroidae_Aepyprymnus_rufescens,(Potoroidae_Bettongia_penicillata,Potoroidae_Bettongia_lesueur))))))))))))));
Final quartet score is: 37732757
Final normalized quartet score is: 0.8374771031224538
(Peramelidae_Isoodon_obesulus,((Peramelidae_Perameles_nasuta,Peramelidae_Perameles_gunnii)1:1.8040903532021009,((Thylacomyidae_Macrotis_lagotis,(Notoryctidae_Notoryctes_typhlops,((Myrmecobiidae_Myrmecobius_fasciatus,((Dasyuridae_Sminthopsis_macroura,Dasyuridae_Planigale_tenuirostris)1:0.9254417870915126,((Dasyuridae_Dasyurus_maculatus,Dasyuridae_Sarcophilus_harrisii)1:2.276046226294197,(Dasyuridae_Antechinus_stuartii,(Dasyuridae_Phascogale_tapoatafa,Dasyuridae_Phascogale_calura)1:1.5466465261239934)1:1.411478708241379)1:1.1447949792871541)1:1.591165837832062)1:3.7478777035785056,((Marmosidae_Monodelphis_domestica,Microbiotheriidae_Dromiciops_gliroides)1:0.1389424402021303,((Phascolarctidae_Phascolarctos_cinereus,(Vombatidae_Lasiorhinus_latifrons,Vombatidae_Vombatus_ursinus)1:3.0244816868399775)1:2.223857665442485,(((Acrobatidae_Acrobates_pygmaeus,Acrobatidae_Distoechurus_pennatus)1:2.2244356524125832,(Tarsipedidae_Tarsipes_rostratus,(Pseudochiridae_Petauroides_volans,(Pseudochiridae_Pseudocheirus_peregrinus_north,Pseudochiridae_Pseudochirulus_forbesi)1:1.8365146728727124)1:1.8207693330950159)1:0.8258963799428659)1:1.0838148517986201,(((Burramyidae_Burramys_parvus,Burramyidae_Cercartetus_nanus_northern)1:0.9244672412223334,(Phalangeridae_Trichosurus_vulpecula,(Phalangeridae_Spilocuscus_maculatus,(Phalangeridae_Strigocuscus_pelengensis,(Phalangeridae_Phalanger_orientalis,Phalangeridae_Phalanger_carmelitae)1:1.5140431834880237)1:0.22075310773345347)1:1.5828990457342518)1:2.5903898573053765)1:0.4275088609922256,(Hypsiprymnodontidae_Hypsiprymnodon_moschatus,((Macropodidae_Dorcopsulus_vanheurni,(Macropodidae_Onychogalea_fraenata,Macropodidae_Wallabia_bicolor)1:0.14372810775836958)1:1.686196544906446,(Potoroidae_Aepyprymnus_rufescens,(Potoroidae_Bettongia_penicillata,Potoroidae_Bettongia_lesueur)1:1.686639709106032)1:1.88858305848392)1:2.105165234049285)1:2.4692909024374115)0.67:0.03345701152306501)1:0.8110907690287125)1:1.3070741653942206)0.85:0.051228196906531034)1:0.12115028756005389)1:3.8990417462576605)1:2.1897360160975707,(Peramelidae_Echymipera_kalubu,Peramelidae_Peroryctes_raffrayana)1:0.4211749078863468)1:1.7154251908827347));
Weight calculation took 0.7659469 secs
ASTRAL finished in 2.809 secs
