
================== ASTRAL ===================== 

This is ASTRAL version 5.7.3
Gene trees are treated as unrooted
493 trees read from /Users/mezzalinavankan/Documents/Astral/MarsupialsLow/R50marsupials.trs
All output trees will be *arbitrarily* rooted at Peramelidae_Isoodon_obesulus

======== Running the main analysis
Number of taxa: 40 (40 species)
Taxa: [Peramelidae_Isoodon_obesulus, Burramyidae_Burramys_parvus, Pseudochiridae_Petauroides_volans, Burramyidae_Cercartetus_nanus_northern, Acrobatidae_Acrobates_pygmaeus, Acrobatidae_Distoechurus_pennatus, Phalangeridae_Trichosurus_vulpecula, Phalangeridae_Spilocuscus_maculatus, Phalangeridae_Phalanger_carmelitae, Phalangeridae_Strigocuscus_pelengensis, Phalangeridae_Phalanger_orientalis, Potoroidae_Bettongia_penicillata, Potoroidae_Bettongia_lesueur, Potoroidae_Aepyprymnus_rufescens, Macropodidae_Dorcopsulus_vanheurni, Macropodidae_Onychogalea_fraenata, Macropodidae_Wallabia_bicolor, Hypsiprymnodontidae_Hypsiprymnodon_moschatus, Pseudochiridae_Pseudocheirus_peregrinus_north, Pseudochiridae_Pseudochirulus_forbesi, Tarsipedidae_Tarsipes_rostratus, Dasyuridae_Dasyurus_maculatus, Dasyuridae_Sarcophilus_harrisii, Dasyuridae_Phascogale_tapoatafa, Dasyuridae_Phascogale_calura, Dasyuridae_Antechinus_stuartii, Dasyuridae_Sminthopsis_macroura, Dasyuridae_Planigale_tenuirostris, Myrmecobiidae_Myrmecobius_fasciatus, Microbiotheriidae_Dromiciops_gliroides, Marmosidae_Monodelphis_domestica, Notoryctidae_Notoryctes_typhlops, Phascolarctidae_Phascolarctos_cinereus, Vombatidae_Lasiorhinus_latifrons, Vombatidae_Vombatus_ursinus, Peramelidae_Echymipera_kalubu, Peramelidae_Peroryctes_raffrayana, Peramelidae_Perameles_nasuta, Peramelidae_Perameles_gunnii, Thylacomyidae_Macrotis_lagotis]
Taxon occupancy: {Potoroidae_Bettongia_penicillata=493, Potoroidae_Aepyprymnus_rufescens=493, Dasyuridae_Planigale_tenuirostris=493, Phalangeridae_Trichosurus_vulpecula=493, Peramelidae_Echymipera_kalubu=493, Dasyuridae_Phascogale_tapoatafa=493, Phalangeridae_Spilocuscus_maculatus=493, Tarsipedidae_Tarsipes_rostratus=493, Pseudochiridae_Petauroides_volans=493, Vombatidae_Vombatus_ursinus=493, Phalangeridae_Phalanger_carmelitae=493, Phascolarctidae_Phascolarctos_cinereus=493, Peramelidae_Peroryctes_raffrayana=493, Peramelidae_Perameles_gunnii=493, Marmosidae_Monodelphis_domestica=493, Thylacomyidae_Macrotis_lagotis=493, Dasyuridae_Sminthopsis_macroura=493, Acrobatidae_Distoechurus_pennatus=493, Macropodidae_Dorcopsulus_vanheurni=493, Hypsiprymnodontidae_Hypsiprymnodon_moschatus=493, Dasyuridae_Sarcophilus_harrisii=493, Dasyuridae_Dasyurus_maculatus=493, Dasyuridae_Phascogale_calura=493, Burramyidae_Burramys_parvus=493, Macropodidae_Onychogalea_fraenata=493, Pseudochiridae_Pseudocheirus_peregrinus_north=493, Phalangeridae_Phalanger_orientalis=493, Potoroidae_Bettongia_lesueur=493, Microbiotheriidae_Dromiciops_gliroides=493, Phalangeridae_Strigocuscus_pelengensis=493, Dasyuridae_Antechinus_stuartii=493, Pseudochiridae_Pseudochirulus_forbesi=493, Macropodidae_Wallabia_bicolor=493, Peramelidae_Perameles_nasuta=493, Acrobatidae_Acrobates_pygmaeus=493, Myrmecobiidae_Myrmecobius_fasciatus=493, Vombatidae_Lasiorhinus_latifrons=493, Notoryctidae_Notoryctes_typhlops=493, Peramelidae_Isoodon_obesulus=493, Burramyidae_Cercartetus_nanus_northern=493}
Number of gene trees: 493
0 trees have missing taxa
Calculating quartet distance matrix (for completion of X)
Species tree distances calculated ...
Building set of clusters (X) from gene trees 
------------------------------
gradient0: 3859
Number of Clusters after addition by distance: 3859
calculating extra bipartitions to be added at level 1 ...
Adding to X using resolutions of greedy consensus ...
Limit for sigma of degrees:1050
polytomy size limit : 5
discarded polytomies:  [3, 3, 3, 4, 5]
Threshold 0.0:
Threshold 0.01:
Threshold 0.02:
Threshold 0.05:
Threshold 0.1:
polytomy of size 3; rounds with additions with at least 5 support: 0; clusters: 3859
Threshold 0.2:
polytomy of size 3; rounds with additions with at least 5 support: 0; clusters: 3859
polytomy of size 3; rounds with additions with at least 5 support: 0; clusters: 3859
Threshold 0.3333333333333333:
polytomy of size 4; rounds with additions with at least 5 support: 0; clusters: 3859
polytomy of size 5; rounds with additions with at least 5 support: 0; clusters: 3859
max k is :0
Number of Clusters after addition by greedy: 3859
gradient0 in heuristiic: 3859
partitions formed in 1.116 secs
Dynamic Programming starting after 1.116 secs
Using tree-based weight calculation.
Using polytree-based weight calculation.
Polytree max score: 45055270
Polytree building time: 0.211 seconds.
Number of quartet trees in the gene trees: 45055270
Size of largest cluster: 40
Greedy score: 33210765
estimationFactor: 1.3566465572232378
Sub-optimal score: 34796202
Total Number of elements weighted: 12926
Normalized score (portion of input quartet trees satisfied before correcting for multiple individuals): 0.7975174935140773
Optimization score: 35932366
Optimal tree inferred in 2.975 secs.
(Peramelidae_Peroryctes_raffrayana,(Peramelidae_Echymipera_kalubu,((Peramelidae_Isoodon_obesulus,(Peramelidae_Perameles_nasuta,Peramelidae_Perameles_gunnii)),(Thylacomyidae_Macrotis_lagotis,(Notoryctidae_Notoryctes_typhlops,(Marmosidae_Monodelphis_domestica,((Myrmecobiidae_Myrmecobius_fasciatus,((Dasyuridae_Sminthopsis_macroura,Dasyuridae_Planigale_tenuirostris),((Dasyuridae_Dasyurus_maculatus,Dasyuridae_Sarcophilus_harrisii),(Dasyuridae_Antechinus_stuartii,(Dasyuridae_Phascogale_tapoatafa,Dasyuridae_Phascogale_calura))))),(Microbiotheriidae_Dromiciops_gliroides,((Phascolarctidae_Phascolarctos_cinereus,(Vombatidae_Lasiorhinus_latifrons,Vombatidae_Vombatus_ursinus)),(((Acrobatidae_Acrobates_pygmaeus,Acrobatidae_Distoechurus_pennatus),(Tarsipedidae_Tarsipes_rostratus,(Pseudochiridae_Petauroides_volans,(Pseudochiridae_Pseudocheirus_peregrinus_north,Pseudochiridae_Pseudochirulus_forbesi)))),((Hypsiprymnodontidae_Hypsiprymnodon_moschatus,((Potoroidae_Aepyprymnus_rufescens,(Potoroidae_Bettongia_penicillata,Potoroidae_Bettongia_lesueur)),(Macropodidae_Dorcopsulus_vanheurni,(Macropodidae_Onychogalea_fraenata,Macropodidae_Wallabia_bicolor)))),((Burramyidae_Burramys_parvus,Burramyidae_Cercartetus_nanus_northern),(Phalangeridae_Trichosurus_vulpecula,(Phalangeridae_Spilocuscus_maculatus,(Phalangeridae_Strigocuscus_pelengensis,(Phalangeridae_Phalanger_carmelitae,Phalangeridae_Phalanger_orientalis))))))))))))))));
Final quartet score is: 35932366
Final normalized quartet score is: 0.7975174935140773
(Peramelidae_Isoodon_obesulus,((Peramelidae_Perameles_nasuta,Peramelidae_Perameles_gunnii)1:1.5602257842503742,((Thylacomyidae_Macrotis_lagotis,(Notoryctidae_Notoryctes_typhlops,(Marmosidae_Monodelphis_domestica,((Myrmecobiidae_Myrmecobius_fasciatus,((Dasyuridae_Sminthopsis_macroura,Dasyuridae_Planigale_tenuirostris)1:0.6361012336829448,((Dasyuridae_Dasyurus_maculatus,Dasyuridae_Sarcophilus_harrisii)1:1.6801260149404142,(Dasyuridae_Antechinus_stuartii,(Dasyuridae_Phascogale_tapoatafa,Dasyuridae_Phascogale_calura)1:1.3656103165507034)1:1.1287242369262798)1:0.8820416349885437)1:1.207521603994625)1:3.3778934657994792,(Microbiotheriidae_Dromiciops_gliroides,((Phascolarctidae_Phascolarctos_cinereus,(Vombatidae_Lasiorhinus_latifrons,Vombatidae_Vombatus_ursinus)1:2.8540549176981718)1:1.7877072001788337,(((Acrobatidae_Acrobates_pygmaeus,Acrobatidae_Distoechurus_pennatus)1:1.5408321127538025,(Tarsipedidae_Tarsipes_rostratus,(Pseudochiridae_Petauroides_volans,(Pseudochiridae_Pseudocheirus_peregrinus_north,Pseudochiridae_Pseudochirulus_forbesi)1:1.6500821133722356)1:1.3225785467337827)1:0.7345684555893224)1:0.7942542957320772,((Hypsiprymnodontidae_Hypsiprymnodon_moschatus,((Potoroidae_Aepyprymnus_rufescens,(Potoroidae_Bettongia_penicillata,Potoroidae_Bettongia_lesueur)1:1.428307019336242)1:1.4886428263077236,(Macropodidae_Dorcopsulus_vanheurni,(Macropodidae_Onychogalea_fraenata,Macropodidae_Wallabia_bicolor)1:0.11735911851899669)1:1.3672461661491964)1:1.6215959293232063)1:1.945793369826312,((Burramyidae_Burramys_parvus,Burramyidae_Cercartetus_nanus_northern)1:0.7269852768352334,(Phalangeridae_Trichosurus_vulpecula,(Phalangeridae_Spilocuscus_maculatus,(Phalangeridae_Strigocuscus_pelengensis,(Phalangeridae_Phalanger_carmelitae,Phalangeridae_Phalanger_orientalis)1:1.1956911834942148)1:0.10816659326314182)1:1.156533079254377)1:2.256001297481263)1:0.2777722678942369)0.57:0.027482677669119816)1:0.5544468842995531)1:0.8272354083503419)0.82:0.04756276275550778)0.43:0.010257478401316652)1:0.12410516704545449)1:3.6645190420859657)1:1.757206189035229,(Peramelidae_Echymipera_kalubu,Peramelidae_Peroryctes_raffrayana)1:0.38190165765840256)1:1.3484704944376935));
Weight calculation took 1.448467315 secs
ASTRAL finished in 3.519 secs
